[0.026s] Invoking command in '/home/videep/ROS2/projectStuff/ros_bot/build/bme_ros2_navigation': CMAKE_PREFIX_PATH=${CMAKE_PREFIX_PATH}:/home/videep/ROS2/install/py_srvcli:/home/videep/ROS2/install/py_pubsub:/home/videep/ROS2/install/python_parameters:/home/videep/ROS2/install/my_package:/home/videep/ROS2/install/launch_testing_examples:/home/videep/ROS2/install/examples_rclpy_pointcloud_publisher:/home/videep/ROS2/install/examples_rclpy_minimal_subscriber:/home/videep/ROS2/install/examples_rclpy_minimal_service:/home/videep/ROS2/install/examples_rclpy_minimal_publisher:/home/videep/ROS2/install/examples_rclpy_minimal_client:/home/videep/ROS2/install/examples_rclpy_minimal_action_server:/home/videep/ROS2/install/examples_rclpy_minimal_action_client:/home/videep/ROS2/install/examples_rclpy_guard_conditions:/home/videep/ROS2/install/examples_rclpy_executors:/home/videep/ROS2/install/bme_ros2_tutorials_py:/opt/ros/jazzy DEBUGINFOD_URLS=https://debuginfod.ubuntu.com PS1=\[\e]0;\u@\h: \w\a\]${debian_chroot:+($debian_chroot)}\[\033[01;32m\]\u@\h\[\033[00m\]:\[\033[01;34m\]\w\[\033[00m\]\$ /usr/bin/cmake /home/videep/ROS2/projectStuff/ros_bot/src/bme_ros2_navigation -DCMAKE_INSTALL_PREFIX=/home/videep/ROS2/projectStuff/ros_bot/install/bme_ros2_navigation
[0.048s] -- Found ament_cmake: 2.5.4 (/opt/ros/jazzy/share/ament_cmake/cmake)
[0.385s] -- Found ament_lint_auto: 0.17.2 (/opt/ros/jazzy/share/ament_lint_auto/cmake)
[0.425s] Traceback (most recent call last):
[0.425s]   File "/opt/ros/jazzy/share/ament_cmake_core/cmake/core/package_xml_2_cmake.py", line 22, in <module>
[0.426s]     from catkin_pkg.package import parse_package_string
[0.426s] ModuleNotFoundError: No module named 'catkin_pkg'
[0.431s] [31mCMake Error at /opt/ros/jazzy/share/ament_cmake_core/cmake/core/ament_package_xml.cmake:95 (message):
[0.431s]   execute_process(/home/videep/.venvs/videepsenv/bin/python3
[0.432s]   /opt/ros/jazzy/share/ament_cmake_core/cmake/core/package_xml_2_cmake.py
[0.432s]   /home/videep/ROS2/projectStuff/ros_bot/src/bme_ros2_navigation/package.xml
[0.432s]   /home/videep/ROS2/projectStuff/ros_bot/build/bme_ros2_navigation/ament_cmake_core/package.cmake)
[0.432s]   returned error code 1
[0.432s] Call Stack (most recent call first):
[0.432s]   /opt/ros/jazzy/share/ament_cmake_core/cmake/core/ament_package_xml.cmake:49 (_ament_package_xml)
[0.432s]   /opt/ros/jazzy/share/ament_lint_auto/cmake/ament_lint_auto_find_test_dependencies.cmake:31 (ament_package_xml)
[0.432s]   CMakeLists.txt:23 (ament_lint_auto_find_test_dependencies)
[0.432s] 
[0.432s] [0m
[0.433s] -- Configuring incomplete, errors occurred!
[0.438s] Invoked command in '/home/videep/ROS2/projectStuff/ros_bot/build/bme_ros2_navigation' returned '1': CMAKE_PREFIX_PATH=${CMAKE_PREFIX_PATH}:/home/videep/ROS2/install/py_srvcli:/home/videep/ROS2/install/py_pubsub:/home/videep/ROS2/install/python_parameters:/home/videep/ROS2/install/my_package:/home/videep/ROS2/install/launch_testing_examples:/home/videep/ROS2/install/examples_rclpy_pointcloud_publisher:/home/videep/ROS2/install/examples_rclpy_minimal_subscriber:/home/videep/ROS2/install/examples_rclpy_minimal_service:/home/videep/ROS2/install/examples_rclpy_minimal_publisher:/home/videep/ROS2/install/examples_rclpy_minimal_client:/home/videep/ROS2/install/examples_rclpy_minimal_action_server:/home/videep/ROS2/install/examples_rclpy_minimal_action_client:/home/videep/ROS2/install/examples_rclpy_guard_conditions:/home/videep/ROS2/install/examples_rclpy_executors:/home/videep/ROS2/install/bme_ros2_tutorials_py:/opt/ros/jazzy DEBUGINFOD_URLS=https://debuginfod.ubuntu.com PS1=\[\e]0;\u@\h: \w\a\]${debian_chroot:+($debian_chroot)}\[\033[01;32m\]\u@\h\[\033[00m\]:\[\033[01;34m\]\w\[\033[00m\]\$ /usr/bin/cmake /home/videep/ROS2/projectStuff/ros_bot/src/bme_ros2_navigation -DCMAKE_INSTALL_PREFIX=/home/videep/ROS2/projectStuff/ros_bot/install/bme_ros2_navigation
