[0.032s] Invoking command in '/home/videep/ROS2/projectStuff/ros_bot/build/videeps_pkg': CMAKE_PREFIX_PATH=${CMAKE_PREFIX_PATH}:/home/videep/ROS2/install/py_srvcli:/home/videep/ROS2/install/py_pubsub:/home/videep/ROS2/install/python_parameters:/home/videep/ROS2/install/my_package:/home/videep/ROS2/install/launch_testing_examples:/home/videep/ROS2/install/examples_rclpy_pointcloud_publisher:/home/videep/ROS2/install/examples_rclpy_minimal_subscriber:/home/videep/ROS2/install/examples_rclpy_minimal_service:/home/videep/ROS2/install/examples_rclpy_minimal_publisher:/home/videep/ROS2/install/examples_rclpy_minimal_client:/home/videep/ROS2/install/examples_rclpy_minimal_action_server:/home/videep/ROS2/install/examples_rclpy_minimal_action_client:/home/videep/ROS2/install/examples_rclpy_guard_conditions:/home/videep/ROS2/install/examples_rclpy_executors:/home/videep/ROS2/install/bme_ros2_tutorials_py:/opt/ros/jazzy DEBUGINFOD_URLS=https://debuginfod.ubuntu.com PS1=\[\e]0;\u@\h: \w\a\]${debian_chroot:+($debian_chroot)}\[\033[01;32m\]\u@\h\[\033[00m\]:\[\033[01;34m\]\w\[\033[00m\]\$ /usr/bin/cmake /home/videep/ROS2/projectStuff/ros_bot/src/videeps_pkg -DCMAKE_INSTALL_PREFIX=/home/videep/ROS2/projectStuff/ros_bot/install/videeps_pkg
[0.056s] -- Found ament_cmake: 2.5.4 (/opt/ros/jazzy/share/ament_cmake/cmake)
[0.391s] -- Found geometry_msgs: 5.3.6 (/opt/ros/jazzy/share/geometry_msgs/cmake)
[0.441s] -- Found rosidl_generator_c: 4.6.5 (/opt/ros/jazzy/share/rosidl_generator_c/cmake)
[0.454s] -- Found rosidl_generator_cpp: 4.6.5 (/opt/ros/jazzy/share/rosidl_generator_cpp/cmake)
[0.476s] -- Using all available rosidl_typesupport_c: rosidl_typesupport_fastrtps_c;rosidl_typesupport_introspection_c
[0.499s] -- Using all available rosidl_typesupport_cpp: rosidl_typesupport_fastrtps_cpp;rosidl_typesupport_introspection_cpp
[0.566s] -- Found rosidl_default_generators: 1.6.0 (/opt/ros/jazzy/share/rosidl_default_generators/cmake)
[0.584s] -- Found rosidl_adapter: 4.6.5 (/opt/ros/jazzy/share/rosidl_adapter/cmake)
[0.862s] [31mCMake Error at /opt/ros/jazzy/share/rosidl_adapter/cmake/rosidl_adapt_interfaces.cmake:57 (message):
[0.862s]   execute_process(/home/videep/.venvs/videepsenv/bin/python3 -m
[0.862s]   rosidl_adapter --package-name videeps_pkg --arguments-file
[0.863s]   /home/videep/ROS2/projectStuff/ros_bot/build/videeps_pkg/rosidl_adapter__arguments__videeps_pkg.json
[0.863s]   --output-dir
[0.863s]   /home/videep/ROS2/projectStuff/ros_bot/build/videeps_pkg/rosidl_adapter/videeps_pkg
[0.863s]   --output-file
[0.863s]   /home/videep/ROS2/projectStuff/ros_bot/build/videeps_pkg/rosidl_adapter/videeps_pkg.idls)
[0.863s]   returned error code 1:
[0.863s] 
[0.863s]   Traceback (most recent call last):
[0.863s] 
[0.863s]     File "<frozen runpy>", line 198, in _run_module_as_main
[0.863s]     File "<frozen runpy>", line 88, in _run_code
[0.863s]     File "/opt/ros/jazzy/lib/python3.12/site-packages/rosidl_adapter/__main__.py", line 19, in <module>
[0.863s]       sys.exit(main())
[0.864s]                ^^^^^^
[0.864s]     File "/opt/ros/jazzy/lib/python3.12/site-packages/rosidl_adapter/main.py", line 53, in main
[0.864s]       abs_idl_file = convert_to_idl(
[0.864s]                      ^^^^^^^^^^^^^^^
[0.864s]     File "/opt/ros/jazzy/lib/python3.12/site-packages/rosidl_adapter/__init__.py", line 23, in convert_to_idl
[0.864s]       from rosidl_adapter.srv import convert_srv_to_idl
[0.864s]     File "/opt/ros/jazzy/lib/python3.12/site-packages/rosidl_adapter/srv/__init__.py", line 16, in <module>
[0.864s]       from rosidl_adapter.resource import expand_template
[0.864s]     File "/opt/ros/jazzy/lib/python3.12/site-packages/rosidl_adapter/resource/__init__.py", line 19, in <module>
[0.864s]       import em
[0.864s] 
[0.864s]   ModuleNotFoundError: No module named 'em'
[0.864s] 
[0.864s] Call Stack (most recent call first):
[0.865s]   /opt/ros/jazzy/share/rosidl_cmake/cmake/rosidl_generate_interfaces.cmake:132 (rosidl_adapt_interfaces)
[0.865s]   CMakeLists.txt:11 (rosidl_generate_interfaces)
[0.865s] 
[0.865s] [0m
[0.865s] -- Configuring incomplete, errors occurred!
