[0.026s] Invoking command in '/home/videep/ROS2/projectStuff/ros_bot/build/bme_ros2_navigation': CMAKE_PREFIX_PATH=${CMAKE_PREFIX_PATH}:/home/videep/ROS2/install/py_srvcli:/home/videep/ROS2/install/py_pubsub:/home/videep/ROS2/install/python_parameters:/home/videep/ROS2/install/my_package:/home/videep/ROS2/install/launch_testing_examples:/home/videep/ROS2/install/examples_rclpy_pointcloud_publisher:/home/videep/ROS2/install/examples_rclpy_minimal_subscriber:/home/videep/ROS2/install/examples_rclpy_minimal_service:/home/videep/ROS2/install/examples_rclpy_minimal_publisher:/home/videep/ROS2/install/examples_rclpy_minimal_client:/home/videep/ROS2/install/examples_rclpy_minimal_action_server:/home/videep/ROS2/install/examples_rclpy_minimal_action_client:/home/videep/ROS2/install/examples_rclpy_guard_conditions:/home/videep/ROS2/install/examples_rclpy_executors:/home/videep/ROS2/install/bme_ros2_tutorials_py:/opt/ros/jazzy DEBUGINFOD_URLS=https://debuginfod.ubuntu.com PS1=(videepsenv) \[\e]0;\u@\h: \w\a\]${debian_chroot:+($debian_chroot)}\[\033[01;32m\]\u@\h\[\033[00m\]:\[\033[01;34m\]\w\[\033[00m\]\$ VIRTUAL_ENV_PROMPT=(videepsenv) /usr/bin/cmake --build /home/videep/ROS2/projectStuff/ros_bot/build/bme_ros2_navigation -- -j32 -l32
[0.449s] Invoked command in '/home/videep/ROS2/projectStuff/ros_bot/build/bme_ros2_navigation' returned '0': CMAKE_PREFIX_PATH=${CMAKE_PREFIX_PATH}:/home/videep/ROS2/install/py_srvcli:/home/videep/ROS2/install/py_pubsub:/home/videep/ROS2/install/python_parameters:/home/videep/ROS2/install/my_package:/home/videep/ROS2/install/launch_testing_examples:/home/videep/ROS2/install/examples_rclpy_pointcloud_publisher:/home/videep/ROS2/install/examples_rclpy_minimal_subscriber:/home/videep/ROS2/install/examples_rclpy_minimal_service:/home/videep/ROS2/install/examples_rclpy_minimal_publisher:/home/videep/ROS2/install/examples_rclpy_minimal_client:/home/videep/ROS2/install/examples_rclpy_minimal_action_server:/home/videep/ROS2/install/examples_rclpy_minimal_action_client:/home/videep/ROS2/install/examples_rclpy_guard_conditions:/home/videep/ROS2/install/examples_rclpy_executors:/home/videep/ROS2/install/bme_ros2_tutorials_py:/opt/ros/jazzy DEBUGINFOD_URLS=https://debuginfod.ubuntu.com PS1=(videepsenv) \[\e]0;\u@\h: \w\a\]${debian_chroot:+($debian_chroot)}\[\033[01;32m\]\u@\h\[\033[00m\]:\[\033[01;34m\]\w\[\033[00m\]\$ VIRTUAL_ENV_PROMPT=(videepsenv) /usr/bin/cmake --build /home/videep/ROS2/projectStuff/ros_bot/build/bme_ros2_navigation -- -j32 -l32
[0.451s] Invoking command in '/home/videep/ROS2/projectStuff/ros_bot/build/bme_ros2_navigation': CMAKE_PREFIX_PATH=${CMAKE_PREFIX_PATH}:/home/videep/ROS2/install/py_srvcli:/home/videep/ROS2/install/py_pubsub:/home/videep/ROS2/install/python_parameters:/home/videep/ROS2/install/my_package:/home/videep/ROS2/install/launch_testing_examples:/home/videep/ROS2/install/examples_rclpy_pointcloud_publisher:/home/videep/ROS2/install/examples_rclpy_minimal_subscriber:/home/videep/ROS2/install/examples_rclpy_minimal_service:/home/videep/ROS2/install/examples_rclpy_minimal_publisher:/home/videep/ROS2/install/examples_rclpy_minimal_client:/home/videep/ROS2/install/examples_rclpy_minimal_action_server:/home/videep/ROS2/install/examples_rclpy_minimal_action_client:/home/videep/ROS2/install/examples_rclpy_guard_conditions:/home/videep/ROS2/install/examples_rclpy_executors:/home/videep/ROS2/install/bme_ros2_tutorials_py:/opt/ros/jazzy DEBUGINFOD_URLS=https://debuginfod.ubuntu.com PS1=(videepsenv) \[\e]0;\u@\h: \w\a\]${debian_chroot:+($debian_chroot)}\[\033[01;32m\]\u@\h\[\033[00m\]:\[\033[01;34m\]\w\[\033[00m\]\$ VIRTUAL_ENV_PROMPT=(videepsenv) /usr/bin/cmake --install /home/videep/ROS2/projectStuff/ros_bot/build/bme_ros2_navigation
[0.466s] -- Install configuration: ""
[0.466s] -- Up-to-date: /home/videep/ROS2/projectStuff/ros_bot/install/bme_ros2_navigation/share/bme_ros2_navigation/launch
[0.466s] -- Up-to-date: /home/videep/ROS2/projectStuff/ros_bot/install/bme_ros2_navigation/share/bme_ros2_navigation/launch/localization.launch.py
[0.466s] -- Up-to-date: /home/videep/ROS2/projectStuff/ros_bot/install/bme_ros2_navigation/share/bme_ros2_navigation/launch/check_urdf.launch.py
[0.466s] -- Up-to-date: /home/videep/ROS2/projectStuff/ros_bot/install/bme_ros2_navigation/share/bme_ros2_navigation/launch/navigation_with_slam.launch.py
[0.467s] -- Up-to-date: /home/videep/ROS2/projectStuff/ros_bot/install/bme_ros2_navigation/share/bme_ros2_navigation/launch/navigation.launch.py
[0.467s] -- Up-to-date: /home/videep/ROS2/projectStuff/ros_bot/install/bme_ros2_navigation/share/bme_ros2_navigation/launch/spawn_robot.launch.py
[0.467s] -- Up-to-date: /home/videep/ROS2/projectStuff/ros_bot/install/bme_ros2_navigation/share/bme_ros2_navigation/launch/mapping.launch.py
[0.467s] -- Up-to-date: /home/videep/ROS2/projectStuff/ros_bot/install/bme_ros2_navigation/share/bme_ros2_navigation/launch/world.launch.py
[0.467s] -- Up-to-date: /home/videep/ROS2/projectStuff/ros_bot/install/bme_ros2_navigation/share/bme_ros2_navigation/launch/localization_slam_toolbox.launch.py
[0.467s] -- Up-to-date: /home/videep/ROS2/projectStuff/ros_bot/install/bme_ros2_navigation/share/bme_ros2_navigation/worlds
[0.467s] -- Up-to-date: /home/videep/ROS2/projectStuff/ros_bot/install/bme_ros2_navigation/share/bme_ros2_navigation/worlds/empty.sdf
[0.467s] -- Up-to-date: /home/videep/ROS2/projectStuff/ros_bot/install/bme_ros2_navigation/share/bme_ros2_navigation/worlds/home.sdf
[0.467s] -- Up-to-date: /home/videep/ROS2/projectStuff/ros_bot/install/bme_ros2_navigation/share/bme_ros2_navigation/rviz
[0.467s] -- Up-to-date: /home/videep/ROS2/projectStuff/ros_bot/install/bme_ros2_navigation/share/bme_ros2_navigation/rviz/rviz.rviz
[0.467s] -- Up-to-date: /home/videep/ROS2/projectStuff/ros_bot/install/bme_ros2_navigation/share/bme_ros2_navigation/rviz/mapping.rviz
[0.467s] -- Up-to-date: /home/videep/ROS2/projectStuff/ros_bot/install/bme_ros2_navigation/share/bme_ros2_navigation/rviz/localization.rviz
[0.467s] -- Up-to-date: /home/videep/ROS2/projectStuff/ros_bot/install/bme_ros2_navigation/share/bme_ros2_navigation/rviz/urdf.rviz
[0.468s] -- Up-to-date: /home/videep/ROS2/projectStuff/ros_bot/install/bme_ros2_navigation/share/bme_ros2_navigation/rviz/navigation.rviz
[0.468s] -- Up-to-date: /home/videep/ROS2/projectStuff/ros_bot/install/bme_ros2_navigation/share/bme_ros2_navigation/urdf
[0.468s] -- Up-to-date: /home/videep/ROS2/projectStuff/ros_bot/install/bme_ros2_navigation/share/bme_ros2_navigation/urdf/mogi_bot.gazebo
[0.468s] -- Up-to-date: /home/videep/ROS2/projectStuff/ros_bot/install/bme_ros2_navigation/share/bme_ros2_navigation/urdf/mogi_bot.urdf
[0.468s] -- Up-to-date: /home/videep/ROS2/projectStuff/ros_bot/install/bme_ros2_navigation/share/bme_ros2_navigation/urdf/materials.xacro
[0.468s] -- Up-to-date: /home/videep/ROS2/projectStuff/ros_bot/install/bme_ros2_navigation/share/bme_ros2_navigation/meshes
[0.468s] -- Up-to-date: /home/videep/ROS2/projectStuff/ros_bot/install/bme_ros2_navigation/share/bme_ros2_navigation/meshes/wheel.dae
[0.468s] -- Up-to-date: /home/videep/ROS2/projectStuff/ros_bot/install/bme_ros2_navigation/share/bme_ros2_navigation/meshes/mogi_bot.dae
[0.468s] -- Up-to-date: /home/videep/ROS2/projectStuff/ros_bot/install/bme_ros2_navigation/share/bme_ros2_navigation/meshes/lidar.dae
[0.468s] -- Up-to-date: /home/videep/ROS2/projectStuff/ros_bot/install/bme_ros2_navigation/share/bme_ros2_navigation/config
[0.469s] -- Up-to-date: /home/videep/ROS2/projectStuff/ros_bot/install/bme_ros2_navigation/share/bme_ros2_navigation/config/gz_bridge.yaml
[0.469s] -- Up-to-date: /home/videep/ROS2/projectStuff/ros_bot/install/bme_ros2_navigation/share/bme_ros2_navigation/config/slam_toolbox_localization.yaml
[0.469s] -- Up-to-date: /home/videep/ROS2/projectStuff/ros_bot/install/bme_ros2_navigation/share/bme_ros2_navigation/config/waypoints.yaml
[0.469s] -- Up-to-date: /home/videep/ROS2/projectStuff/ros_bot/install/bme_ros2_navigation/share/bme_ros2_navigation/config/ekf.yaml
[0.469s] -- Up-to-date: /home/videep/ROS2/projectStuff/ros_bot/install/bme_ros2_navigation/share/bme_ros2_navigation/config/slam_toolbox_mapping.yaml
[0.469s] -- Up-to-date: /home/videep/ROS2/projectStuff/ros_bot/install/bme_ros2_navigation/share/bme_ros2_navigation/config/navigation.yaml
[0.469s] -- Up-to-date: /home/videep/ROS2/projectStuff/ros_bot/install/bme_ros2_navigation/share/bme_ros2_navigation/config/amcl_localization.yaml
[0.469s] -- Up-to-date: /home/videep/ROS2/projectStuff/ros_bot/install/bme_ros2_navigation/share/bme_ros2_navigation/maps
[0.469s] -- Up-to-date: /home/videep/ROS2/projectStuff/ros_bot/install/bme_ros2_navigation/share/bme_ros2_navigation/maps/my_map.pgm
[0.469s] -- Up-to-date: /home/videep/ROS2/projectStuff/ros_bot/install/bme_ros2_navigation/share/bme_ros2_navigation/maps/my_map.yaml
[0.469s] -- Up-to-date: /home/videep/ROS2/projectStuff/ros_bot/install/bme_ros2_navigation/share/bme_ros2_navigation/maps/serialized.posegraph
[0.470s] -- Up-to-date: /home/videep/ROS2/projectStuff/ros_bot/install/bme_ros2_navigation/share/bme_ros2_navigation/maps/serialized.data
[0.470s] -- Up-to-date: /home/videep/ROS2/projectStuff/ros_bot/install/bme_ros2_navigation/share/ament_index/resource_index/package_run_dependencies/bme_ros2_navigation
[0.470s] -- Up-to-date: /home/videep/ROS2/projectStuff/ros_bot/install/bme_ros2_navigation/share/ament_index/resource_index/parent_prefix_path/bme_ros2_navigation
[0.470s] -- Up-to-date: /home/videep/ROS2/projectStuff/ros_bot/install/bme_ros2_navigation/share/bme_ros2_navigation/environment/ament_prefix_path.sh
[0.470s] -- Up-to-date: /home/videep/ROS2/projectStuff/ros_bot/install/bme_ros2_navigation/share/bme_ros2_navigation/environment/ament_prefix_path.dsv
[0.470s] -- Up-to-date: /home/videep/ROS2/projectStuff/ros_bot/install/bme_ros2_navigation/share/bme_ros2_navigation/environment/path.sh
[0.470s] -- Up-to-date: /home/videep/ROS2/projectStuff/ros_bot/install/bme_ros2_navigation/share/bme_ros2_navigation/environment/path.dsv
[0.470s] -- Up-to-date: /home/videep/ROS2/projectStuff/ros_bot/install/bme_ros2_navigation/share/bme_ros2_navigation/local_setup.bash
[0.470s] -- Up-to-date: /home/videep/ROS2/projectStuff/ros_bot/install/bme_ros2_navigation/share/bme_ros2_navigation/local_setup.sh
[0.470s] -- Up-to-date: /home/videep/ROS2/projectStuff/ros_bot/install/bme_ros2_navigation/share/bme_ros2_navigation/local_setup.zsh
[0.470s] -- Up-to-date: /home/videep/ROS2/projectStuff/ros_bot/install/bme_ros2_navigation/share/bme_ros2_navigation/local_setup.dsv
[0.470s] -- Installing: /home/videep/ROS2/projectStuff/ros_bot/install/bme_ros2_navigation/share/bme_ros2_navigation/package.dsv
[0.471s] -- Up-to-date: /home/videep/ROS2/projectStuff/ros_bot/install/bme_ros2_navigation/share/ament_index/resource_index/packages/bme_ros2_navigation
[0.471s] -- Up-to-date: /home/videep/ROS2/projectStuff/ros_bot/install/bme_ros2_navigation/share/bme_ros2_navigation/cmake/bme_ros2_navigationConfig.cmake
[0.471s] -- Up-to-date: /home/videep/ROS2/projectStuff/ros_bot/install/bme_ros2_navigation/share/bme_ros2_navigation/cmake/bme_ros2_navigationConfig-version.cmake
[0.471s] -- Up-to-date: /home/videep/ROS2/projectStuff/ros_bot/install/bme_ros2_navigation/share/bme_ros2_navigation/package.xml
[0.472s] Invoked command in '/home/videep/ROS2/projectStuff/ros_bot/build/bme_ros2_navigation' returned '0': CMAKE_PREFIX_PATH=${CMAKE_PREFIX_PATH}:/home/videep/ROS2/install/py_srvcli:/home/videep/ROS2/install/py_pubsub:/home/videep/ROS2/install/python_parameters:/home/videep/ROS2/install/my_package:/home/videep/ROS2/install/launch_testing_examples:/home/videep/ROS2/install/examples_rclpy_pointcloud_publisher:/home/videep/ROS2/install/examples_rclpy_minimal_subscriber:/home/videep/ROS2/install/examples_rclpy_minimal_service:/home/videep/ROS2/install/examples_rclpy_minimal_publisher:/home/videep/ROS2/install/examples_rclpy_minimal_client:/home/videep/ROS2/install/examples_rclpy_minimal_action_server:/home/videep/ROS2/install/examples_rclpy_minimal_action_client:/home/videep/ROS2/install/examples_rclpy_guard_conditions:/home/videep/ROS2/install/examples_rclpy_executors:/home/videep/ROS2/install/bme_ros2_tutorials_py:/opt/ros/jazzy DEBUGINFOD_URLS=https://debuginfod.ubuntu.com PS1=(videepsenv) \[\e]0;\u@\h: \w\a\]${debian_chroot:+($debian_chroot)}\[\033[01;32m\]\u@\h\[\033[00m\]:\[\033[01;34m\]\w\[\033[00m\]\$ VIRTUAL_ENV_PROMPT=(videepsenv) /usr/bin/cmake --install /home/videep/ROS2/projectStuff/ros_bot/build/bme_ros2_navigation
