running egg_info
creating ../../build/object_finder/object_finder.egg-info
writing ../../build/object_finder/object_finder.egg-info/PKG-INFO
writing dependency_links to ../../build/object_finder/object_finder.egg-info/dependency_links.txt
writing entry points to ../../build/object_finder/object_finder.egg-info/entry_points.txt
writing requirements to ../../build/object_finder/object_finder.egg-info/requires.txt
writing top-level names to ../../build/object_finder/object_finder.egg-info/top_level.txt
writing manifest file '../../build/object_finder/object_finder.egg-info/SOURCES.txt'
reading manifest file '../../build/object_finder/object_finder.egg-info/SOURCES.txt'
adding license file 'LICENSE'
writing manifest file '../../build/object_finder/object_finder.egg-info/SOURCES.txt'
running build
running build_py
creating /home/videep/ROS2/projectStuff/ros_bot/build/object_finder/build
creating /home/videep/ROS2/projectStuff/ros_bot/build/object_finder/build/lib
creating /home/videep/ROS2/projectStuff/ros_bot/build/object_finder/build/lib/object_finder
copying object_finder/controller_node.py -> /home/videep/ROS2/projectStuff/ros_bot/build/object_finder/build/lib/object_finder
copying object_finder/__init__.py -> /home/videep/ROS2/projectStuff/ros_bot/build/object_finder/build/lib/object_finder
running install
running install_lib
creating /home/videep/ROS2/projectStuff/ros_bot/install/object_finder/lib/python3.12/site-packages/object_finder
copying /home/videep/ROS2/projectStuff/ros_bot/build/object_finder/build/lib/object_finder/controller_node.py -> /home/videep/ROS2/projectStuff/ros_bot/install/object_finder/lib/python3.12/site-packages/object_finder
copying /home/videep/ROS2/projectStuff/ros_bot/build/object_finder/build/lib/object_finder/__init__.py -> /home/videep/ROS2/projectStuff/ros_bot/install/object_finder/lib/python3.12/site-packages/object_finder
byte-compiling /home/videep/ROS2/projectStuff/ros_bot/install/object_finder/lib/python3.12/site-packages/object_finder/controller_node.py to controller_node.cpython-312.pyc
byte-compiling /home/videep/ROS2/projectStuff/ros_bot/install/object_finder/lib/python3.12/site-packages/object_finder/__init__.py to __init__.cpython-312.pyc
running install_data
creating /home/videep/ROS2/projectStuff/ros_bot/install/object_finder/share/ament_index
creating /home/videep/ROS2/projectStuff/ros_bot/install/object_finder/share/ament_index/resource_index
creating /home/videep/ROS2/projectStuff/ros_bot/install/object_finder/share/ament_index/resource_index/packages
copying resource/object_finder -> /home/videep/ROS2/projectStuff/ros_bot/install/object_finder/share/ament_index/resource_index/packages
copying package.xml -> /home/videep/ROS2/projectStuff/ros_bot/install/object_finder/share/object_finder
creating /home/videep/ROS2/projectStuff/ros_bot/install/object_finder/share/object_finder/launch
copying launch/full_launch.py -> /home/videep/ROS2/projectStuff/ros_bot/install/object_finder/share/object_finder/launch
running install_egg_info
Copying ../../build/object_finder/object_finder.egg-info to /home/videep/ROS2/projectStuff/ros_bot/install/object_finder/lib/python3.12/site-packages/object_finder-0.0.0-py3.12.egg-info
running install_scripts
Installing controller_node script to /home/videep/ROS2/projectStuff/ros_bot/install/object_finder/lib/object_finder
writing list of installed files to '/home/videep/ROS2/projectStuff/ros_bot/build/object_finder/install.log'
