running egg_info
writing ../../build/object_finder/object_finder.egg-info/PKG-INFO
writing dependency_links to ../../build/object_finder/object_finder.egg-info/dependency_links.txt
writing entry points to ../../build/object_finder/object_finder.egg-info/entry_points.txt
writing requirements to ../../build/object_finder/object_finder.egg-info/requires.txt
writing top-level names to ../../build/object_finder/object_finder.egg-info/top_level.txt
reading manifest file '../../build/object_finder/object_finder.egg-info/SOURCES.txt'
adding license file 'LICENSE'
writing manifest file '../../build/object_finder/object_finder.egg-info/SOURCES.txt'
running build
running build_py
running install
running install_lib
running install_data
running install_egg_info
removing '/home/videep/ROS2/projectStuff/ros_bot/install/object_finder/lib/python3.12/site-packages/object_finder-0.0.0-py3.12.egg-info' (and everything under it)
Copying ../../build/object_finder/object_finder.egg-info to /home/videep/ROS2/projectStuff/ros_bot/install/object_finder/lib/python3.12/site-packages/object_finder-0.0.0-py3.12.egg-info
running install_scripts
Installing controller_node script to /home/videep/ROS2/projectStuff/ros_bot/install/object_finder/lib/object_finder
writing list of installed files to '/home/videep/ROS2/projectStuff/ros_bot/build/object_finder/install.log'
