[0.119s] DEBUG:colcon:Command line arguments: ['/usr/bin/colcon', 'build']
[0.120s] DEBUG:colcon:Parsed command line arguments: Namespace(log_base=None, log_level=None, verb_name='build', build_base='build', install_base='install', merge_install=False, symlink_install=False, test_result_base=None, continue_on_error=False, executor='parallel', parallel_workers=32, event_handlers=None, ignore_user_meta=False, metas=['./colcon.meta'], base_paths=['.'], packages_ignore=None, packages_ignore_regex=None, paths=None, packages_up_to=None, packages_up_to_regex=None, packages_above=None, packages_above_and_dependencies=None, packages_above_depth=None, packages_select_by_dep=None, packages_skip_by_dep=None, packages_skip_up_to=None, packages_select_build_failed=False, packages_skip_build_finished=False, packages_select_test_failures=False, packages_skip_test_passed=False, packages_select=None, packages_skip=None, packages_select_regex=None, packages_skip_regex=None, packages_start=None, packages_end=None, allow_overriding=[], cmake_args=None, cmake_target=None, cmake_target_skip_unavailable=False, cmake_clean_cache=False, cmake_clean_first=False, cmake_force_configure=False, ament_cmake_args=None, catkin_cmake_args=None, catkin_skip_building_tests=False, mixin_files=None, mixin=None, verb_parser=<colcon_mixin.mixin.mixin_argument.MixinArgumentDecorator object at 0x7f94f0aaf140>, verb_extension=<colcon_core.verb.build.BuildVerb object at 0x7f94f0bcb680>, main=<bound method BuildVerb.main of <colcon_core.verb.build.BuildVerb object at 0x7f94f0bcb680>>, mixin_verb=('build',))
[0.158s] Level 1:colcon.colcon_core.package_discovery:discover_packages(colcon_meta) check parameters
[0.158s] Level 1:colcon.colcon_core.package_discovery:discover_packages(recursive) check parameters
[0.158s] Level 1:colcon.colcon_core.package_discovery:discover_packages(ignore) check parameters
[0.158s] Level 1:colcon.colcon_core.package_discovery:discover_packages(path) check parameters
[0.158s] Level 1:colcon.colcon_core.package_discovery:discover_packages(colcon_meta) discover
[0.158s] Level 1:colcon.colcon_core.package_discovery:discover_packages(recursive) discover
[0.158s] INFO:colcon.colcon_core.package_discovery:Crawling recursively for packages in '/home/videep/ROS2/projectStuff/ros_bot'
[0.158s] Level 1:colcon.colcon_core.package_identification:_identify(.) by extensions ['ignore', 'ignore_ament_install']
[0.158s] Level 1:colcon.colcon_core.package_identification:_identify(.) by extension 'ignore'
[0.158s] Level 1:colcon.colcon_core.package_identification:_identify(.) by extension 'ignore_ament_install'
[0.158s] Level 1:colcon.colcon_core.package_identification:_identify(.) by extensions ['colcon_pkg']
[0.158s] Level 1:colcon.colcon_core.package_identification:_identify(.) by extension 'colcon_pkg'
[0.158s] Level 1:colcon.colcon_core.package_identification:_identify(.) by extensions ['colcon_meta']
[0.158s] Level 1:colcon.colcon_core.package_identification:_identify(.) by extension 'colcon_meta'
[0.158s] Level 1:colcon.colcon_core.package_identification:_identify(.) by extensions ['ros']
[0.158s] Level 1:colcon.colcon_core.package_identification:_identify(.) by extension 'ros'
[0.186s] Level 1:colcon.colcon_core.package_identification:_identify(.) by extensions ['cmake', 'python']
[0.186s] Level 1:colcon.colcon_core.package_identification:_identify(.) by extension 'cmake'
[0.186s] Level 1:colcon.colcon_core.package_identification:_identify(.) by extension 'python'
[0.186s] Level 1:colcon.colcon_core.package_identification:_identify(.) by extensions ['python_setup_py']
[0.186s] Level 1:colcon.colcon_core.package_identification:_identify(.) by extension 'python_setup_py'
[0.186s] Level 1:colcon.colcon_core.package_identification:_identify(build) by extensions ['ignore', 'ignore_ament_install']
[0.186s] Level 1:colcon.colcon_core.package_identification:_identify(build) by extension 'ignore'
[0.186s] Level 1:colcon.colcon_core.package_identification:_identify(build) ignored
[0.186s] Level 1:colcon.colcon_core.package_identification:_identify(install) by extensions ['ignore', 'ignore_ament_install']
[0.186s] Level 1:colcon.colcon_core.package_identification:_identify(install) by extension 'ignore'
[0.186s] Level 1:colcon.colcon_core.package_identification:_identify(install) ignored
[0.187s] Level 1:colcon.colcon_core.package_identification:_identify(log) by extensions ['ignore', 'ignore_ament_install']
[0.187s] Level 1:colcon.colcon_core.package_identification:_identify(log) by extension 'ignore'
[0.187s] Level 1:colcon.colcon_core.package_identification:_identify(log) ignored
[0.187s] Level 1:colcon.colcon_core.package_identification:_identify(src) by extensions ['ignore', 'ignore_ament_install']
[0.187s] Level 1:colcon.colcon_core.package_identification:_identify(src) by extension 'ignore'
[0.187s] Level 1:colcon.colcon_core.package_identification:_identify(src) by extension 'ignore_ament_install'
[0.187s] Level 1:colcon.colcon_core.package_identification:_identify(src) by extensions ['colcon_pkg']
[0.187s] Level 1:colcon.colcon_core.package_identification:_identify(src) by extension 'colcon_pkg'
[0.187s] Level 1:colcon.colcon_core.package_identification:_identify(src) by extensions ['colcon_meta']
[0.187s] Level 1:colcon.colcon_core.package_identification:_identify(src) by extension 'colcon_meta'
[0.187s] Level 1:colcon.colcon_core.package_identification:_identify(src) by extensions ['ros']
[0.187s] Level 1:colcon.colcon_core.package_identification:_identify(src) by extension 'ros'
[0.187s] Level 1:colcon.colcon_core.package_identification:_identify(src) by extensions ['cmake', 'python']
[0.187s] Level 1:colcon.colcon_core.package_identification:_identify(src) by extension 'cmake'
[0.187s] Level 1:colcon.colcon_core.package_identification:_identify(src) by extension 'python'
[0.187s] Level 1:colcon.colcon_core.package_identification:_identify(src) by extensions ['python_setup_py']
[0.187s] Level 1:colcon.colcon_core.package_identification:_identify(src) by extension 'python_setup_py'
[0.187s] Level 1:colcon.colcon_core.package_identification:_identify(src/bme_gazebo_sensors_py) by extensions ['ignore', 'ignore_ament_install']
[0.187s] Level 1:colcon.colcon_core.package_identification:_identify(src/bme_gazebo_sensors_py) by extension 'ignore'
[0.187s] Level 1:colcon.colcon_core.package_identification:_identify(src/bme_gazebo_sensors_py) by extension 'ignore_ament_install'
[0.187s] Level 1:colcon.colcon_core.package_identification:_identify(src/bme_gazebo_sensors_py) by extensions ['colcon_pkg']
[0.187s] Level 1:colcon.colcon_core.package_identification:_identify(src/bme_gazebo_sensors_py) by extension 'colcon_pkg'
[0.187s] Level 1:colcon.colcon_core.package_identification:_identify(src/bme_gazebo_sensors_py) by extensions ['colcon_meta']
[0.188s] Level 1:colcon.colcon_core.package_identification:_identify(src/bme_gazebo_sensors_py) by extension 'colcon_meta'
[0.188s] Level 1:colcon.colcon_core.package_identification:_identify(src/bme_gazebo_sensors_py) by extensions ['ros']
[0.188s] Level 1:colcon.colcon_core.package_identification:_identify(src/bme_gazebo_sensors_py) by extension 'ros'
[0.190s] DEBUG:colcon.colcon_core.package_identification:Package 'src/bme_gazebo_sensors_py' with type 'ros.ament_python' and name 'bme_gazebo_sensors_py'
[0.190s] Level 1:colcon.colcon_core.package_identification:_identify(src/bme_ros2_navigation) by extensions ['ignore', 'ignore_ament_install']
[0.190s] Level 1:colcon.colcon_core.package_identification:_identify(src/bme_ros2_navigation) by extension 'ignore'
[0.190s] Level 1:colcon.colcon_core.package_identification:_identify(src/bme_ros2_navigation) by extension 'ignore_ament_install'
[0.190s] Level 1:colcon.colcon_core.package_identification:_identify(src/bme_ros2_navigation) by extensions ['colcon_pkg']
[0.190s] Level 1:colcon.colcon_core.package_identification:_identify(src/bme_ros2_navigation) by extension 'colcon_pkg'
[0.190s] Level 1:colcon.colcon_core.package_identification:_identify(src/bme_ros2_navigation) by extensions ['colcon_meta']
[0.190s] Level 1:colcon.colcon_core.package_identification:_identify(src/bme_ros2_navigation) by extension 'colcon_meta'
[0.190s] Level 1:colcon.colcon_core.package_identification:_identify(src/bme_ros2_navigation) by extensions ['ros']
[0.190s] Level 1:colcon.colcon_core.package_identification:_identify(src/bme_ros2_navigation) by extension 'ros'
[0.191s] DEBUG:colcon.colcon_core.package_identification:Package 'src/bme_ros2_navigation' with type 'ros.ament_cmake' and name 'bme_ros2_navigation'
[0.191s] Level 1:colcon.colcon_core.package_identification:_identify(src/explore) by extensions ['ignore', 'ignore_ament_install']
[0.191s] Level 1:colcon.colcon_core.package_identification:_identify(src/explore) by extension 'ignore'
[0.191s] Level 1:colcon.colcon_core.package_identification:_identify(src/explore) by extension 'ignore_ament_install'
[0.191s] Level 1:colcon.colcon_core.package_identification:_identify(src/explore) by extensions ['colcon_pkg']
[0.191s] Level 1:colcon.colcon_core.package_identification:_identify(src/explore) by extension 'colcon_pkg'
[0.191s] Level 1:colcon.colcon_core.package_identification:_identify(src/explore) by extensions ['colcon_meta']
[0.191s] Level 1:colcon.colcon_core.package_identification:_identify(src/explore) by extension 'colcon_meta'
[0.191s] Level 1:colcon.colcon_core.package_identification:_identify(src/explore) by extensions ['ros']
[0.191s] Level 1:colcon.colcon_core.package_identification:_identify(src/explore) by extension 'ros'
[0.192s] DEBUG:colcon.colcon_core.package_identification:Package 'src/explore' with type 'ros.ament_cmake' and name 'explore_lite'
[0.192s] Level 1:colcon.colcon_core.package_identification:_identify(src/object_finder) by extensions ['ignore', 'ignore_ament_install']
[0.192s] Level 1:colcon.colcon_core.package_identification:_identify(src/object_finder) by extension 'ignore'
[0.192s] Level 1:colcon.colcon_core.package_identification:_identify(src/object_finder) by extension 'ignore_ament_install'
[0.192s] Level 1:colcon.colcon_core.package_identification:_identify(src/object_finder) by extensions ['colcon_pkg']
[0.192s] Level 1:colcon.colcon_core.package_identification:_identify(src/object_finder) by extension 'colcon_pkg'
[0.193s] Level 1:colcon.colcon_core.package_identification:_identify(src/object_finder) by extensions ['colcon_meta']
[0.193s] Level 1:colcon.colcon_core.package_identification:_identify(src/object_finder) by extension 'colcon_meta'
[0.193s] Level 1:colcon.colcon_core.package_identification:_identify(src/object_finder) by extensions ['ros']
[0.193s] Level 1:colcon.colcon_core.package_identification:_identify(src/object_finder) by extension 'ros'
[0.193s] DEBUG:colcon.colcon_core.package_identification:Package 'src/object_finder' with type 'ros.ament_python' and name 'object_finder'
[0.193s] Level 1:colcon.colcon_core.package_identification:_identify(src/videeps_pkg) by extensions ['ignore', 'ignore_ament_install']
[0.193s] Level 1:colcon.colcon_core.package_identification:_identify(src/videeps_pkg) by extension 'ignore'
[0.193s] Level 1:colcon.colcon_core.package_identification:_identify(src/videeps_pkg) by extension 'ignore_ament_install'
[0.193s] Level 1:colcon.colcon_core.package_identification:_identify(src/videeps_pkg) by extensions ['colcon_pkg']
[0.193s] Level 1:colcon.colcon_core.package_identification:_identify(src/videeps_pkg) by extension 'colcon_pkg'
[0.193s] Level 1:colcon.colcon_core.package_identification:_identify(src/videeps_pkg) by extensions ['colcon_meta']
[0.193s] Level 1:colcon.colcon_core.package_identification:_identify(src/videeps_pkg) by extension 'colcon_meta'
[0.193s] Level 1:colcon.colcon_core.package_identification:_identify(src/videeps_pkg) by extensions ['ros']
[0.194s] Level 1:colcon.colcon_core.package_identification:_identify(src/videeps_pkg) by extension 'ros'
[0.194s] DEBUG:colcon.colcon_core.package_identification:Package 'src/videeps_pkg' with type 'ros.ament_cmake' and name 'videeps_pkg'
[0.194s] Level 1:colcon.colcon_core.package_discovery:discover_packages(recursive) using defaults
[0.194s] Level 1:colcon.colcon_core.package_discovery:discover_packages(ignore) discover
[0.194s] Level 1:colcon.colcon_core.package_discovery:discover_packages(ignore) using defaults
[0.194s] Level 1:colcon.colcon_core.package_discovery:discover_packages(path) discover
[0.194s] Level 1:colcon.colcon_core.package_discovery:discover_packages(path) using defaults
[0.213s] Level 1:colcon.colcon_core.package_discovery:discover_packages(prefix_path) check parameters
[0.214s] Level 1:colcon.colcon_core.package_discovery:discover_packages(prefix_path) discover
[0.218s] DEBUG:colcon.colcon_installed_package_information.package_discovery:Found 40 installed packages in /home/videep/ROS2/install
[0.220s] DEBUG:colcon.colcon_installed_package_information.package_discovery:Found 451 installed packages in /opt/ros/jazzy
[0.221s] Level 1:colcon.colcon_core.package_discovery:discover_packages(prefix_path) using defaults
[0.274s] Level 5:colcon.colcon_core.verb:set package 'bme_ros2_navigation' build argument 'cmake_args' from command line to 'None'
[0.274s] Level 5:colcon.colcon_core.verb:set package 'bme_ros2_navigation' build argument 'cmake_target' from command line to 'None'
[0.274s] Level 5:colcon.colcon_core.verb:set package 'bme_ros2_navigation' build argument 'cmake_target_skip_unavailable' from command line to 'False'
[0.274s] Level 5:colcon.colcon_core.verb:set package 'bme_ros2_navigation' build argument 'cmake_clean_cache' from command line to 'False'
[0.274s] Level 5:colcon.colcon_core.verb:set package 'bme_ros2_navigation' build argument 'cmake_clean_first' from command line to 'False'
[0.274s] Level 5:colcon.colcon_core.verb:set package 'bme_ros2_navigation' build argument 'cmake_force_configure' from command line to 'False'
[0.274s] Level 5:colcon.colcon_core.verb:set package 'bme_ros2_navigation' build argument 'ament_cmake_args' from command line to 'None'
[0.274s] Level 5:colcon.colcon_core.verb:set package 'bme_ros2_navigation' build argument 'catkin_cmake_args' from command line to 'None'
[0.274s] Level 5:colcon.colcon_core.verb:set package 'bme_ros2_navigation' build argument 'catkin_skip_building_tests' from command line to 'False'
[0.274s] DEBUG:colcon.colcon_core.verb:Building package 'bme_ros2_navigation' with the following arguments: {'ament_cmake_args': None, 'build_base': '/home/videep/ROS2/projectStuff/ros_bot/build/bme_ros2_navigation', 'catkin_cmake_args': None, 'catkin_skip_building_tests': False, 'cmake_args': None, 'cmake_clean_cache': False, 'cmake_clean_first': False, 'cmake_force_configure': False, 'cmake_target': None, 'cmake_target_skip_unavailable': False, 'install_base': '/home/videep/ROS2/projectStuff/ros_bot/install/bme_ros2_navigation', 'merge_install': False, 'path': '/home/videep/ROS2/projectStuff/ros_bot/src/bme_ros2_navigation', 'symlink_install': False, 'test_result_base': None}
[0.275s] Level 5:colcon.colcon_core.verb:set package 'explore_lite' build argument 'cmake_args' from command line to 'None'
[0.275s] Level 5:colcon.colcon_core.verb:set package 'explore_lite' build argument 'cmake_target' from command line to 'None'
[0.275s] Level 5:colcon.colcon_core.verb:set package 'explore_lite' build argument 'cmake_target_skip_unavailable' from command line to 'False'
[0.275s] Level 5:colcon.colcon_core.verb:set package 'explore_lite' build argument 'cmake_clean_cache' from command line to 'False'
[0.275s] Level 5:colcon.colcon_core.verb:set package 'explore_lite' build argument 'cmake_clean_first' from command line to 'False'
[0.275s] Level 5:colcon.colcon_core.verb:set package 'explore_lite' build argument 'cmake_force_configure' from command line to 'False'
[0.275s] Level 5:colcon.colcon_core.verb:set package 'explore_lite' build argument 'ament_cmake_args' from command line to 'None'
[0.275s] Level 5:colcon.colcon_core.verb:set package 'explore_lite' build argument 'catkin_cmake_args' from command line to 'None'
[0.275s] Level 5:colcon.colcon_core.verb:set package 'explore_lite' build argument 'catkin_skip_building_tests' from command line to 'False'
[0.275s] DEBUG:colcon.colcon_core.verb:Building package 'explore_lite' with the following arguments: {'ament_cmake_args': None, 'build_base': '/home/videep/ROS2/projectStuff/ros_bot/build/explore_lite', 'catkin_cmake_args': None, 'catkin_skip_building_tests': False, 'cmake_args': None, 'cmake_clean_cache': False, 'cmake_clean_first': False, 'cmake_force_configure': False, 'cmake_target': None, 'cmake_target_skip_unavailable': False, 'install_base': '/home/videep/ROS2/projectStuff/ros_bot/install/explore_lite', 'merge_install': False, 'path': '/home/videep/ROS2/projectStuff/ros_bot/src/explore', 'symlink_install': False, 'test_result_base': None}
[0.275s] Level 5:colcon.colcon_core.verb:set package 'object_finder' build argument 'cmake_args' from command line to 'None'
[0.275s] Level 5:colcon.colcon_core.verb:set package 'object_finder' build argument 'cmake_target' from command line to 'None'
[0.275s] Level 5:colcon.colcon_core.verb:set package 'object_finder' build argument 'cmake_target_skip_unavailable' from command line to 'False'
[0.275s] Level 5:colcon.colcon_core.verb:set package 'object_finder' build argument 'cmake_clean_cache' from command line to 'False'
[0.275s] Level 5:colcon.colcon_core.verb:set package 'object_finder' build argument 'cmake_clean_first' from command line to 'False'
[0.275s] Level 5:colcon.colcon_core.verb:set package 'object_finder' build argument 'cmake_force_configure' from command line to 'False'
[0.275s] Level 5:colcon.colcon_core.verb:set package 'object_finder' build argument 'ament_cmake_args' from command line to 'None'
[0.275s] Level 5:colcon.colcon_core.verb:set package 'object_finder' build argument 'catkin_cmake_args' from command line to 'None'
[0.275s] Level 5:colcon.colcon_core.verb:set package 'object_finder' build argument 'catkin_skip_building_tests' from command line to 'False'
[0.275s] DEBUG:colcon.colcon_core.verb:Building package 'object_finder' with the following arguments: {'ament_cmake_args': None, 'build_base': '/home/videep/ROS2/projectStuff/ros_bot/build/object_finder', 'catkin_cmake_args': None, 'catkin_skip_building_tests': False, 'cmake_args': None, 'cmake_clean_cache': False, 'cmake_clean_first': False, 'cmake_force_configure': False, 'cmake_target': None, 'cmake_target_skip_unavailable': False, 'install_base': '/home/videep/ROS2/projectStuff/ros_bot/install/object_finder', 'merge_install': False, 'path': '/home/videep/ROS2/projectStuff/ros_bot/src/object_finder', 'symlink_install': False, 'test_result_base': None}
[0.275s] Level 5:colcon.colcon_core.verb:set package 'videeps_pkg' build argument 'cmake_args' from command line to 'None'
[0.275s] Level 5:colcon.colcon_core.verb:set package 'videeps_pkg' build argument 'cmake_target' from command line to 'None'
[0.275s] Level 5:colcon.colcon_core.verb:set package 'videeps_pkg' build argument 'cmake_target_skip_unavailable' from command line to 'False'
[0.275s] Level 5:colcon.colcon_core.verb:set package 'videeps_pkg' build argument 'cmake_clean_cache' from command line to 'False'
[0.275s] Level 5:colcon.colcon_core.verb:set package 'videeps_pkg' build argument 'cmake_clean_first' from command line to 'False'
[0.275s] Level 5:colcon.colcon_core.verb:set package 'videeps_pkg' build argument 'cmake_force_configure' from command line to 'False'
[0.275s] Level 5:colcon.colcon_core.verb:set package 'videeps_pkg' build argument 'ament_cmake_args' from command line to 'None'
[0.275s] Level 5:colcon.colcon_core.verb:set package 'videeps_pkg' build argument 'catkin_cmake_args' from command line to 'None'
[0.276s] Level 5:colcon.colcon_core.verb:set package 'videeps_pkg' build argument 'catkin_skip_building_tests' from command line to 'False'
[0.276s] DEBUG:colcon.colcon_core.verb:Building package 'videeps_pkg' with the following arguments: {'ament_cmake_args': None, 'build_base': '/home/videep/ROS2/projectStuff/ros_bot/build/videeps_pkg', 'catkin_cmake_args': None, 'catkin_skip_building_tests': False, 'cmake_args': None, 'cmake_clean_cache': False, 'cmake_clean_first': False, 'cmake_force_configure': False, 'cmake_target': None, 'cmake_target_skip_unavailable': False, 'install_base': '/home/videep/ROS2/projectStuff/ros_bot/install/videeps_pkg', 'merge_install': False, 'path': '/home/videep/ROS2/projectStuff/ros_bot/src/videeps_pkg', 'symlink_install': False, 'test_result_base': None}
[0.276s] Level 5:colcon.colcon_core.verb:set package 'bme_gazebo_sensors_py' build argument 'cmake_args' from command line to 'None'
[0.276s] Level 5:colcon.colcon_core.verb:set package 'bme_gazebo_sensors_py' build argument 'cmake_target' from command line to 'None'
[0.276s] Level 5:colcon.colcon_core.verb:set package 'bme_gazebo_sensors_py' build argument 'cmake_target_skip_unavailable' from command line to 'False'
[0.276s] Level 5:colcon.colcon_core.verb:set package 'bme_gazebo_sensors_py' build argument 'cmake_clean_cache' from command line to 'False'
[0.276s] Level 5:colcon.colcon_core.verb:set package 'bme_gazebo_sensors_py' build argument 'cmake_clean_first' from command line to 'False'
[0.276s] Level 5:colcon.colcon_core.verb:set package 'bme_gazebo_sensors_py' build argument 'cmake_force_configure' from command line to 'False'
[0.276s] Level 5:colcon.colcon_core.verb:set package 'bme_gazebo_sensors_py' build argument 'ament_cmake_args' from command line to 'None'
[0.276s] Level 5:colcon.colcon_core.verb:set package 'bme_gazebo_sensors_py' build argument 'catkin_cmake_args' from command line to 'None'
[0.276s] Level 5:colcon.colcon_core.verb:set package 'bme_gazebo_sensors_py' build argument 'catkin_skip_building_tests' from command line to 'False'
[0.276s] DEBUG:colcon.colcon_core.verb:Building package 'bme_gazebo_sensors_py' with the following arguments: {'ament_cmake_args': None, 'build_base': '/home/videep/ROS2/projectStuff/ros_bot/build/bme_gazebo_sensors_py', 'catkin_cmake_args': None, 'catkin_skip_building_tests': False, 'cmake_args': None, 'cmake_clean_cache': False, 'cmake_clean_first': False, 'cmake_force_configure': False, 'cmake_target': None, 'cmake_target_skip_unavailable': False, 'install_base': '/home/videep/ROS2/projectStuff/ros_bot/install/bme_gazebo_sensors_py', 'merge_install': False, 'path': '/home/videep/ROS2/projectStuff/ros_bot/src/bme_gazebo_sensors_py', 'symlink_install': False, 'test_result_base': None}
[0.276s] INFO:colcon.colcon_core.executor:Executing jobs using 'parallel' executor
[0.277s] DEBUG:colcon.colcon_parallel_executor.executor.parallel:run_until_complete
[0.277s] INFO:colcon.colcon_ros.task.ament_cmake.build:Building ROS package in '/home/videep/ROS2/projectStuff/ros_bot/src/videeps_pkg' with build type 'ament_cmake'
[0.277s] INFO:colcon.colcon_cmake.task.cmake.build:Building CMake package in '/home/videep/ROS2/projectStuff/ros_bot/src/videeps_pkg'
[0.279s] INFO:colcon.colcon_core.plugin_system:Skipping extension 'colcon_core.shell.bat': Not used on non-Windows systems
[0.280s] INFO:colcon.colcon_core.shell:Skip shell extension 'powershell' for command environment: Not usable outside of PowerShell
[0.280s] DEBUG:colcon.colcon_core.shell:Skip shell extension 'dsv' for command environment
[0.285s] INFO:colcon.colcon_ros.task.ament_cmake.build:Building ROS package in '/home/videep/ROS2/projectStuff/ros_bot/src/bme_ros2_navigation' with build type 'ament_cmake'
[0.285s] INFO:colcon.colcon_cmake.task.cmake.build:Building CMake package in '/home/videep/ROS2/projectStuff/ros_bot/src/bme_ros2_navigation'
[0.286s] INFO:colcon.colcon_core.shell:Skip shell extension 'powershell' for command environment: Not usable outside of PowerShell
[0.286s] DEBUG:colcon.colcon_core.shell:Skip shell extension 'dsv' for command environment
[0.291s] INFO:colcon.colcon_ros.task.ament_cmake.build:Building ROS package in '/home/videep/ROS2/projectStuff/ros_bot/src/explore' with build type 'ament_cmake'
[0.291s] INFO:colcon.colcon_cmake.task.cmake.build:Building CMake package in '/home/videep/ROS2/projectStuff/ros_bot/src/explore'
[0.291s] INFO:colcon.colcon_core.shell:Skip shell extension 'powershell' for command environment: Not usable outside of PowerShell
[0.291s] DEBUG:colcon.colcon_core.shell:Skip shell extension 'dsv' for command environment
[0.297s] INFO:colcon.colcon_ros.task.ament_python.build:Building ROS package in '/home/videep/ROS2/projectStuff/ros_bot/src/object_finder' with build type 'ament_python'
[0.297s] Level 1:colcon.colcon_core.shell:create_environment_hook('object_finder', 'ament_prefix_path')
[0.297s] INFO:colcon.colcon_core.shell:Creating environment hook '/home/videep/ROS2/projectStuff/ros_bot/install/object_finder/share/object_finder/hook/ament_prefix_path.ps1'
[0.298s] INFO:colcon.colcon_core.shell:Creating environment descriptor '/home/videep/ROS2/projectStuff/ros_bot/install/object_finder/share/object_finder/hook/ament_prefix_path.dsv'
[0.298s] INFO:colcon.colcon_core.shell:Creating environment hook '/home/videep/ROS2/projectStuff/ros_bot/install/object_finder/share/object_finder/hook/ament_prefix_path.sh'
[0.299s] INFO:colcon.colcon_core.shell:Skip shell extension 'powershell' for command environment: Not usable outside of PowerShell
[0.299s] DEBUG:colcon.colcon_core.shell:Skip shell extension 'dsv' for command environment
[0.310s] DEBUG:colcon.colcon_core.event_handler.log_command:Invoking command in '/home/videep/ROS2/projectStuff/ros_bot/build/videeps_pkg': CMAKE_PREFIX_PATH=${CMAKE_PREFIX_PATH}:/home/videep/ROS2/install/py_srvcli:/home/videep/ROS2/install/py_pubsub:/home/videep/ROS2/install/python_parameters:/home/videep/ROS2/install/my_package:/home/videep/ROS2/install/launch_testing_examples:/home/videep/ROS2/install/examples_rclpy_pointcloud_publisher:/home/videep/ROS2/install/examples_rclpy_minimal_subscriber:/home/videep/ROS2/install/examples_rclpy_minimal_service:/home/videep/ROS2/install/examples_rclpy_minimal_publisher:/home/videep/ROS2/install/examples_rclpy_minimal_client:/home/videep/ROS2/install/examples_rclpy_minimal_action_server:/home/videep/ROS2/install/examples_rclpy_minimal_action_client:/home/videep/ROS2/install/examples_rclpy_guard_conditions:/home/videep/ROS2/install/examples_rclpy_executors:/home/videep/ROS2/install/bme_ros2_tutorials_py:/opt/ros/jazzy DEBUGINFOD_URLS=https://debuginfod.ubuntu.com PS1=(videepsenv) \[\e]0;\u@\h: \w\a\]${debian_chroot:+($debian_chroot)}\[\033[01;32m\]\u@\h\[\033[00m\]:\[\033[01;34m\]\w\[\033[00m\]\$ VIRTUAL_ENV_PROMPT=(videepsenv) /usr/bin/cmake --build /home/videep/ROS2/projectStuff/ros_bot/build/videeps_pkg -- -j32 -l32
[0.312s] DEBUG:colcon.colcon_core.event_handler.log_command:Invoking command in '/home/videep/ROS2/projectStuff/ros_bot/build/bme_ros2_navigation': CMAKE_PREFIX_PATH=${CMAKE_PREFIX_PATH}:/home/videep/ROS2/install/py_srvcli:/home/videep/ROS2/install/py_pubsub:/home/videep/ROS2/install/python_parameters:/home/videep/ROS2/install/my_package:/home/videep/ROS2/install/launch_testing_examples:/home/videep/ROS2/install/examples_rclpy_pointcloud_publisher:/home/videep/ROS2/install/examples_rclpy_minimal_subscriber:/home/videep/ROS2/install/examples_rclpy_minimal_service:/home/videep/ROS2/install/examples_rclpy_minimal_publisher:/home/videep/ROS2/install/examples_rclpy_minimal_client:/home/videep/ROS2/install/examples_rclpy_minimal_action_server:/home/videep/ROS2/install/examples_rclpy_minimal_action_client:/home/videep/ROS2/install/examples_rclpy_guard_conditions:/home/videep/ROS2/install/examples_rclpy_executors:/home/videep/ROS2/install/bme_ros2_tutorials_py:/opt/ros/jazzy DEBUGINFOD_URLS=https://debuginfod.ubuntu.com PS1=(videepsenv) \[\e]0;\u@\h: \w\a\]${debian_chroot:+($debian_chroot)}\[\033[01;32m\]\u@\h\[\033[00m\]:\[\033[01;34m\]\w\[\033[00m\]\$ VIRTUAL_ENV_PROMPT=(videepsenv) /usr/bin/cmake --build /home/videep/ROS2/projectStuff/ros_bot/build/bme_ros2_navigation -- -j32 -l32
[0.314s] DEBUG:colcon.colcon_core.event_handler.log_command:Invoking command in '/home/videep/ROS2/projectStuff/ros_bot/build/explore_lite': CMAKE_PREFIX_PATH=${CMAKE_PREFIX_PATH}:/home/videep/ROS2/install/py_srvcli:/home/videep/ROS2/install/py_pubsub:/home/videep/ROS2/install/python_parameters:/home/videep/ROS2/install/my_package:/home/videep/ROS2/install/launch_testing_examples:/home/videep/ROS2/install/examples_rclpy_pointcloud_publisher:/home/videep/ROS2/install/examples_rclpy_minimal_subscriber:/home/videep/ROS2/install/examples_rclpy_minimal_service:/home/videep/ROS2/install/examples_rclpy_minimal_publisher:/home/videep/ROS2/install/examples_rclpy_minimal_client:/home/videep/ROS2/install/examples_rclpy_minimal_action_server:/home/videep/ROS2/install/examples_rclpy_minimal_action_client:/home/videep/ROS2/install/examples_rclpy_guard_conditions:/home/videep/ROS2/install/examples_rclpy_executors:/home/videep/ROS2/install/bme_ros2_tutorials_py:/opt/ros/jazzy DEBUGINFOD_URLS=https://debuginfod.ubuntu.com PS1=(videepsenv) \[\e]0;\u@\h: \w\a\]${debian_chroot:+($debian_chroot)}\[\033[01;32m\]\u@\h\[\033[00m\]:\[\033[01;34m\]\w\[\033[00m\]\$ VIRTUAL_ENV_PROMPT=(videepsenv) /usr/bin/cmake --build /home/videep/ROS2/projectStuff/ros_bot/build/explore_lite -- -j32 -l32
[0.703s] INFO:colcon.colcon_core.task.python.build:Building Python package in '/home/videep/ROS2/projectStuff/ros_bot/src/object_finder'
[0.704s] INFO:colcon.colcon_core.shell:Skip shell extension 'powershell' for command environment: Not usable outside of PowerShell
[0.704s] DEBUG:colcon.colcon_core.shell:Skip shell extension 'dsv' for command environment
[0.715s] DEBUG:colcon.colcon_core.event_handler.log_command:Invoked command in '/home/videep/ROS2/projectStuff/ros_bot/build/explore_lite' returned '0': CMAKE_PREFIX_PATH=${CMAKE_PREFIX_PATH}:/home/videep/ROS2/install/py_srvcli:/home/videep/ROS2/install/py_pubsub:/home/videep/ROS2/install/python_parameters:/home/videep/ROS2/install/my_package:/home/videep/ROS2/install/launch_testing_examples:/home/videep/ROS2/install/examples_rclpy_pointcloud_publisher:/home/videep/ROS2/install/examples_rclpy_minimal_subscriber:/home/videep/ROS2/install/examples_rclpy_minimal_service:/home/videep/ROS2/install/examples_rclpy_minimal_publisher:/home/videep/ROS2/install/examples_rclpy_minimal_client:/home/videep/ROS2/install/examples_rclpy_minimal_action_server:/home/videep/ROS2/install/examples_rclpy_minimal_action_client:/home/videep/ROS2/install/examples_rclpy_guard_conditions:/home/videep/ROS2/install/examples_rclpy_executors:/home/videep/ROS2/install/bme_ros2_tutorials_py:/opt/ros/jazzy DEBUGINFOD_URLS=https://debuginfod.ubuntu.com PS1=(videepsenv) \[\e]0;\u@\h: \w\a\]${debian_chroot:+($debian_chroot)}\[\033[01;32m\]\u@\h\[\033[00m\]:\[\033[01;34m\]\w\[\033[00m\]\$ VIRTUAL_ENV_PROMPT=(videepsenv) /usr/bin/cmake --build /home/videep/ROS2/projectStuff/ros_bot/build/explore_lite -- -j32 -l32
[0.734s] DEBUG:colcon.colcon_core.event_handler.log_command:Invoking command in '/home/videep/ROS2/projectStuff/ros_bot/build/explore_lite': CMAKE_PREFIX_PATH=${CMAKE_PREFIX_PATH}:/home/videep/ROS2/install/py_srvcli:/home/videep/ROS2/install/py_pubsub:/home/videep/ROS2/install/python_parameters:/home/videep/ROS2/install/my_package:/home/videep/ROS2/install/launch_testing_examples:/home/videep/ROS2/install/examples_rclpy_pointcloud_publisher:/home/videep/ROS2/install/examples_rclpy_minimal_subscriber:/home/videep/ROS2/install/examples_rclpy_minimal_service:/home/videep/ROS2/install/examples_rclpy_minimal_publisher:/home/videep/ROS2/install/examples_rclpy_minimal_client:/home/videep/ROS2/install/examples_rclpy_minimal_action_server:/home/videep/ROS2/install/examples_rclpy_minimal_action_client:/home/videep/ROS2/install/examples_rclpy_guard_conditions:/home/videep/ROS2/install/examples_rclpy_executors:/home/videep/ROS2/install/bme_ros2_tutorials_py:/opt/ros/jazzy DEBUGINFOD_URLS=https://debuginfod.ubuntu.com PS1=(videepsenv) \[\e]0;\u@\h: \w\a\]${debian_chroot:+($debian_chroot)}\[\033[01;32m\]\u@\h\[\033[00m\]:\[\033[01;34m\]\w\[\033[00m\]\$ VIRTUAL_ENV_PROMPT=(videepsenv) /usr/bin/cmake --install /home/videep/ROS2/projectStuff/ros_bot/build/explore_lite
[0.735s] DEBUG:colcon.colcon_core.event_handler.log_command:Invoked command in '/home/videep/ROS2/projectStuff/ros_bot/build/bme_ros2_navigation' returned '0': CMAKE_PREFIX_PATH=${CMAKE_PREFIX_PATH}:/home/videep/ROS2/install/py_srvcli:/home/videep/ROS2/install/py_pubsub:/home/videep/ROS2/install/python_parameters:/home/videep/ROS2/install/my_package:/home/videep/ROS2/install/launch_testing_examples:/home/videep/ROS2/install/examples_rclpy_pointcloud_publisher:/home/videep/ROS2/install/examples_rclpy_minimal_subscriber:/home/videep/ROS2/install/examples_rclpy_minimal_service:/home/videep/ROS2/install/examples_rclpy_minimal_publisher:/home/videep/ROS2/install/examples_rclpy_minimal_client:/home/videep/ROS2/install/examples_rclpy_minimal_action_server:/home/videep/ROS2/install/examples_rclpy_minimal_action_client:/home/videep/ROS2/install/examples_rclpy_guard_conditions:/home/videep/ROS2/install/examples_rclpy_executors:/home/videep/ROS2/install/bme_ros2_tutorials_py:/opt/ros/jazzy DEBUGINFOD_URLS=https://debuginfod.ubuntu.com PS1=(videepsenv) \[\e]0;\u@\h: \w\a\]${debian_chroot:+($debian_chroot)}\[\033[01;32m\]\u@\h\[\033[00m\]:\[\033[01;34m\]\w\[\033[00m\]\$ VIRTUAL_ENV_PROMPT=(videepsenv) /usr/bin/cmake --build /home/videep/ROS2/projectStuff/ros_bot/build/bme_ros2_navigation -- -j32 -l32
[0.737s] DEBUG:colcon.colcon_core.event_handler.log_command:Invoking command in '/home/videep/ROS2/projectStuff/ros_bot/build/bme_ros2_navigation': CMAKE_PREFIX_PATH=${CMAKE_PREFIX_PATH}:/home/videep/ROS2/install/py_srvcli:/home/videep/ROS2/install/py_pubsub:/home/videep/ROS2/install/python_parameters:/home/videep/ROS2/install/my_package:/home/videep/ROS2/install/launch_testing_examples:/home/videep/ROS2/install/examples_rclpy_pointcloud_publisher:/home/videep/ROS2/install/examples_rclpy_minimal_subscriber:/home/videep/ROS2/install/examples_rclpy_minimal_service:/home/videep/ROS2/install/examples_rclpy_minimal_publisher:/home/videep/ROS2/install/examples_rclpy_minimal_client:/home/videep/ROS2/install/examples_rclpy_minimal_action_server:/home/videep/ROS2/install/examples_rclpy_minimal_action_client:/home/videep/ROS2/install/examples_rclpy_guard_conditions:/home/videep/ROS2/install/examples_rclpy_executors:/home/videep/ROS2/install/bme_ros2_tutorials_py:/opt/ros/jazzy DEBUGINFOD_URLS=https://debuginfod.ubuntu.com PS1=(videepsenv) \[\e]0;\u@\h: \w\a\]${debian_chroot:+($debian_chroot)}\[\033[01;32m\]\u@\h\[\033[00m\]:\[\033[01;34m\]\w\[\033[00m\]\$ VIRTUAL_ENV_PROMPT=(videepsenv) /usr/bin/cmake --install /home/videep/ROS2/projectStuff/ros_bot/build/bme_ros2_navigation
[0.758s] Level 1:colcon.colcon_core.environment:create_environment_scripts_only(bme_ros2_navigation)
[0.758s] DEBUG:colcon.colcon_core.event_handler.log_command:Invoked command in '/home/videep/ROS2/projectStuff/ros_bot/build/bme_ros2_navigation' returned '0': CMAKE_PREFIX_PATH=${CMAKE_PREFIX_PATH}:/home/videep/ROS2/install/py_srvcli:/home/videep/ROS2/install/py_pubsub:/home/videep/ROS2/install/python_parameters:/home/videep/ROS2/install/my_package:/home/videep/ROS2/install/launch_testing_examples:/home/videep/ROS2/install/examples_rclpy_pointcloud_publisher:/home/videep/ROS2/install/examples_rclpy_minimal_subscriber:/home/videep/ROS2/install/examples_rclpy_minimal_service:/home/videep/ROS2/install/examples_rclpy_minimal_publisher:/home/videep/ROS2/install/examples_rclpy_minimal_client:/home/videep/ROS2/install/examples_rclpy_minimal_action_server:/home/videep/ROS2/install/examples_rclpy_minimal_action_client:/home/videep/ROS2/install/examples_rclpy_guard_conditions:/home/videep/ROS2/install/examples_rclpy_executors:/home/videep/ROS2/install/bme_ros2_tutorials_py:/opt/ros/jazzy DEBUGINFOD_URLS=https://debuginfod.ubuntu.com PS1=(videepsenv) \[\e]0;\u@\h: \w\a\]${debian_chroot:+($debian_chroot)}\[\033[01;32m\]\u@\h\[\033[00m\]:\[\033[01;34m\]\w\[\033[00m\]\$ VIRTUAL_ENV_PROMPT=(videepsenv) /usr/bin/cmake --install /home/videep/ROS2/projectStuff/ros_bot/build/bme_ros2_navigation
[0.761s] Level 1:colcon.colcon_core.environment:checking '/home/videep/ROS2/projectStuff/ros_bot/install/bme_ros2_navigation' for CMake module files
[0.762s] Level 1:colcon.colcon_core.environment:checking '/home/videep/ROS2/projectStuff/ros_bot/install/bme_ros2_navigation' for CMake config files
[0.762s] Level 1:colcon.colcon_core.shell:create_environment_hook('bme_ros2_navigation', 'cmake_prefix_path')
[0.763s] INFO:colcon.colcon_core.shell:Creating environment hook '/home/videep/ROS2/projectStuff/ros_bot/install/bme_ros2_navigation/share/bme_ros2_navigation/hook/cmake_prefix_path.ps1'
[0.763s] INFO:colcon.colcon_core.shell:Creating environment descriptor '/home/videep/ROS2/projectStuff/ros_bot/install/bme_ros2_navigation/share/bme_ros2_navigation/hook/cmake_prefix_path.dsv'
[0.764s] INFO:colcon.colcon_core.shell:Creating environment hook '/home/videep/ROS2/projectStuff/ros_bot/install/bme_ros2_navigation/share/bme_ros2_navigation/hook/cmake_prefix_path.sh'
[0.765s] Level 1:colcon.colcon_core.environment:checking '/home/videep/ROS2/projectStuff/ros_bot/install/bme_ros2_navigation/bin'
[0.765s] Level 1:colcon.colcon_core.environment:checking '/home/videep/ROS2/projectStuff/ros_bot/install/bme_ros2_navigation/lib/pkgconfig/bme_ros2_navigation.pc'
[0.766s] Level 1:colcon.colcon_core.environment:checking '/home/videep/ROS2/projectStuff/ros_bot/install/bme_ros2_navigation/lib/python3.12/site-packages'
[0.766s] Level 1:colcon.colcon_core.environment:checking '/home/videep/ROS2/projectStuff/ros_bot/install/bme_ros2_navigation/bin'
[0.766s] INFO:colcon.colcon_core.shell:Creating package script '/home/videep/ROS2/projectStuff/ros_bot/install/bme_ros2_navigation/share/bme_ros2_navigation/package.ps1'
[0.767s] INFO:colcon.colcon_core.shell:Creating package descriptor '/home/videep/ROS2/projectStuff/ros_bot/install/bme_ros2_navigation/share/bme_ros2_navigation/package.dsv'
[0.768s] INFO:colcon.colcon_core.shell:Creating package script '/home/videep/ROS2/projectStuff/ros_bot/install/bme_ros2_navigation/share/bme_ros2_navigation/package.sh'
[0.769s] INFO:colcon.colcon_core.shell:Creating package script '/home/videep/ROS2/projectStuff/ros_bot/install/bme_ros2_navigation/share/bme_ros2_navigation/package.bash'
[0.770s] INFO:colcon.colcon_core.shell:Creating package script '/home/videep/ROS2/projectStuff/ros_bot/install/bme_ros2_navigation/share/bme_ros2_navigation/package.zsh'
[0.771s] Level 1:colcon.colcon_core.environment:create_file_with_runtime_dependencies(/home/videep/ROS2/projectStuff/ros_bot/install/bme_ros2_navigation/share/colcon-core/packages/bme_ros2_navigation)
[0.771s] Level 1:colcon.colcon_core.environment:create_environment_scripts_only(bme_ros2_navigation)
[0.771s] Level 1:colcon.colcon_core.environment:checking '/home/videep/ROS2/projectStuff/ros_bot/install/bme_ros2_navigation' for CMake module files
[0.773s] Level 1:colcon.colcon_core.environment:checking '/home/videep/ROS2/projectStuff/ros_bot/install/bme_ros2_navigation' for CMake config files
[0.776s] Level 1:colcon.colcon_core.shell:create_environment_hook('bme_ros2_navigation', 'cmake_prefix_path')
[0.776s] INFO:colcon.colcon_core.shell:Creating environment hook '/home/videep/ROS2/projectStuff/ros_bot/install/bme_ros2_navigation/share/bme_ros2_navigation/hook/cmake_prefix_path.ps1'
[0.777s] INFO:colcon.colcon_core.shell:Creating environment descriptor '/home/videep/ROS2/projectStuff/ros_bot/install/bme_ros2_navigation/share/bme_ros2_navigation/hook/cmake_prefix_path.dsv'
[0.777s] INFO:colcon.colcon_core.shell:Creating environment hook '/home/videep/ROS2/projectStuff/ros_bot/install/bme_ros2_navigation/share/bme_ros2_navigation/hook/cmake_prefix_path.sh'
[0.778s] Level 1:colcon.colcon_core.environment:checking '/home/videep/ROS2/projectStuff/ros_bot/install/bme_ros2_navigation/bin'
[0.778s] Level 1:colcon.colcon_core.environment:checking '/home/videep/ROS2/projectStuff/ros_bot/install/bme_ros2_navigation/lib/pkgconfig/bme_ros2_navigation.pc'
[0.778s] Level 1:colcon.colcon_core.environment:checking '/home/videep/ROS2/projectStuff/ros_bot/install/bme_ros2_navigation/lib/python3.12/site-packages'
[0.779s] Level 1:colcon.colcon_core.environment:checking '/home/videep/ROS2/projectStuff/ros_bot/install/bme_ros2_navigation/bin'
[0.779s] INFO:colcon.colcon_core.shell:Creating package script '/home/videep/ROS2/projectStuff/ros_bot/install/bme_ros2_navigation/share/bme_ros2_navigation/package.ps1'
[0.780s] INFO:colcon.colcon_core.shell:Creating package descriptor '/home/videep/ROS2/projectStuff/ros_bot/install/bme_ros2_navigation/share/bme_ros2_navigation/package.dsv'
[0.780s] INFO:colcon.colcon_core.shell:Creating package script '/home/videep/ROS2/projectStuff/ros_bot/install/bme_ros2_navigation/share/bme_ros2_navigation/package.sh'
[0.781s] INFO:colcon.colcon_core.shell:Creating package script '/home/videep/ROS2/projectStuff/ros_bot/install/bme_ros2_navigation/share/bme_ros2_navigation/package.bash'
[0.781s] INFO:colcon.colcon_core.shell:Creating package script '/home/videep/ROS2/projectStuff/ros_bot/install/bme_ros2_navigation/share/bme_ros2_navigation/package.zsh'
[0.782s] Level 1:colcon.colcon_core.environment:create_file_with_runtime_dependencies(/home/videep/ROS2/projectStuff/ros_bot/install/bme_ros2_navigation/share/colcon-core/packages/bme_ros2_navigation)
[0.783s] Level 1:colcon.colcon_core.environment:create_environment_scripts_only(explore_lite)
[0.784s] DEBUG:colcon.colcon_core.event_handler.log_command:Invoked command in '/home/videep/ROS2/projectStuff/ros_bot/build/explore_lite' returned '0': CMAKE_PREFIX_PATH=${CMAKE_PREFIX_PATH}:/home/videep/ROS2/install/py_srvcli:/home/videep/ROS2/install/py_pubsub:/home/videep/ROS2/install/python_parameters:/home/videep/ROS2/install/my_package:/home/videep/ROS2/install/launch_testing_examples:/home/videep/ROS2/install/examples_rclpy_pointcloud_publisher:/home/videep/ROS2/install/examples_rclpy_minimal_subscriber:/home/videep/ROS2/install/examples_rclpy_minimal_service:/home/videep/ROS2/install/examples_rclpy_minimal_publisher:/home/videep/ROS2/install/examples_rclpy_minimal_client:/home/videep/ROS2/install/examples_rclpy_minimal_action_server:/home/videep/ROS2/install/examples_rclpy_minimal_action_client:/home/videep/ROS2/install/examples_rclpy_guard_conditions:/home/videep/ROS2/install/examples_rclpy_executors:/home/videep/ROS2/install/bme_ros2_tutorials_py:/opt/ros/jazzy DEBUGINFOD_URLS=https://debuginfod.ubuntu.com PS1=(videepsenv) \[\e]0;\u@\h: \w\a\]${debian_chroot:+($debian_chroot)}\[\033[01;32m\]\u@\h\[\033[00m\]:\[\033[01;34m\]\w\[\033[00m\]\$ VIRTUAL_ENV_PROMPT=(videepsenv) /usr/bin/cmake --install /home/videep/ROS2/projectStuff/ros_bot/build/explore_lite
[0.784s] Level 1:colcon.colcon_core.environment:checking '/home/videep/ROS2/projectStuff/ros_bot/install/explore_lite' for CMake module files
[0.786s] Level 1:colcon.colcon_core.environment:checking '/home/videep/ROS2/projectStuff/ros_bot/install/explore_lite' for CMake config files
[0.786s] Level 1:colcon.colcon_core.shell:create_environment_hook('explore_lite', 'cmake_prefix_path')
[0.786s] INFO:colcon.colcon_core.shell:Creating environment hook '/home/videep/ROS2/projectStuff/ros_bot/install/explore_lite/share/explore_lite/hook/cmake_prefix_path.ps1'
[0.787s] INFO:colcon.colcon_core.shell:Creating environment descriptor '/home/videep/ROS2/projectStuff/ros_bot/install/explore_lite/share/explore_lite/hook/cmake_prefix_path.dsv'
[0.788s] INFO:colcon.colcon_core.shell:Creating environment hook '/home/videep/ROS2/projectStuff/ros_bot/install/explore_lite/share/explore_lite/hook/cmake_prefix_path.sh'
[0.789s] Level 1:colcon.colcon_core.environment:checking '/home/videep/ROS2/projectStuff/ros_bot/install/explore_lite/lib'
[0.789s] Level 1:colcon.colcon_core.environment:checking '/home/videep/ROS2/projectStuff/ros_bot/install/explore_lite/bin'
[0.789s] Level 1:colcon.colcon_core.environment:checking '/home/videep/ROS2/projectStuff/ros_bot/install/explore_lite/lib/pkgconfig/explore_lite.pc'
[0.790s] Level 1:colcon.colcon_core.environment:checking '/home/videep/ROS2/projectStuff/ros_bot/install/explore_lite/lib/python3.12/site-packages'
[0.790s] Level 1:colcon.colcon_core.environment:checking '/home/videep/ROS2/projectStuff/ros_bot/install/explore_lite/bin'
[0.791s] INFO:colcon.colcon_core.shell:Creating package script '/home/videep/ROS2/projectStuff/ros_bot/install/explore_lite/share/explore_lite/package.ps1'
[0.791s] INFO:colcon.colcon_core.shell:Creating package descriptor '/home/videep/ROS2/projectStuff/ros_bot/install/explore_lite/share/explore_lite/package.dsv'
[0.792s] INFO:colcon.colcon_core.shell:Creating package script '/home/videep/ROS2/projectStuff/ros_bot/install/explore_lite/share/explore_lite/package.sh'
[0.792s] INFO:colcon.colcon_core.shell:Creating package script '/home/videep/ROS2/projectStuff/ros_bot/install/explore_lite/share/explore_lite/package.bash'
[0.793s] INFO:colcon.colcon_core.shell:Creating package script '/home/videep/ROS2/projectStuff/ros_bot/install/explore_lite/share/explore_lite/package.zsh'
[0.794s] Level 1:colcon.colcon_core.environment:create_file_with_runtime_dependencies(/home/videep/ROS2/projectStuff/ros_bot/install/explore_lite/share/colcon-core/packages/explore_lite)
[0.794s] Level 1:colcon.colcon_core.environment:create_environment_scripts_only(explore_lite)
[0.795s] Level 1:colcon.colcon_core.environment:checking '/home/videep/ROS2/projectStuff/ros_bot/install/explore_lite' for CMake module files
[0.795s] Level 1:colcon.colcon_core.environment:checking '/home/videep/ROS2/projectStuff/ros_bot/install/explore_lite' for CMake config files
[0.795s] Level 1:colcon.colcon_core.shell:create_environment_hook('explore_lite', 'cmake_prefix_path')
[0.796s] INFO:colcon.colcon_core.shell:Creating environment hook '/home/videep/ROS2/projectStuff/ros_bot/install/explore_lite/share/explore_lite/hook/cmake_prefix_path.ps1'
[0.796s] INFO:colcon.colcon_core.shell:Creating environment descriptor '/home/videep/ROS2/projectStuff/ros_bot/install/explore_lite/share/explore_lite/hook/cmake_prefix_path.dsv'
[0.797s] INFO:colcon.colcon_core.shell:Creating environment hook '/home/videep/ROS2/projectStuff/ros_bot/install/explore_lite/share/explore_lite/hook/cmake_prefix_path.sh'
[0.797s] Level 1:colcon.colcon_core.environment:checking '/home/videep/ROS2/projectStuff/ros_bot/install/explore_lite/lib'
[0.797s] Level 1:colcon.colcon_core.environment:checking '/home/videep/ROS2/projectStuff/ros_bot/install/explore_lite/bin'
[0.797s] Level 1:colcon.colcon_core.environment:checking '/home/videep/ROS2/projectStuff/ros_bot/install/explore_lite/lib/pkgconfig/explore_lite.pc'
[0.798s] Level 1:colcon.colcon_core.environment:checking '/home/videep/ROS2/projectStuff/ros_bot/install/explore_lite/lib/python3.12/site-packages'
[0.798s] Level 1:colcon.colcon_core.environment:checking '/home/videep/ROS2/projectStuff/ros_bot/install/explore_lite/bin'
[0.798s] INFO:colcon.colcon_core.shell:Creating package script '/home/videep/ROS2/projectStuff/ros_bot/install/explore_lite/share/explore_lite/package.ps1'
[0.799s] INFO:colcon.colcon_core.shell:Creating package descriptor '/home/videep/ROS2/projectStuff/ros_bot/install/explore_lite/share/explore_lite/package.dsv'
[0.800s] INFO:colcon.colcon_core.shell:Creating package script '/home/videep/ROS2/projectStuff/ros_bot/install/explore_lite/share/explore_lite/package.sh'
[0.800s] INFO:colcon.colcon_core.shell:Creating package script '/home/videep/ROS2/projectStuff/ros_bot/install/explore_lite/share/explore_lite/package.bash'
[0.801s] INFO:colcon.colcon_core.shell:Creating package script '/home/videep/ROS2/projectStuff/ros_bot/install/explore_lite/share/explore_lite/package.zsh'
[0.801s] Level 1:colcon.colcon_core.environment:create_file_with_runtime_dependencies(/home/videep/ROS2/projectStuff/ros_bot/install/explore_lite/share/colcon-core/packages/explore_lite)
[1.648s] DEBUG:colcon.colcon_core.event_handler.log_command:Invoking command in '/home/videep/ROS2/projectStuff/ros_bot/src/object_finder': DEBUGINFOD_URLS=https://debuginfod.ubuntu.com PS1=(videepsenv) \[\e]0;\u@\h: \w\a\]${debian_chroot:+($debian_chroot)}\[\033[01;32m\]\u@\h\[\033[00m\]:\[\033[01;34m\]\w\[\033[00m\]\$ PYTHONPATH=/home/videep/ROS2/projectStuff/ros_bot/build/object_finder/prefix_override:/usr/lib/python3/dist-packages/colcon_core/task/python/colcon_distutils_commands:/home/videep/ROS2/projectStuff/ros_bot/install/object_finder/lib/python3.12/site-packages:${PYTHONPATH} VIRTUAL_ENV_PROMPT=(videepsenv) /usr/bin/python3 -W ignore:setup.py install is deprecated -W ignore:easy_install command is deprecated setup.py egg_info --egg-base ../../build/object_finder build --build-base /home/videep/ROS2/projectStuff/ros_bot/build/object_finder/build install --record /home/videep/ROS2/projectStuff/ros_bot/build/object_finder/install.log --single-version-externally-managed install_data
[2.553s] Level 1:colcon.colcon_core.environment:checking '/home/videep/ROS2/projectStuff/ros_bot/install/object_finder' for CMake module files
[2.554s] DEBUG:colcon.colcon_core.event_handler.log_command:Invoked command in '/home/videep/ROS2/projectStuff/ros_bot/src/object_finder' returned '0': DEBUGINFOD_URLS=https://debuginfod.ubuntu.com PS1=(videepsenv) \[\e]0;\u@\h: \w\a\]${debian_chroot:+($debian_chroot)}\[\033[01;32m\]\u@\h\[\033[00m\]:\[\033[01;34m\]\w\[\033[00m\]\$ PYTHONPATH=/home/videep/ROS2/projectStuff/ros_bot/build/object_finder/prefix_override:/usr/lib/python3/dist-packages/colcon_core/task/python/colcon_distutils_commands:/home/videep/ROS2/projectStuff/ros_bot/install/object_finder/lib/python3.12/site-packages:${PYTHONPATH} VIRTUAL_ENV_PROMPT=(videepsenv) /usr/bin/python3 -W ignore:setup.py install is deprecated -W ignore:easy_install command is deprecated setup.py egg_info --egg-base ../../build/object_finder build --build-base /home/videep/ROS2/projectStuff/ros_bot/build/object_finder/build install --record /home/videep/ROS2/projectStuff/ros_bot/build/object_finder/install.log --single-version-externally-managed install_data
[2.555s] Level 1:colcon.colcon_core.environment:checking '/home/videep/ROS2/projectStuff/ros_bot/install/object_finder' for CMake config files
[2.555s] Level 1:colcon.colcon_core.environment:checking '/home/videep/ROS2/projectStuff/ros_bot/install/object_finder/lib'
[2.556s] Level 1:colcon.colcon_core.environment:checking '/home/videep/ROS2/projectStuff/ros_bot/install/object_finder/bin'
[2.556s] Level 1:colcon.colcon_core.environment:checking '/home/videep/ROS2/projectStuff/ros_bot/install/object_finder/lib/pkgconfig/object_finder.pc'
[2.556s] Level 1:colcon.colcon_core.environment:checking '/home/videep/ROS2/projectStuff/ros_bot/install/object_finder/lib/python3.12/site-packages'
[2.556s] Level 1:colcon.colcon_core.shell:create_environment_hook('object_finder', 'pythonpath')
[2.556s] INFO:colcon.colcon_core.shell:Creating environment hook '/home/videep/ROS2/projectStuff/ros_bot/install/object_finder/share/object_finder/hook/pythonpath.ps1'
[2.557s] INFO:colcon.colcon_core.shell:Creating environment descriptor '/home/videep/ROS2/projectStuff/ros_bot/install/object_finder/share/object_finder/hook/pythonpath.dsv'
[2.558s] INFO:colcon.colcon_core.shell:Creating environment hook '/home/videep/ROS2/projectStuff/ros_bot/install/object_finder/share/object_finder/hook/pythonpath.sh'
[2.558s] Level 1:colcon.colcon_core.environment:checking '/home/videep/ROS2/projectStuff/ros_bot/install/object_finder/bin'
[2.558s] Level 1:colcon.colcon_core.environment:create_environment_scripts_only(object_finder)
[2.559s] INFO:colcon.colcon_core.shell:Creating package script '/home/videep/ROS2/projectStuff/ros_bot/install/object_finder/share/object_finder/package.ps1'
[2.559s] INFO:colcon.colcon_core.shell:Creating package descriptor '/home/videep/ROS2/projectStuff/ros_bot/install/object_finder/share/object_finder/package.dsv'
[2.560s] INFO:colcon.colcon_core.shell:Creating package script '/home/videep/ROS2/projectStuff/ros_bot/install/object_finder/share/object_finder/package.sh'
[2.560s] INFO:colcon.colcon_core.shell:Creating package script '/home/videep/ROS2/projectStuff/ros_bot/install/object_finder/share/object_finder/package.bash'
[2.561s] INFO:colcon.colcon_core.shell:Creating package script '/home/videep/ROS2/projectStuff/ros_bot/install/object_finder/share/object_finder/package.zsh'
[2.561s] Level 1:colcon.colcon_core.environment:create_file_with_runtime_dependencies(/home/videep/ROS2/projectStuff/ros_bot/install/object_finder/share/colcon-core/packages/object_finder)
[3.986s] DEBUG:colcon.colcon_core.event_handler.log_command:Invoked command in '/home/videep/ROS2/projectStuff/ros_bot/build/videeps_pkg' returned '0': CMAKE_PREFIX_PATH=${CMAKE_PREFIX_PATH}:/home/videep/ROS2/install/py_srvcli:/home/videep/ROS2/install/py_pubsub:/home/videep/ROS2/install/python_parameters:/home/videep/ROS2/install/my_package:/home/videep/ROS2/install/launch_testing_examples:/home/videep/ROS2/install/examples_rclpy_pointcloud_publisher:/home/videep/ROS2/install/examples_rclpy_minimal_subscriber:/home/videep/ROS2/install/examples_rclpy_minimal_service:/home/videep/ROS2/install/examples_rclpy_minimal_publisher:/home/videep/ROS2/install/examples_rclpy_minimal_client:/home/videep/ROS2/install/examples_rclpy_minimal_action_server:/home/videep/ROS2/install/examples_rclpy_minimal_action_client:/home/videep/ROS2/install/examples_rclpy_guard_conditions:/home/videep/ROS2/install/examples_rclpy_executors:/home/videep/ROS2/install/bme_ros2_tutorials_py:/opt/ros/jazzy DEBUGINFOD_URLS=https://debuginfod.ubuntu.com PS1=(videepsenv) \[\e]0;\u@\h: \w\a\]${debian_chroot:+($debian_chroot)}\[\033[01;32m\]\u@\h\[\033[00m\]:\[\033[01;34m\]\w\[\033[00m\]\$ VIRTUAL_ENV_PROMPT=(videepsenv) /usr/bin/cmake --build /home/videep/ROS2/projectStuff/ros_bot/build/videeps_pkg -- -j32 -l32
[3.987s] DEBUG:colcon.colcon_core.event_handler.log_command:Invoking command in '/home/videep/ROS2/projectStuff/ros_bot/build/videeps_pkg': CMAKE_PREFIX_PATH=${CMAKE_PREFIX_PATH}:/home/videep/ROS2/install/py_srvcli:/home/videep/ROS2/install/py_pubsub:/home/videep/ROS2/install/python_parameters:/home/videep/ROS2/install/my_package:/home/videep/ROS2/install/launch_testing_examples:/home/videep/ROS2/install/examples_rclpy_pointcloud_publisher:/home/videep/ROS2/install/examples_rclpy_minimal_subscriber:/home/videep/ROS2/install/examples_rclpy_minimal_service:/home/videep/ROS2/install/examples_rclpy_minimal_publisher:/home/videep/ROS2/install/examples_rclpy_minimal_client:/home/videep/ROS2/install/examples_rclpy_minimal_action_server:/home/videep/ROS2/install/examples_rclpy_minimal_action_client:/home/videep/ROS2/install/examples_rclpy_guard_conditions:/home/videep/ROS2/install/examples_rclpy_executors:/home/videep/ROS2/install/bme_ros2_tutorials_py:/opt/ros/jazzy DEBUGINFOD_URLS=https://debuginfod.ubuntu.com PS1=(videepsenv) \[\e]0;\u@\h: \w\a\]${debian_chroot:+($debian_chroot)}\[\033[01;32m\]\u@\h\[\033[00m\]:\[\033[01;34m\]\w\[\033[00m\]\$ VIRTUAL_ENV_PROMPT=(videepsenv) /usr/bin/cmake --install /home/videep/ROS2/projectStuff/ros_bot/build/videeps_pkg
[4.077s] Level 1:colcon.colcon_core.environment:create_environment_scripts_only(videeps_pkg)
[4.077s] Level 1:colcon.colcon_core.environment:checking '/home/videep/ROS2/projectStuff/ros_bot/install/videeps_pkg' for CMake module files
[4.078s] DEBUG:colcon.colcon_core.event_handler.log_command:Invoked command in '/home/videep/ROS2/projectStuff/ros_bot/build/videeps_pkg' returned '0': CMAKE_PREFIX_PATH=${CMAKE_PREFIX_PATH}:/home/videep/ROS2/install/py_srvcli:/home/videep/ROS2/install/py_pubsub:/home/videep/ROS2/install/python_parameters:/home/videep/ROS2/install/my_package:/home/videep/ROS2/install/launch_testing_examples:/home/videep/ROS2/install/examples_rclpy_pointcloud_publisher:/home/videep/ROS2/install/examples_rclpy_minimal_subscriber:/home/videep/ROS2/install/examples_rclpy_minimal_service:/home/videep/ROS2/install/examples_rclpy_minimal_publisher:/home/videep/ROS2/install/examples_rclpy_minimal_client:/home/videep/ROS2/install/examples_rclpy_minimal_action_server:/home/videep/ROS2/install/examples_rclpy_minimal_action_client:/home/videep/ROS2/install/examples_rclpy_guard_conditions:/home/videep/ROS2/install/examples_rclpy_executors:/home/videep/ROS2/install/bme_ros2_tutorials_py:/opt/ros/jazzy DEBUGINFOD_URLS=https://debuginfod.ubuntu.com PS1=(videepsenv) \[\e]0;\u@\h: \w\a\]${debian_chroot:+($debian_chroot)}\[\033[01;32m\]\u@\h\[\033[00m\]:\[\033[01;34m\]\w\[\033[00m\]\$ VIRTUAL_ENV_PROMPT=(videepsenv) /usr/bin/cmake --install /home/videep/ROS2/projectStuff/ros_bot/build/videeps_pkg
[4.078s] Level 1:colcon.colcon_core.environment:checking '/home/videep/ROS2/projectStuff/ros_bot/install/videeps_pkg' for CMake config files
[4.079s] Level 1:colcon.colcon_core.shell:create_environment_hook('videeps_pkg', 'cmake_prefix_path')
[4.079s] INFO:colcon.colcon_core.shell:Creating environment hook '/home/videep/ROS2/projectStuff/ros_bot/install/videeps_pkg/share/videeps_pkg/hook/cmake_prefix_path.ps1'
[4.079s] INFO:colcon.colcon_core.shell:Creating environment descriptor '/home/videep/ROS2/projectStuff/ros_bot/install/videeps_pkg/share/videeps_pkg/hook/cmake_prefix_path.dsv'
[4.079s] INFO:colcon.colcon_core.shell:Creating environment hook '/home/videep/ROS2/projectStuff/ros_bot/install/videeps_pkg/share/videeps_pkg/hook/cmake_prefix_path.sh'
[4.080s] Level 1:colcon.colcon_core.environment:checking '/home/videep/ROS2/projectStuff/ros_bot/install/videeps_pkg/lib'
[4.080s] Level 1:colcon.colcon_core.shell:create_environment_hook('videeps_pkg', 'ld_library_path_lib')
[4.080s] INFO:colcon.colcon_core.shell:Creating environment hook '/home/videep/ROS2/projectStuff/ros_bot/install/videeps_pkg/share/videeps_pkg/hook/ld_library_path_lib.ps1'
[4.080s] INFO:colcon.colcon_core.shell:Creating environment descriptor '/home/videep/ROS2/projectStuff/ros_bot/install/videeps_pkg/share/videeps_pkg/hook/ld_library_path_lib.dsv'
[4.081s] INFO:colcon.colcon_core.shell:Creating environment hook '/home/videep/ROS2/projectStuff/ros_bot/install/videeps_pkg/share/videeps_pkg/hook/ld_library_path_lib.sh'
[4.081s] Level 1:colcon.colcon_core.environment:checking '/home/videep/ROS2/projectStuff/ros_bot/install/videeps_pkg/bin'
[4.081s] Level 1:colcon.colcon_core.environment:checking '/home/videep/ROS2/projectStuff/ros_bot/install/videeps_pkg/lib/pkgconfig/videeps_pkg.pc'
[4.081s] Level 1:colcon.colcon_core.environment:checking '/home/videep/ROS2/projectStuff/ros_bot/install/videeps_pkg/lib/python3.12/site-packages'
[4.081s] Level 1:colcon.colcon_core.shell:create_environment_hook('videeps_pkg', 'pythonpath')
[4.081s] INFO:colcon.colcon_core.shell:Creating environment hook '/home/videep/ROS2/projectStuff/ros_bot/install/videeps_pkg/share/videeps_pkg/hook/pythonpath.ps1'
[4.082s] INFO:colcon.colcon_core.shell:Creating environment descriptor '/home/videep/ROS2/projectStuff/ros_bot/install/videeps_pkg/share/videeps_pkg/hook/pythonpath.dsv'
[4.082s] INFO:colcon.colcon_core.shell:Creating environment hook '/home/videep/ROS2/projectStuff/ros_bot/install/videeps_pkg/share/videeps_pkg/hook/pythonpath.sh'
[4.082s] Level 1:colcon.colcon_core.environment:checking '/home/videep/ROS2/projectStuff/ros_bot/install/videeps_pkg/bin'
[4.083s] INFO:colcon.colcon_core.shell:Creating package script '/home/videep/ROS2/projectStuff/ros_bot/install/videeps_pkg/share/videeps_pkg/package.ps1'
[4.083s] INFO:colcon.colcon_core.shell:Creating package descriptor '/home/videep/ROS2/projectStuff/ros_bot/install/videeps_pkg/share/videeps_pkg/package.dsv'
[4.084s] INFO:colcon.colcon_core.shell:Creating package script '/home/videep/ROS2/projectStuff/ros_bot/install/videeps_pkg/share/videeps_pkg/package.sh'
[4.084s] INFO:colcon.colcon_core.shell:Creating package script '/home/videep/ROS2/projectStuff/ros_bot/install/videeps_pkg/share/videeps_pkg/package.bash'
[4.084s] INFO:colcon.colcon_core.shell:Creating package script '/home/videep/ROS2/projectStuff/ros_bot/install/videeps_pkg/share/videeps_pkg/package.zsh'
[4.084s] Level 1:colcon.colcon_core.environment:create_file_with_runtime_dependencies(/home/videep/ROS2/projectStuff/ros_bot/install/videeps_pkg/share/colcon-core/packages/videeps_pkg)
[4.085s] Level 1:colcon.colcon_core.environment:create_environment_scripts_only(videeps_pkg)
[4.085s] Level 1:colcon.colcon_core.environment:checking '/home/videep/ROS2/projectStuff/ros_bot/install/videeps_pkg' for CMake module files
[4.085s] Level 1:colcon.colcon_core.environment:checking '/home/videep/ROS2/projectStuff/ros_bot/install/videeps_pkg' for CMake config files
[4.086s] Level 1:colcon.colcon_core.shell:create_environment_hook('videeps_pkg', 'cmake_prefix_path')
[4.086s] INFO:colcon.colcon_core.shell:Creating environment hook '/home/videep/ROS2/projectStuff/ros_bot/install/videeps_pkg/share/videeps_pkg/hook/cmake_prefix_path.ps1'
[4.086s] INFO:colcon.colcon_core.shell:Creating environment descriptor '/home/videep/ROS2/projectStuff/ros_bot/install/videeps_pkg/share/videeps_pkg/hook/cmake_prefix_path.dsv'
[4.087s] INFO:colcon.colcon_core.shell:Creating environment hook '/home/videep/ROS2/projectStuff/ros_bot/install/videeps_pkg/share/videeps_pkg/hook/cmake_prefix_path.sh'
[4.087s] Level 1:colcon.colcon_core.environment:checking '/home/videep/ROS2/projectStuff/ros_bot/install/videeps_pkg/lib'
[4.087s] Level 1:colcon.colcon_core.shell:create_environment_hook('videeps_pkg', 'ld_library_path_lib')
[4.087s] INFO:colcon.colcon_core.shell:Creating environment hook '/home/videep/ROS2/projectStuff/ros_bot/install/videeps_pkg/share/videeps_pkg/hook/ld_library_path_lib.ps1'
[4.088s] INFO:colcon.colcon_core.shell:Creating environment descriptor '/home/videep/ROS2/projectStuff/ros_bot/install/videeps_pkg/share/videeps_pkg/hook/ld_library_path_lib.dsv'
[4.088s] INFO:colcon.colcon_core.shell:Creating environment hook '/home/videep/ROS2/projectStuff/ros_bot/install/videeps_pkg/share/videeps_pkg/hook/ld_library_path_lib.sh'
[4.088s] Level 1:colcon.colcon_core.environment:checking '/home/videep/ROS2/projectStuff/ros_bot/install/videeps_pkg/bin'
[4.088s] Level 1:colcon.colcon_core.environment:checking '/home/videep/ROS2/projectStuff/ros_bot/install/videeps_pkg/lib/pkgconfig/videeps_pkg.pc'
[4.088s] Level 1:colcon.colcon_core.environment:checking '/home/videep/ROS2/projectStuff/ros_bot/install/videeps_pkg/lib/python3.12/site-packages'
[4.089s] Level 1:colcon.colcon_core.shell:create_environment_hook('videeps_pkg', 'pythonpath')
[4.089s] INFO:colcon.colcon_core.shell:Creating environment hook '/home/videep/ROS2/projectStuff/ros_bot/install/videeps_pkg/share/videeps_pkg/hook/pythonpath.ps1'
[4.089s] INFO:colcon.colcon_core.shell:Creating environment descriptor '/home/videep/ROS2/projectStuff/ros_bot/install/videeps_pkg/share/videeps_pkg/hook/pythonpath.dsv'
[4.089s] INFO:colcon.colcon_core.shell:Creating environment hook '/home/videep/ROS2/projectStuff/ros_bot/install/videeps_pkg/share/videeps_pkg/hook/pythonpath.sh'
[4.090s] Level 1:colcon.colcon_core.environment:checking '/home/videep/ROS2/projectStuff/ros_bot/install/videeps_pkg/bin'
[4.090s] INFO:colcon.colcon_core.shell:Creating package script '/home/videep/ROS2/projectStuff/ros_bot/install/videeps_pkg/share/videeps_pkg/package.ps1'
[4.091s] INFO:colcon.colcon_core.shell:Creating package descriptor '/home/videep/ROS2/projectStuff/ros_bot/install/videeps_pkg/share/videeps_pkg/package.dsv'
[4.091s] INFO:colcon.colcon_core.shell:Creating package script '/home/videep/ROS2/projectStuff/ros_bot/install/videeps_pkg/share/videeps_pkg/package.sh'
[4.092s] INFO:colcon.colcon_core.shell:Creating package script '/home/videep/ROS2/projectStuff/ros_bot/install/videeps_pkg/share/videeps_pkg/package.bash'
[4.092s] INFO:colcon.colcon_core.shell:Creating package script '/home/videep/ROS2/projectStuff/ros_bot/install/videeps_pkg/share/videeps_pkg/package.zsh'
[4.092s] Level 1:colcon.colcon_core.environment:create_file_with_runtime_dependencies(/home/videep/ROS2/projectStuff/ros_bot/install/videeps_pkg/share/colcon-core/packages/videeps_pkg)
[4.093s] INFO:colcon.colcon_ros.task.ament_python.build:Building ROS package in '/home/videep/ROS2/projectStuff/ros_bot/src/bme_gazebo_sensors_py' with build type 'ament_python'
[4.093s] Level 1:colcon.colcon_core.shell:create_environment_hook('bme_gazebo_sensors_py', 'ament_prefix_path')
[4.093s] INFO:colcon.colcon_core.shell:Creating environment hook '/home/videep/ROS2/projectStuff/ros_bot/install/bme_gazebo_sensors_py/share/bme_gazebo_sensors_py/hook/ament_prefix_path.ps1'
[4.094s] INFO:colcon.colcon_core.shell:Creating environment descriptor '/home/videep/ROS2/projectStuff/ros_bot/install/bme_gazebo_sensors_py/share/bme_gazebo_sensors_py/hook/ament_prefix_path.dsv'
[4.094s] INFO:colcon.colcon_core.shell:Creating environment hook '/home/videep/ROS2/projectStuff/ros_bot/install/bme_gazebo_sensors_py/share/bme_gazebo_sensors_py/hook/ament_prefix_path.sh'
[4.095s] INFO:colcon.colcon_core.shell:Skip shell extension 'powershell' for command environment: Not usable outside of PowerShell
[4.095s] DEBUG:colcon.colcon_core.shell:Skip shell extension 'dsv' for command environment
[4.336s] INFO:colcon.colcon_core.task.python.build:Building Python package in '/home/videep/ROS2/projectStuff/ros_bot/src/bme_gazebo_sensors_py'
[4.337s] INFO:colcon.colcon_core.shell:Skip shell extension 'powershell' for command environment: Not usable outside of PowerShell
[4.337s] DEBUG:colcon.colcon_core.shell:Skip shell extension 'dsv' for command environment
[5.048s] DEBUG:colcon.colcon_core.event_handler.log_command:Invoking command in '/home/videep/ROS2/projectStuff/ros_bot/src/bme_gazebo_sensors_py': AMENT_PREFIX_PATH=/home/videep/ROS2/projectStuff/ros_bot/install/videeps_pkg:${AMENT_PREFIX_PATH} CMAKE_PREFIX_PATH=/home/videep/ROS2/projectStuff/ros_bot/install/videeps_pkg:${CMAKE_PREFIX_PATH} DEBUGINFOD_URLS=https://debuginfod.ubuntu.com LD_LIBRARY_PATH=/home/videep/ROS2/projectStuff/ros_bot/install/videeps_pkg/lib:${LD_LIBRARY_PATH} PS1=(videepsenv) \[\e]0;\u@\h: \w\a\]${debian_chroot:+($debian_chroot)}\[\033[01;32m\]\u@\h\[\033[00m\]:\[\033[01;34m\]\w\[\033[00m\]\$ PYTHONPATH=/home/videep/ROS2/projectStuff/ros_bot/build/bme_gazebo_sensors_py/prefix_override:/usr/lib/python3/dist-packages/colcon_core/task/python/colcon_distutils_commands:/home/videep/ROS2/projectStuff/ros_bot/install/bme_gazebo_sensors_py/lib/python3.12/site-packages:/home/videep/ROS2/projectStuff/ros_bot/install/videeps_pkg/lib/python3.12/site-packages:${PYTHONPATH} VIRTUAL_ENV_PROMPT=(videepsenv) /usr/bin/python3 -W ignore:setup.py install is deprecated -W ignore:easy_install command is deprecated setup.py egg_info --egg-base ../../build/bme_gazebo_sensors_py build --build-base /home/videep/ROS2/projectStuff/ros_bot/build/bme_gazebo_sensors_py/build install --record /home/videep/ROS2/projectStuff/ros_bot/build/bme_gazebo_sensors_py/install.log --single-version-externally-managed install_data
[5.602s] Level 1:colcon.colcon_core.environment:checking '/home/videep/ROS2/projectStuff/ros_bot/install/bme_gazebo_sensors_py' for CMake module files
[5.602s] DEBUG:colcon.colcon_core.event_handler.log_command:Invoked command in '/home/videep/ROS2/projectStuff/ros_bot/src/bme_gazebo_sensors_py' returned '0': AMENT_PREFIX_PATH=/home/videep/ROS2/projectStuff/ros_bot/install/videeps_pkg:${AMENT_PREFIX_PATH} CMAKE_PREFIX_PATH=/home/videep/ROS2/projectStuff/ros_bot/install/videeps_pkg:${CMAKE_PREFIX_PATH} DEBUGINFOD_URLS=https://debuginfod.ubuntu.com LD_LIBRARY_PATH=/home/videep/ROS2/projectStuff/ros_bot/install/videeps_pkg/lib:${LD_LIBRARY_PATH} PS1=(videepsenv) \[\e]0;\u@\h: \w\a\]${debian_chroot:+($debian_chroot)}\[\033[01;32m\]\u@\h\[\033[00m\]:\[\033[01;34m\]\w\[\033[00m\]\$ PYTHONPATH=/home/videep/ROS2/projectStuff/ros_bot/build/bme_gazebo_sensors_py/prefix_override:/usr/lib/python3/dist-packages/colcon_core/task/python/colcon_distutils_commands:/home/videep/ROS2/projectStuff/ros_bot/install/bme_gazebo_sensors_py/lib/python3.12/site-packages:/home/videep/ROS2/projectStuff/ros_bot/install/videeps_pkg/lib/python3.12/site-packages:${PYTHONPATH} VIRTUAL_ENV_PROMPT=(videepsenv) /usr/bin/python3 -W ignore:setup.py install is deprecated -W ignore:easy_install command is deprecated setup.py egg_info --egg-base ../../build/bme_gazebo_sensors_py build --build-base /home/videep/ROS2/projectStuff/ros_bot/build/bme_gazebo_sensors_py/build install --record /home/videep/ROS2/projectStuff/ros_bot/build/bme_gazebo_sensors_py/install.log --single-version-externally-managed install_data
[5.603s] Level 1:colcon.colcon_core.environment:checking '/home/videep/ROS2/projectStuff/ros_bot/install/bme_gazebo_sensors_py' for CMake config files
[5.603s] Level 1:colcon.colcon_core.environment:checking '/home/videep/ROS2/projectStuff/ros_bot/install/bme_gazebo_sensors_py/lib'
[5.603s] Level 1:colcon.colcon_core.environment:checking '/home/videep/ROS2/projectStuff/ros_bot/install/bme_gazebo_sensors_py/bin'
[5.603s] Level 1:colcon.colcon_core.environment:checking '/home/videep/ROS2/projectStuff/ros_bot/install/bme_gazebo_sensors_py/lib/pkgconfig/bme_gazebo_sensors_py.pc'
[5.604s] Level 1:colcon.colcon_core.environment:checking '/home/videep/ROS2/projectStuff/ros_bot/install/bme_gazebo_sensors_py/lib/python3.12/site-packages'
[5.604s] Level 1:colcon.colcon_core.shell:create_environment_hook('bme_gazebo_sensors_py', 'pythonpath')
[5.604s] INFO:colcon.colcon_core.shell:Creating environment hook '/home/videep/ROS2/projectStuff/ros_bot/install/bme_gazebo_sensors_py/share/bme_gazebo_sensors_py/hook/pythonpath.ps1'
[5.604s] INFO:colcon.colcon_core.shell:Creating environment descriptor '/home/videep/ROS2/projectStuff/ros_bot/install/bme_gazebo_sensors_py/share/bme_gazebo_sensors_py/hook/pythonpath.dsv'
[5.605s] INFO:colcon.colcon_core.shell:Creating environment hook '/home/videep/ROS2/projectStuff/ros_bot/install/bme_gazebo_sensors_py/share/bme_gazebo_sensors_py/hook/pythonpath.sh'
[5.605s] Level 1:colcon.colcon_core.environment:checking '/home/videep/ROS2/projectStuff/ros_bot/install/bme_gazebo_sensors_py/bin'
[5.605s] Level 1:colcon.colcon_core.environment:create_environment_scripts_only(bme_gazebo_sensors_py)
[5.605s] INFO:colcon.colcon_core.shell:Creating package script '/home/videep/ROS2/projectStuff/ros_bot/install/bme_gazebo_sensors_py/share/bme_gazebo_sensors_py/package.ps1'
[5.606s] INFO:colcon.colcon_core.shell:Creating package descriptor '/home/videep/ROS2/projectStuff/ros_bot/install/bme_gazebo_sensors_py/share/bme_gazebo_sensors_py/package.dsv'
[5.606s] INFO:colcon.colcon_core.shell:Creating package script '/home/videep/ROS2/projectStuff/ros_bot/install/bme_gazebo_sensors_py/share/bme_gazebo_sensors_py/package.sh'
[5.606s] INFO:colcon.colcon_core.shell:Creating package script '/home/videep/ROS2/projectStuff/ros_bot/install/bme_gazebo_sensors_py/share/bme_gazebo_sensors_py/package.bash'
[5.607s] INFO:colcon.colcon_core.shell:Creating package script '/home/videep/ROS2/projectStuff/ros_bot/install/bme_gazebo_sensors_py/share/bme_gazebo_sensors_py/package.zsh'
[5.607s] Level 1:colcon.colcon_core.environment:create_file_with_runtime_dependencies(/home/videep/ROS2/projectStuff/ros_bot/install/bme_gazebo_sensors_py/share/colcon-core/packages/bme_gazebo_sensors_py)
[5.607s] DEBUG:colcon.colcon_parallel_executor.executor.parallel:closing loop
[5.607s] DEBUG:colcon.colcon_parallel_executor.executor.parallel:loop closed
[5.607s] DEBUG:colcon.colcon_parallel_executor.executor.parallel:run_until_complete finished with '0'
[5.607s] DEBUG:colcon.colcon_core.event_reactor:joining thread
[5.613s] INFO:colcon.colcon_core.plugin_system:Skipping extension 'colcon_notification.desktop_notification.terminal_notifier': Not used on non-Darwin systems
[5.613s] INFO:colcon.colcon_core.plugin_system:Skipping extension 'colcon_notification.desktop_notification.win32': Not used on non-Windows systems
[5.613s] INFO:colcon.colcon_notification.desktop_notification:Sending desktop notification using 'notify2'
[5.634s] DEBUG:colcon.colcon_core.event_reactor:joined thread
[5.634s] INFO:colcon.colcon_core.shell:Creating prefix script '/home/videep/ROS2/projectStuff/ros_bot/install/local_setup.ps1'
[5.635s] INFO:colcon.colcon_core.shell:Creating prefix util module '/home/videep/ROS2/projectStuff/ros_bot/install/_local_setup_util_ps1.py'
[5.636s] INFO:colcon.colcon_core.shell:Creating prefix chain script '/home/videep/ROS2/projectStuff/ros_bot/install/setup.ps1'
[5.638s] INFO:colcon.colcon_core.shell:Creating prefix script '/home/videep/ROS2/projectStuff/ros_bot/install/local_setup.sh'
[5.639s] INFO:colcon.colcon_core.shell:Creating prefix util module '/home/videep/ROS2/projectStuff/ros_bot/install/_local_setup_util_sh.py'
[5.639s] INFO:colcon.colcon_core.shell:Creating prefix chain script '/home/videep/ROS2/projectStuff/ros_bot/install/setup.sh'
[5.641s] INFO:colcon.colcon_core.shell:Creating prefix script '/home/videep/ROS2/projectStuff/ros_bot/install/local_setup.bash'
[5.641s] INFO:colcon.colcon_core.shell:Creating prefix chain script '/home/videep/ROS2/projectStuff/ros_bot/install/setup.bash'
[5.643s] INFO:colcon.colcon_core.shell:Creating prefix script '/home/videep/ROS2/projectStuff/ros_bot/install/local_setup.zsh'
[5.644s] INFO:colcon.colcon_core.shell:Creating prefix chain script '/home/videep/ROS2/projectStuff/ros_bot/install/setup.zsh'
