-- Found ament_cmake: 2.5.4 (/opt/ros/jazzy/share/ament_cmake/cmake)
-- Found geometry_msgs: 5.3.6 (/opt/ros/jazzy/share/geometry_msgs/cmake)
-- Found rosidl_generator_c: 4.6.5 (/opt/ros/jazzy/share/rosidl_generator_c/cmake)
-- Found rosidl_generator_cpp: 4.6.5 (/opt/ros/jazzy/share/rosidl_generator_cpp/cmake)
-- Using all available rosidl_typesupport_c: rosidl_typesupport_fastrtps_c;rosidl_typesupport_introspection_c
-- Using all available rosidl_typesupport_cpp: rosidl_typesupport_fastrtps_cpp;rosidl_typesupport_introspection_cpp
-- Found rosidl_default_generators: 1.6.0 (/opt/ros/jazzy/share/rosidl_default_generators/cmake)
-- Found rosidl_adapter: 4.6.5 (/opt/ros/jazzy/share/rosidl_adapter/cmake)
-- Found ament_cmake_ros: 0.12.0 (/opt/ros/jazzy/share/ament_cmake_ros/cmake)
-- Using all available rosidl_typesupport_c: rosidl_typesupport_fastrtps_c;rosidl_typesupport_introspection_c
-- Using all available rosidl_typesupport_cpp: rosidl_typesupport_fastrtps_cpp;rosidl_typesupport_introspection_cpp
-- Found python_cmake_module: 0.11.1 (/opt/ros/jazzy/share/python_cmake_module/cmake)
-- Found PythonExtra: /home/videep/.venvs/videepsenv/bin/python3  
-- Found Python3: /home/videep/.venvs/videepsenv/bin/python3 (found version "3.12.3") found components: Interpreter Development NumPy Development.Module Development.Embed 
-- Configuring done (4.6s)
-- Generating done (0.0s)
-- Build files have been written to: /home/videep/ROS2/projectStuff/ros_bot/build/videeps_pkg
[  2%] [34m[1mGenerating type hashes for ROS interfaces[0m
[  2%] Built target ament_cmake_python_copy_videeps_pkg
running egg_info
creating videeps_pkg.egg-info
writing videeps_pkg.egg-info/PKG-INFO
writing dependency_links to videeps_pkg.egg-info/dependency_links.txt
writing top-level names to videeps_pkg.egg-info/top_level.txt
writing manifest file 'videeps_pkg.egg-info/SOURCES.txt'
reading manifest file 'videeps_pkg.egg-info/SOURCES.txt'
writing manifest file 'videeps_pkg.egg-info/SOURCES.txt'
[  2%] Built target ament_cmake_python_build_videeps_pkg_egg
