[  2%] [34m[1mGenerating type hashes for ROS interfaces[0m
[  2%] Built target ament_cmake_python_copy_videeps_pkg
[  2%] Built target videeps_pkg__rosidl_generator_type_description
[  5%] [34m[1mGenerating C code for ROS interfaces[0m
[  8%] [34m[1mGenerating C++ code for ROS interfaces[0m
running egg_info
writing videeps_pkg.egg-info/PKG-INFO
writing dependency_links to videeps_pkg.egg-info/dependency_links.txt
writing top-level names to videeps_pkg.egg-info/top_level.txt
reading manifest file 'videeps_pkg.egg-info/SOURCES.txt'
writing manifest file 'videeps_pkg.egg-info/SOURCES.txt'
[  8%] Built target ament_cmake_python_build_videeps_pkg_egg
[  8%] Built target videeps_pkg__cpp
[ 11%] [32mBuilding C object CMakeFiles/videeps_pkg__rosidl_generator_c.dir/rosidl_generator_c/videeps_pkg/srv/detail/set_target_object__functions.c.o[0m
[ 17%] [32mBuilding C object CMakeFiles/videeps_pkg__rosidl_generator_c.dir/rosidl_generator_c/videeps_pkg/srv/detail/set_target_object__type_support.c.o[0m
[ 17%] [32mBuilding C object CMakeFiles/videeps_pkg__rosidl_generator_c.dir/rosidl_generator_c/videeps_pkg/srv/detail/set_target_object__description.c.o[0m
[ 20%] [32m[1mLinking C shared library libvideeps_pkg__rosidl_generator_c.so[0m
[ 20%] Built target videeps_pkg__rosidl_generator_c
[ 23%] [34m[1mGenerating C type support for eProsima Fast-RTPS[0m
[ 26%] [34m[1mGenerating C++ type support dispatch for ROS interfaces[0m
[ 29%] [34m[1mGenerating C++ introspection for ROS interfaces[0m
[ 32%] [34m[1mGenerating C type support dispatch for ROS interfaces[0m
[ 35%] [34m[1mGenerating C++ type support for eProsima Fast-RTPS[0m
[ 38%] [34m[1mGenerating C introspection for ROS interfaces[0m
[ 41%] [32mBuilding CXX object CMakeFiles/videeps_pkg__rosidl_typesupport_cpp.dir/rosidl_typesupport_cpp/videeps_pkg/srv/set_target_object__type_support.cpp.o[0m
[ 44%] [32mBuilding CXX object CMakeFiles/videeps_pkg__rosidl_typesupport_c.dir/rosidl_typesupport_c/videeps_pkg/srv/set_target_object__type_support.cpp.o[0m
[ 47%] [32mBuilding CXX object CMakeFiles/videeps_pkg__rosidl_typesupport_introspection_cpp.dir/rosidl_typesupport_introspection_cpp/videeps_pkg/srv/detail/set_target_object__type_support.cpp.o[0m
[ 50%] [32mBuilding C object CMakeFiles/videeps_pkg__rosidl_typesupport_introspection_c.dir/rosidl_typesupport_introspection_c/videeps_pkg/srv/detail/set_target_object__type_support.c.o[0m
[ 52%] [32m[1mLinking CXX shared library libvideeps_pkg__rosidl_typesupport_c.so[0m
[ 55%] [32mBuilding CXX object CMakeFiles/videeps_pkg__rosidl_typesupport_fastrtps_cpp.dir/rosidl_typesupport_fastrtps_cpp/videeps_pkg/srv/detail/dds_fastrtps/set_target_object__type_support.cpp.o[0m
[ 58%] [32m[1mLinking C shared library libvideeps_pkg__rosidl_typesupport_introspection_c.so[0m
[ 58%] Built target videeps_pkg__rosidl_typesupport_c
[ 61%] [32mBuilding CXX object CMakeFiles/videeps_pkg__rosidl_typesupport_fastrtps_c.dir/rosidl_typesupport_fastrtps_c/videeps_pkg/srv/detail/set_target_object__type_support_c.cpp.o[0m
[ 61%] Built target videeps_pkg__rosidl_typesupport_introspection_c
[ 64%] [32m[1mLinking CXX shared library libvideeps_pkg__rosidl_typesupport_cpp.so[0m
[ 67%] [32m[1mLinking CXX shared library libvideeps_pkg__rosidl_typesupport_introspection_cpp.so[0m
[ 67%] Built target videeps_pkg__rosidl_typesupport_cpp
[ 67%] Built target videeps_pkg__rosidl_typesupport_introspection_cpp
[ 70%] [32m[1mLinking CXX shared library libvideeps_pkg__rosidl_typesupport_fastrtps_c.so[0m
[ 70%] Built target videeps_pkg__rosidl_typesupport_fastrtps_c
[ 73%] [32m[1mLinking CXX shared library libvideeps_pkg__rosidl_typesupport_fastrtps_cpp.so[0m
[ 73%] Built target videeps_pkg__rosidl_typesupport_fastrtps_cpp
[ 73%] Built target videeps_pkg
[ 76%] [34m[1mGenerating Python code for ROS interfaces[0m
[ 76%] Built target videeps_pkg__py
[ 79%] [32mBuilding C object CMakeFiles/videeps_pkg__rosidl_generator_py.dir/rosidl_generator_py/videeps_pkg/srv/_set_target_object_s.c.o[0m
[ 82%] [32m[1mLinking C shared library libvideeps_pkg__rosidl_generator_py.so[0m
[ 82%] Built target videeps_pkg__rosidl_generator_py
[ 85%] [32mBuilding C object CMakeFiles/videeps_pkg_s__rosidl_typesupport_introspection_c.dir/rosidl_generator_py/videeps_pkg/_videeps_pkg_s.ep.rosidl_typesupport_introspection_c.c.o[0m
[ 88%] [32mBuilding C object CMakeFiles/videeps_pkg_s__rosidl_typesupport_fastrtps_c.dir/rosidl_generator_py/videeps_pkg/_videeps_pkg_s.ep.rosidl_typesupport_fastrtps_c.c.o[0m
[ 91%] [32mBuilding C object CMakeFiles/videeps_pkg_s__rosidl_typesupport_c.dir/rosidl_generator_py/videeps_pkg/_videeps_pkg_s.ep.rosidl_typesupport_c.c.o[0m
[ 94%] [32m[1mLinking C shared module rosidl_generator_py/videeps_pkg/videeps_pkg_s__rosidl_typesupport_introspection_c.so[0m
[ 97%] [32m[1mLinking C shared module rosidl_generator_py/videeps_pkg/videeps_pkg_s__rosidl_typesupport_c.so[0m
[100%] [32m[1mLinking C shared module rosidl_generator_py/videeps_pkg/videeps_pkg_s__rosidl_typesupport_fastrtps_c.so[0m
[100%] Built target videeps_pkg_s__rosidl_typesupport_fastrtps_c
[100%] Built target videeps_pkg_s__rosidl_typesupport_introspection_c
[100%] Built target videeps_pkg_s__rosidl_typesupport_c
-- Install configuration: ""
-- Installing: /home/videep/ROS2/projectStuff/ros_bot/install/videeps_pkg/share/ament_index/resource_index/rosidl_interfaces/videeps_pkg
-- Installing: /home/videep/ROS2/projectStuff/ros_bot/install/videeps_pkg/share/videeps_pkg/srv/SetTargetObject.json
-- Installing: /home/videep/ROS2/projectStuff/ros_bot/install/videeps_pkg/include/videeps_pkg/videeps_pkg
-- Installing: /home/videep/ROS2/projectStuff/ros_bot/install/videeps_pkg/include/videeps_pkg/videeps_pkg/srv
-- Installing: /home/videep/ROS2/projectStuff/ros_bot/install/videeps_pkg/include/videeps_pkg/videeps_pkg/srv/detail
-- Installing: /home/videep/ROS2/projectStuff/ros_bot/install/videeps_pkg/include/videeps_pkg/videeps_pkg/srv/detail/set_target_object__description.c
-- Installing: /home/videep/ROS2/projectStuff/ros_bot/install/videeps_pkg/include/videeps_pkg/videeps_pkg/srv/detail/set_target_object__functions.c
-- Installing: /home/videep/ROS2/projectStuff/ros_bot/install/videeps_pkg/include/videeps_pkg/videeps_pkg/srv/detail/set_target_object__type_support.c
-- Installing: /home/videep/ROS2/projectStuff/ros_bot/install/videeps_pkg/include/videeps_pkg/videeps_pkg/srv/detail/set_target_object__type_support.h
-- Installing: /home/videep/ROS2/projectStuff/ros_bot/install/videeps_pkg/include/videeps_pkg/videeps_pkg/srv/detail/set_target_object__struct.h
-- Installing: /home/videep/ROS2/projectStuff/ros_bot/install/videeps_pkg/include/videeps_pkg/videeps_pkg/srv/detail/set_target_object__functions.h
-- Installing: /home/videep/ROS2/projectStuff/ros_bot/install/videeps_pkg/include/videeps_pkg/videeps_pkg/srv/set_target_object.h
-- Installing: /home/videep/ROS2/projectStuff/ros_bot/install/videeps_pkg/include/videeps_pkg/videeps_pkg/msg
-- Installing: /home/videep/ROS2/projectStuff/ros_bot/install/videeps_pkg/include/videeps_pkg/videeps_pkg/msg/rosidl_generator_c__visibility_control.h
-- Installing: /home/videep/ROS2/projectStuff/ros_bot/install/videeps_pkg/share/videeps_pkg/environment/library_path.sh
-- Installing: /home/videep/ROS2/projectStuff/ros_bot/install/videeps_pkg/share/videeps_pkg/environment/library_path.dsv
-- Installing: /home/videep/ROS2/projectStuff/ros_bot/install/videeps_pkg/lib/libvideeps_pkg__rosidl_generator_c.so
-- Set non-toolchain portion of runtime path of "/home/videep/ROS2/projectStuff/ros_bot/install/videeps_pkg/lib/libvideeps_pkg__rosidl_generator_c.so" to ""
-- Up-to-date: /home/videep/ROS2/projectStuff/ros_bot/install/videeps_pkg/include/videeps_pkg/videeps_pkg
-- Up-to-date: /home/videep/ROS2/projectStuff/ros_bot/install/videeps_pkg/include/videeps_pkg/videeps_pkg/srv
-- Up-to-date: /home/videep/ROS2/projectStuff/ros_bot/install/videeps_pkg/include/videeps_pkg/videeps_pkg/srv/detail
-- Installing: /home/videep/ROS2/projectStuff/ros_bot/install/videeps_pkg/include/videeps_pkg/videeps_pkg/srv/detail/set_target_object__rosidl_typesupport_fastrtps_c.h
-- Up-to-date: /home/videep/ROS2/projectStuff/ros_bot/install/videeps_pkg/include/videeps_pkg/videeps_pkg/msg
-- Installing: /home/videep/ROS2/projectStuff/ros_bot/install/videeps_pkg/include/videeps_pkg/videeps_pkg/msg/rosidl_typesupport_fastrtps_c__visibility_control.h
-- Installing: /home/videep/ROS2/projectStuff/ros_bot/install/videeps_pkg/lib/libvideeps_pkg__rosidl_typesupport_fastrtps_c.so
-- Set non-toolchain portion of runtime path of "/home/videep/ROS2/projectStuff/ros_bot/install/videeps_pkg/lib/libvideeps_pkg__rosidl_typesupport_fastrtps_c.so" to ""
-- Up-to-date: /home/videep/ROS2/projectStuff/ros_bot/install/videeps_pkg/include/videeps_pkg/videeps_pkg
-- Up-to-date: /home/videep/ROS2/projectStuff/ros_bot/install/videeps_pkg/include/videeps_pkg/videeps_pkg/srv
-- Installing: /home/videep/ROS2/projectStuff/ros_bot/install/videeps_pkg/include/videeps_pkg/videeps_pkg/srv/set_target_object.hpp
-- Up-to-date: /home/videep/ROS2/projectStuff/ros_bot/install/videeps_pkg/include/videeps_pkg/videeps_pkg/srv/detail
-- Installing: /home/videep/ROS2/projectStuff/ros_bot/install/videeps_pkg/include/videeps_pkg/videeps_pkg/srv/detail/set_target_object__traits.hpp
-- Installing: /home/videep/ROS2/projectStuff/ros_bot/install/videeps_pkg/include/videeps_pkg/videeps_pkg/srv/detail/set_target_object__type_support.hpp
-- Installing: /home/videep/ROS2/projectStuff/ros_bot/install/videeps_pkg/include/videeps_pkg/videeps_pkg/srv/detail/set_target_object__struct.hpp
-- Installing: /home/videep/ROS2/projectStuff/ros_bot/install/videeps_pkg/include/videeps_pkg/videeps_pkg/srv/detail/set_target_object__builder.hpp
-- Up-to-date: /home/videep/ROS2/projectStuff/ros_bot/install/videeps_pkg/include/videeps_pkg/videeps_pkg/msg
-- Installing: /home/videep/ROS2/projectStuff/ros_bot/install/videeps_pkg/include/videeps_pkg/videeps_pkg/msg/rosidl_generator_cpp__visibility_control.hpp
-- Up-to-date: /home/videep/ROS2/projectStuff/ros_bot/install/videeps_pkg/include/videeps_pkg/videeps_pkg
-- Up-to-date: /home/videep/ROS2/projectStuff/ros_bot/install/videeps_pkg/include/videeps_pkg/videeps_pkg/srv
-- Up-to-date: /home/videep/ROS2/projectStuff/ros_bot/install/videeps_pkg/include/videeps_pkg/videeps_pkg/srv/detail
-- Installing: /home/videep/ROS2/projectStuff/ros_bot/install/videeps_pkg/include/videeps_pkg/videeps_pkg/srv/detail/dds_fastrtps
-- Installing: /home/videep/ROS2/projectStuff/ros_bot/install/videeps_pkg/include/videeps_pkg/videeps_pkg/srv/detail/set_target_object__rosidl_typesupport_fastrtps_cpp.hpp
-- Up-to-date: /home/videep/ROS2/projectStuff/ros_bot/install/videeps_pkg/include/videeps_pkg/videeps_pkg/msg
-- Installing: /home/videep/ROS2/projectStuff/ros_bot/install/videeps_pkg/include/videeps_pkg/videeps_pkg/msg/rosidl_typesupport_fastrtps_cpp__visibility_control.h
-- Installing: /home/videep/ROS2/projectStuff/ros_bot/install/videeps_pkg/lib/libvideeps_pkg__rosidl_typesupport_fastrtps_cpp.so
-- Set non-toolchain portion of runtime path of "/home/videep/ROS2/projectStuff/ros_bot/install/videeps_pkg/lib/libvideeps_pkg__rosidl_typesupport_fastrtps_cpp.so" to ""
-- Up-to-date: /home/videep/ROS2/projectStuff/ros_bot/install/videeps_pkg/include/videeps_pkg/videeps_pkg
-- Up-to-date: /home/videep/ROS2/projectStuff/ros_bot/install/videeps_pkg/include/videeps_pkg/videeps_pkg/srv
-- Up-to-date: /home/videep/ROS2/projectStuff/ros_bot/install/videeps_pkg/include/videeps_pkg/videeps_pkg/srv/detail
-- Installing: /home/videep/ROS2/projectStuff/ros_bot/install/videeps_pkg/include/videeps_pkg/videeps_pkg/srv/detail/set_target_object__type_support.c
-- Installing: /home/videep/ROS2/projectStuff/ros_bot/install/videeps_pkg/include/videeps_pkg/videeps_pkg/srv/detail/set_target_object__rosidl_typesupport_introspection_c.h
-- Up-to-date: /home/videep/ROS2/projectStuff/ros_bot/install/videeps_pkg/include/videeps_pkg/videeps_pkg/msg
-- Installing: /home/videep/ROS2/projectStuff/ros_bot/install/videeps_pkg/include/videeps_pkg/videeps_pkg/msg/rosidl_typesupport_introspection_c__visibility_control.h
-- Installing: /home/videep/ROS2/projectStuff/ros_bot/install/videeps_pkg/lib/libvideeps_pkg__rosidl_typesupport_introspection_c.so
-- Set non-toolchain portion of runtime path of "/home/videep/ROS2/projectStuff/ros_bot/install/videeps_pkg/lib/libvideeps_pkg__rosidl_typesupport_introspection_c.so" to ""
-- Installing: /home/videep/ROS2/projectStuff/ros_bot/install/videeps_pkg/lib/libvideeps_pkg__rosidl_typesupport_c.so
-- Set non-toolchain portion of runtime path of "/home/videep/ROS2/projectStuff/ros_bot/install/videeps_pkg/lib/libvideeps_pkg__rosidl_typesupport_c.so" to ""
-- Up-to-date: /home/videep/ROS2/projectStuff/ros_bot/install/videeps_pkg/include/videeps_pkg/videeps_pkg
-- Up-to-date: /home/videep/ROS2/projectStuff/ros_bot/install/videeps_pkg/include/videeps_pkg/videeps_pkg/srv
-- Up-to-date: /home/videep/ROS2/projectStuff/ros_bot/install/videeps_pkg/include/videeps_pkg/videeps_pkg/srv/detail
-- Installing: /home/videep/ROS2/projectStuff/ros_bot/install/videeps_pkg/include/videeps_pkg/videeps_pkg/srv/detail/set_target_object__rosidl_typesupport_introspection_cpp.hpp
-- Installing: /home/videep/ROS2/projectStuff/ros_bot/install/videeps_pkg/include/videeps_pkg/videeps_pkg/srv/detail/set_target_object__type_support.cpp
-- Installing: /home/videep/ROS2/projectStuff/ros_bot/install/videeps_pkg/lib/libvideeps_pkg__rosidl_typesupport_introspection_cpp.so
-- Set non-toolchain portion of runtime path of "/home/videep/ROS2/projectStuff/ros_bot/install/videeps_pkg/lib/libvideeps_pkg__rosidl_typesupport_introspection_cpp.so" to ""
-- Installing: /home/videep/ROS2/projectStuff/ros_bot/install/videeps_pkg/lib/libvideeps_pkg__rosidl_typesupport_cpp.so
-- Set non-toolchain portion of runtime path of "/home/videep/ROS2/projectStuff/ros_bot/install/videeps_pkg/lib/libvideeps_pkg__rosidl_typesupport_cpp.so" to ""
-- Installing: /home/videep/ROS2/projectStuff/ros_bot/install/videeps_pkg/share/videeps_pkg/environment/pythonpath.sh
-- Installing: /home/videep/ROS2/projectStuff/ros_bot/install/videeps_pkg/share/videeps_pkg/environment/pythonpath.dsv
-- Installing: /home/videep/ROS2/projectStuff/ros_bot/install/videeps_pkg/lib/python3.12/site-packages/videeps_pkg-0.0.0-py3.12.egg-info
-- Installing: /home/videep/ROS2/projectStuff/ros_bot/install/videeps_pkg/lib/python3.12/site-packages/videeps_pkg-0.0.0-py3.12.egg-info/dependency_links.txt
-- Installing: /home/videep/ROS2/projectStuff/ros_bot/install/videeps_pkg/lib/python3.12/site-packages/videeps_pkg-0.0.0-py3.12.egg-info/PKG-INFO
-- Installing: /home/videep/ROS2/projectStuff/ros_bot/install/videeps_pkg/lib/python3.12/site-packages/videeps_pkg-0.0.0-py3.12.egg-info/SOURCES.txt
-- Installing: /home/videep/ROS2/projectStuff/ros_bot/install/videeps_pkg/lib/python3.12/site-packages/videeps_pkg-0.0.0-py3.12.egg-info/top_level.txt
-- Installing: /home/videep/ROS2/projectStuff/ros_bot/install/videeps_pkg/lib/python3.12/site-packages/videeps_pkg
-- Installing: /home/videep/ROS2/projectStuff/ros_bot/install/videeps_pkg/lib/python3.12/site-packages/videeps_pkg/videeps_pkg_s__rosidl_typesupport_introspection_c.so
-- Installing: /home/videep/ROS2/projectStuff/ros_bot/install/videeps_pkg/lib/python3.12/site-packages/videeps_pkg/srv
-- Installing: /home/videep/ROS2/projectStuff/ros_bot/install/videeps_pkg/lib/python3.12/site-packages/videeps_pkg/srv/__init__.py
-- Installing: /home/videep/ROS2/projectStuff/ros_bot/install/videeps_pkg/lib/python3.12/site-packages/videeps_pkg/srv/_set_target_object.py
-- Installing: /home/videep/ROS2/projectStuff/ros_bot/install/videeps_pkg/lib/python3.12/site-packages/videeps_pkg/srv/_set_target_object_s.c
-- Installing: /home/videep/ROS2/projectStuff/ros_bot/install/videeps_pkg/lib/python3.12/site-packages/videeps_pkg/videeps_pkg_s__rosidl_typesupport_c.so
-- Installing: /home/videep/ROS2/projectStuff/ros_bot/install/videeps_pkg/lib/python3.12/site-packages/videeps_pkg/__init__.py
-- Installing: /home/videep/ROS2/projectStuff/ros_bot/install/videeps_pkg/lib/python3.12/site-packages/videeps_pkg/_videeps_pkg_s.ep.rosidl_typesupport_introspection_c.c
-- Installing: /home/videep/ROS2/projectStuff/ros_bot/install/videeps_pkg/lib/python3.12/site-packages/videeps_pkg/_videeps_pkg_s.ep.rosidl_typesupport_fastrtps_c.c
-- Installing: /home/videep/ROS2/projectStuff/ros_bot/install/videeps_pkg/lib/python3.12/site-packages/videeps_pkg/_videeps_pkg_s.ep.rosidl_typesupport_c.c
-- Installing: /home/videep/ROS2/projectStuff/ros_bot/install/videeps_pkg/lib/python3.12/site-packages/videeps_pkg/videeps_pkg_s__rosidl_typesupport_fastrtps_c.so
Listing '/home/videep/ROS2/projectStuff/ros_bot/install/videeps_pkg/lib/python3.12/site-packages/videeps_pkg'...
Compiling '/home/videep/ROS2/projectStuff/ros_bot/install/videeps_pkg/lib/python3.12/site-packages/videeps_pkg/__init__.py'...
Listing '/home/videep/ROS2/projectStuff/ros_bot/install/videeps_pkg/lib/python3.12/site-packages/videeps_pkg/srv'...
Compiling '/home/videep/ROS2/projectStuff/ros_bot/install/videeps_pkg/lib/python3.12/site-packages/videeps_pkg/srv/__init__.py'...
Compiling '/home/videep/ROS2/projectStuff/ros_bot/install/videeps_pkg/lib/python3.12/site-packages/videeps_pkg/srv/_set_target_object.py'...
-- Installing: /home/videep/ROS2/projectStuff/ros_bot/install/videeps_pkg/lib/python3.12/site-packages/videeps_pkg/videeps_pkg_s__rosidl_typesupport_fastrtps_c.so
-- Set non-toolchain portion of runtime path of "/home/videep/ROS2/projectStuff/ros_bot/install/videeps_pkg/lib/python3.12/site-packages/videeps_pkg/videeps_pkg_s__rosidl_typesupport_fastrtps_c.so" to ""
-- Installing: /home/videep/ROS2/projectStuff/ros_bot/install/videeps_pkg/lib/python3.12/site-packages/videeps_pkg/videeps_pkg_s__rosidl_typesupport_introspection_c.so
-- Set non-toolchain portion of runtime path of "/home/videep/ROS2/projectStuff/ros_bot/install/videeps_pkg/lib/python3.12/site-packages/videeps_pkg/videeps_pkg_s__rosidl_typesupport_introspection_c.so" to ""
-- Installing: /home/videep/ROS2/projectStuff/ros_bot/install/videeps_pkg/lib/python3.12/site-packages/videeps_pkg/videeps_pkg_s__rosidl_typesupport_c.so
-- Set non-toolchain portion of runtime path of "/home/videep/ROS2/projectStuff/ros_bot/install/videeps_pkg/lib/python3.12/site-packages/videeps_pkg/videeps_pkg_s__rosidl_typesupport_c.so" to ""
-- Installing: /home/videep/ROS2/projectStuff/ros_bot/install/videeps_pkg/lib/libvideeps_pkg__rosidl_generator_py.so
-- Set non-toolchain portion of runtime path of "/home/videep/ROS2/projectStuff/ros_bot/install/videeps_pkg/lib/libvideeps_pkg__rosidl_generator_py.so" to ""
-- Installing: /home/videep/ROS2/projectStuff/ros_bot/install/videeps_pkg/share/videeps_pkg/srv/SetTargetObject.idl
-- Installing: /home/videep/ROS2/projectStuff/ros_bot/install/videeps_pkg/share/videeps_pkg/srv/SetTargetObject.srv
-- Installing: /home/videep/ROS2/projectStuff/ros_bot/install/videeps_pkg/share/ament_index/resource_index/package_run_dependencies/videeps_pkg
-- Installing: /home/videep/ROS2/projectStuff/ros_bot/install/videeps_pkg/share/ament_index/resource_index/parent_prefix_path/videeps_pkg
-- Installing: /home/videep/ROS2/projectStuff/ros_bot/install/videeps_pkg/share/videeps_pkg/environment/ament_prefix_path.sh
-- Installing: /home/videep/ROS2/projectStuff/ros_bot/install/videeps_pkg/share/videeps_pkg/environment/ament_prefix_path.dsv
-- Installing: /home/videep/ROS2/projectStuff/ros_bot/install/videeps_pkg/share/videeps_pkg/environment/path.sh
-- Installing: /home/videep/ROS2/projectStuff/ros_bot/install/videeps_pkg/share/videeps_pkg/environment/path.dsv
-- Installing: /home/videep/ROS2/projectStuff/ros_bot/install/videeps_pkg/share/videeps_pkg/local_setup.bash
-- Installing: /home/videep/ROS2/projectStuff/ros_bot/install/videeps_pkg/share/videeps_pkg/local_setup.sh
-- Installing: /home/videep/ROS2/projectStuff/ros_bot/install/videeps_pkg/share/videeps_pkg/local_setup.zsh
-- Installing: /home/videep/ROS2/projectStuff/ros_bot/install/videeps_pkg/share/videeps_pkg/local_setup.dsv
-- Up-to-date: /home/videep/ROS2/projectStuff/ros_bot/install/videeps_pkg/share/videeps_pkg/package.dsv
-- Installing: /home/videep/ROS2/projectStuff/ros_bot/install/videeps_pkg/share/ament_index/resource_index/packages/videeps_pkg
-- Installing: /home/videep/ROS2/projectStuff/ros_bot/install/videeps_pkg/share/videeps_pkg/cmake/export_videeps_pkg__rosidl_generator_cExport.cmake
-- Installing: /home/videep/ROS2/projectStuff/ros_bot/install/videeps_pkg/share/videeps_pkg/cmake/export_videeps_pkg__rosidl_generator_cExport-noconfig.cmake
-- Installing: /home/videep/ROS2/projectStuff/ros_bot/install/videeps_pkg/share/videeps_pkg/cmake/export_videeps_pkg__rosidl_typesupport_fastrtps_cExport.cmake
-- Installing: /home/videep/ROS2/projectStuff/ros_bot/install/videeps_pkg/share/videeps_pkg/cmake/export_videeps_pkg__rosidl_typesupport_fastrtps_cExport-noconfig.cmake
-- Installing: /home/videep/ROS2/projectStuff/ros_bot/install/videeps_pkg/share/videeps_pkg/cmake/export_videeps_pkg__rosidl_generator_cppExport.cmake
-- Installing: /home/videep/ROS2/projectStuff/ros_bot/install/videeps_pkg/share/videeps_pkg/cmake/export_videeps_pkg__rosidl_typesupport_fastrtps_cppExport.cmake
-- Installing: /home/videep/ROS2/projectStuff/ros_bot/install/videeps_pkg/share/videeps_pkg/cmake/export_videeps_pkg__rosidl_typesupport_fastrtps_cppExport-noconfig.cmake
-- Installing: /home/videep/ROS2/projectStuff/ros_bot/install/videeps_pkg/share/videeps_pkg/cmake/videeps_pkg__rosidl_typesupport_introspection_cExport.cmake
-- Installing: /home/videep/ROS2/projectStuff/ros_bot/install/videeps_pkg/share/videeps_pkg/cmake/videeps_pkg__rosidl_typesupport_introspection_cExport-noconfig.cmake
-- Installing: /home/videep/ROS2/projectStuff/ros_bot/install/videeps_pkg/share/videeps_pkg/cmake/videeps_pkg__rosidl_typesupport_cExport.cmake
-- Installing: /home/videep/ROS2/projectStuff/ros_bot/install/videeps_pkg/share/videeps_pkg/cmake/videeps_pkg__rosidl_typesupport_cExport-noconfig.cmake
-- Installing: /home/videep/ROS2/projectStuff/ros_bot/install/videeps_pkg/share/videeps_pkg/cmake/videeps_pkg__rosidl_typesupport_introspection_cppExport.cmake
-- Installing: /home/videep/ROS2/projectStuff/ros_bot/install/videeps_pkg/share/videeps_pkg/cmake/videeps_pkg__rosidl_typesupport_introspection_cppExport-noconfig.cmake
-- Installing: /home/videep/ROS2/projectStuff/ros_bot/install/videeps_pkg/share/videeps_pkg/cmake/videeps_pkg__rosidl_typesupport_cppExport.cmake
-- Installing: /home/videep/ROS2/projectStuff/ros_bot/install/videeps_pkg/share/videeps_pkg/cmake/videeps_pkg__rosidl_typesupport_cppExport-noconfig.cmake
-- Installing: /home/videep/ROS2/projectStuff/ros_bot/install/videeps_pkg/share/videeps_pkg/cmake/export_videeps_pkg__rosidl_generator_pyExport.cmake
-- Installing: /home/videep/ROS2/projectStuff/ros_bot/install/videeps_pkg/share/videeps_pkg/cmake/export_videeps_pkg__rosidl_generator_pyExport-noconfig.cmake
-- Installing: /home/videep/ROS2/projectStuff/ros_bot/install/videeps_pkg/share/videeps_pkg/cmake/rosidl_cmake-extras.cmake
-- Installing: /home/videep/ROS2/projectStuff/ros_bot/install/videeps_pkg/share/videeps_pkg/cmake/ament_cmake_export_dependencies-extras.cmake
-- Installing: /home/videep/ROS2/projectStuff/ros_bot/install/videeps_pkg/share/videeps_pkg/cmake/ament_cmake_export_include_directories-extras.cmake
-- Installing: /home/videep/ROS2/projectStuff/ros_bot/install/videeps_pkg/share/videeps_pkg/cmake/ament_cmake_export_libraries-extras.cmake
-- Installing: /home/videep/ROS2/projectStuff/ros_bot/install/videeps_pkg/share/videeps_pkg/cmake/ament_cmake_export_targets-extras.cmake
-- Installing: /home/videep/ROS2/projectStuff/ros_bot/install/videeps_pkg/share/videeps_pkg/cmake/rosidl_cmake_export_typesupport_targets-extras.cmake
-- Installing: /home/videep/ROS2/projectStuff/ros_bot/install/videeps_pkg/share/videeps_pkg/cmake/rosidl_cmake_export_typesupport_libraries-extras.cmake
-- Installing: /home/videep/ROS2/projectStuff/ros_bot/install/videeps_pkg/share/videeps_pkg/cmake/videeps_pkgConfig.cmake
-- Installing: /home/videep/ROS2/projectStuff/ros_bot/install/videeps_pkg/share/videeps_pkg/cmake/videeps_pkgConfig-version.cmake
-- Installing: /home/videep/ROS2/projectStuff/ros_bot/install/videeps_pkg/share/videeps_pkg/package.xml
