[0.032s] Invoking command in '/home/videep/ROS2/projectStuff/ros_bot/build/videeps_pkg': CMAKE_PREFIX_PATH=${CMAKE_PREFIX_PATH}:/home/videep/ROS2/install/py_srvcli:/home/videep/ROS2/install/py_pubsub:/home/videep/ROS2/install/python_parameters:/home/videep/ROS2/install/my_package:/home/videep/ROS2/install/launch_testing_examples:/home/videep/ROS2/install/examples_rclpy_pointcloud_publisher:/home/videep/ROS2/install/examples_rclpy_minimal_subscriber:/home/videep/ROS2/install/examples_rclpy_minimal_service:/home/videep/ROS2/install/examples_rclpy_minimal_publisher:/home/videep/ROS2/install/examples_rclpy_minimal_client:/home/videep/ROS2/install/examples_rclpy_minimal_action_server:/home/videep/ROS2/install/examples_rclpy_minimal_action_client:/home/videep/ROS2/install/examples_rclpy_guard_conditions:/home/videep/ROS2/install/examples_rclpy_executors:/home/videep/ROS2/install/bme_ros2_tutorials_py:/opt/ros/jazzy DEBUGINFOD_URLS=https://debuginfod.ubuntu.com PS1=(videepsenv) \[\e]0;\u@\h: \w\a\]${debian_chroot:+($debian_chroot)}\[\033[01;32m\]\u@\h\[\033[00m\]:\[\033[01;34m\]\w\[\033[00m\]\$ VIRTUAL_ENV_PROMPT=(videepsenv) /usr/bin/cmake --build /home/videep/ROS2/projectStuff/ros_bot/build/videeps_pkg -- -j32 -l32
[0.136s] [  2%] [34m[1mGenerating type hashes for ROS interfaces[0m
[0.153s] [  2%] Built target ament_cmake_python_copy_videeps_pkg
[0.466s] [  2%] Built target videeps_pkg__rosidl_generator_type_description
[0.487s] [  5%] [34m[1mGenerating C code for ROS interfaces[0m
[0.507s] [  8%] [34m[1mGenerating C++ code for ROS interfaces[0m
[0.515s] running egg_info
[0.542s] writing videeps_pkg.egg-info/PKG-INFO
[0.542s] writing dependency_links to videeps_pkg.egg-info/dependency_links.txt
[0.543s] writing top-level names to videeps_pkg.egg-info/top_level.txt
[0.621s] reading manifest file 'videeps_pkg.egg-info/SOURCES.txt'
[0.623s] writing manifest file 'videeps_pkg.egg-info/SOURCES.txt'
[0.676s] [  8%] Built target ament_cmake_python_build_videeps_pkg_egg
[0.982s] [  8%] Built target videeps_pkg__cpp
[1.019s] [ 11%] [32mBuilding C object CMakeFiles/videeps_pkg__rosidl_generator_c.dir/rosidl_generator_c/videeps_pkg/srv/detail/set_target_object__functions.c.o[0m
[1.020s] [ 17%] [32mBuilding C object CMakeFiles/videeps_pkg__rosidl_generator_c.dir/rosidl_generator_c/videeps_pkg/srv/detail/set_target_object__type_support.c.o[0m
[1.020s] [ 17%] [32mBuilding C object CMakeFiles/videeps_pkg__rosidl_generator_c.dir/rosidl_generator_c/videeps_pkg/srv/detail/set_target_object__description.c.o[0m
[1.135s] [ 20%] [32m[1mLinking C shared library libvideeps_pkg__rosidl_generator_c.so[0m
[1.195s] [ 20%] Built target videeps_pkg__rosidl_generator_c
[1.214s] [ 23%] [34m[1mGenerating C type support for eProsima Fast-RTPS[0m
[1.214s] [ 26%] [34m[1mGenerating C++ type support dispatch for ROS interfaces[0m
[1.215s] [ 29%] [34m[1mGenerating C++ introspection for ROS interfaces[0m
[1.215s] [ 32%] [34m[1mGenerating C type support dispatch for ROS interfaces[0m
[1.215s] [ 35%] [34m[1mGenerating C++ type support for eProsima Fast-RTPS[0m
[1.215s] [ 38%] [34m[1mGenerating C introspection for ROS interfaces[0m
[1.626s] [ 41%] [32mBuilding CXX object CMakeFiles/videeps_pkg__rosidl_typesupport_cpp.dir/rosidl_typesupport_cpp/videeps_pkg/srv/set_target_object__type_support.cpp.o[0m
[1.627s] [ 44%] [32mBuilding CXX object CMakeFiles/videeps_pkg__rosidl_typesupport_c.dir/rosidl_typesupport_c/videeps_pkg/srv/set_target_object__type_support.cpp.o[0m
[1.677s] [ 47%] [32mBuilding CXX object CMakeFiles/videeps_pkg__rosidl_typesupport_introspection_cpp.dir/rosidl_typesupport_introspection_cpp/videeps_pkg/srv/detail/set_target_object__type_support.cpp.o[0m
[1.687s] [ 50%] [32mBuilding C object CMakeFiles/videeps_pkg__rosidl_typesupport_introspection_c.dir/rosidl_typesupport_introspection_c/videeps_pkg/srv/detail/set_target_object__type_support.c.o[0m
[1.713s] [ 52%] [32m[1mLinking CXX shared library libvideeps_pkg__rosidl_typesupport_c.so[0m
[1.765s] [ 55%] [32mBuilding CXX object CMakeFiles/videeps_pkg__rosidl_typesupport_fastrtps_cpp.dir/rosidl_typesupport_fastrtps_cpp/videeps_pkg/srv/detail/dds_fastrtps/set_target_object__type_support.cpp.o[0m
[1.772s] [ 58%] [32m[1mLinking C shared library libvideeps_pkg__rosidl_typesupport_introspection_c.so[0m
[1.790s] [ 58%] Built target videeps_pkg__rosidl_typesupport_c
[1.792s] [ 61%] [32mBuilding CXX object CMakeFiles/videeps_pkg__rosidl_typesupport_fastrtps_c.dir/rosidl_typesupport_fastrtps_c/videeps_pkg/srv/detail/set_target_object__type_support_c.cpp.o[0m
[1.836s] [ 61%] Built target videeps_pkg__rosidl_typesupport_introspection_c
[2.187s] [ 64%] [32m[1mLinking CXX shared library libvideeps_pkg__rosidl_typesupport_cpp.so[0m
[2.285s] [ 67%] [32m[1mLinking CXX shared library libvideeps_pkg__rosidl_typesupport_introspection_cpp.so[0m
[2.311s] [ 67%] Built target videeps_pkg__rosidl_typesupport_cpp
[2.406s] [ 67%] Built target videeps_pkg__rosidl_typesupport_introspection_cpp
[2.477s] [ 70%] [32m[1mLinking CXX shared library libvideeps_pkg__rosidl_typesupport_fastrtps_c.so[0m
[2.580s] [ 70%] Built target videeps_pkg__rosidl_typesupport_fastrtps_c
[2.597s] [ 73%] [32m[1mLinking CXX shared library libvideeps_pkg__rosidl_typesupport_fastrtps_cpp.so[0m
[2.688s] [ 73%] Built target videeps_pkg__rosidl_typesupport_fastrtps_cpp
[2.717s] [ 73%] Built target videeps_pkg
[2.749s] [ 76%] [34m[1mGenerating Python code for ROS interfaces[0m
[3.188s] [ 76%] Built target videeps_pkg__py
[3.219s] [ 79%] [32mBuilding C object CMakeFiles/videeps_pkg__rosidl_generator_py.dir/rosidl_generator_py/videeps_pkg/srv/_set_target_object_s.c.o[0m
[3.391s] [ 82%] [32m[1mLinking C shared library libvideeps_pkg__rosidl_generator_py.so[0m
[3.451s] [ 82%] Built target videeps_pkg__rosidl_generator_py
[3.484s] [ 85%] [32mBuilding C object CMakeFiles/videeps_pkg_s__rosidl_typesupport_introspection_c.dir/rosidl_generator_py/videeps_pkg/_videeps_pkg_s.ep.rosidl_typesupport_introspection_c.c.o[0m
[3.484s] [ 88%] [32mBuilding C object CMakeFiles/videeps_pkg_s__rosidl_typesupport_fastrtps_c.dir/rosidl_generator_py/videeps_pkg/_videeps_pkg_s.ep.rosidl_typesupport_fastrtps_c.c.o[0m
[3.485s] [ 91%] [32mBuilding C object CMakeFiles/videeps_pkg_s__rosidl_typesupport_c.dir/rosidl_generator_py/videeps_pkg/_videeps_pkg_s.ep.rosidl_typesupport_c.c.o[0m
[3.638s] [ 94%] [32m[1mLinking C shared module rosidl_generator_py/videeps_pkg/videeps_pkg_s__rosidl_typesupport_introspection_c.so[0m
[3.639s] [ 97%] [32m[1mLinking C shared module rosidl_generator_py/videeps_pkg/videeps_pkg_s__rosidl_typesupport_c.so[0m
[3.641s] [100%] [32m[1mLinking C shared module rosidl_generator_py/videeps_pkg/videeps_pkg_s__rosidl_typesupport_fastrtps_c.so[0m
[3.690s] [100%] Built target videeps_pkg_s__rosidl_typesupport_fastrtps_c
[3.690s] [100%] Built target videeps_pkg_s__rosidl_typesupport_introspection_c
[3.690s] [100%] Built target videeps_pkg_s__rosidl_typesupport_c
[3.708s] Invoked command in '/home/videep/ROS2/projectStuff/ros_bot/build/videeps_pkg' returned '0': CMAKE_PREFIX_PATH=${CMAKE_PREFIX_PATH}:/home/videep/ROS2/install/py_srvcli:/home/videep/ROS2/install/py_pubsub:/home/videep/ROS2/install/python_parameters:/home/videep/ROS2/install/my_package:/home/videep/ROS2/install/launch_testing_examples:/home/videep/ROS2/install/examples_rclpy_pointcloud_publisher:/home/videep/ROS2/install/examples_rclpy_minimal_subscriber:/home/videep/ROS2/install/examples_rclpy_minimal_service:/home/videep/ROS2/install/examples_rclpy_minimal_publisher:/home/videep/ROS2/install/examples_rclpy_minimal_client:/home/videep/ROS2/install/examples_rclpy_minimal_action_server:/home/videep/ROS2/install/examples_rclpy_minimal_action_client:/home/videep/ROS2/install/examples_rclpy_guard_conditions:/home/videep/ROS2/install/examples_rclpy_executors:/home/videep/ROS2/install/bme_ros2_tutorials_py:/opt/ros/jazzy DEBUGINFOD_URLS=https://debuginfod.ubuntu.com PS1=(videepsenv) \[\e]0;\u@\h: \w\a\]${debian_chroot:+($debian_chroot)}\[\033[01;32m\]\u@\h\[\033[00m\]:\[\033[01;34m\]\w\[\033[00m\]\$ VIRTUAL_ENV_PROMPT=(videepsenv) /usr/bin/cmake --build /home/videep/ROS2/projectStuff/ros_bot/build/videeps_pkg -- -j32 -l32
[3.710s] Invoking command in '/home/videep/ROS2/projectStuff/ros_bot/build/videeps_pkg': CMAKE_PREFIX_PATH=${CMAKE_PREFIX_PATH}:/home/videep/ROS2/install/py_srvcli:/home/videep/ROS2/install/py_pubsub:/home/videep/ROS2/install/python_parameters:/home/videep/ROS2/install/my_package:/home/videep/ROS2/install/launch_testing_examples:/home/videep/ROS2/install/examples_rclpy_pointcloud_publisher:/home/videep/ROS2/install/examples_rclpy_minimal_subscriber:/home/videep/ROS2/install/examples_rclpy_minimal_service:/home/videep/ROS2/install/examples_rclpy_minimal_publisher:/home/videep/ROS2/install/examples_rclpy_minimal_client:/home/videep/ROS2/install/examples_rclpy_minimal_action_server:/home/videep/ROS2/install/examples_rclpy_minimal_action_client:/home/videep/ROS2/install/examples_rclpy_guard_conditions:/home/videep/ROS2/install/examples_rclpy_executors:/home/videep/ROS2/install/bme_ros2_tutorials_py:/opt/ros/jazzy DEBUGINFOD_URLS=https://debuginfod.ubuntu.com PS1=(videepsenv) \[\e]0;\u@\h: \w\a\]${debian_chroot:+($debian_chroot)}\[\033[01;32m\]\u@\h\[\033[00m\]:\[\033[01;34m\]\w\[\033[00m\]\$ VIRTUAL_ENV_PROMPT=(videepsenv) /usr/bin/cmake --install /home/videep/ROS2/projectStuff/ros_bot/build/videeps_pkg
[3.723s] -- Install configuration: ""
[3.723s] -- Installing: /home/videep/ROS2/projectStuff/ros_bot/install/videeps_pkg/share/ament_index/resource_index/rosidl_interfaces/videeps_pkg
[3.723s] -- Installing: /home/videep/ROS2/projectStuff/ros_bot/install/videeps_pkg/share/videeps_pkg/srv/SetTargetObject.json
[3.723s] -- Installing: /home/videep/ROS2/projectStuff/ros_bot/install/videeps_pkg/include/videeps_pkg/videeps_pkg
[3.724s] -- Installing: /home/videep/ROS2/projectStuff/ros_bot/install/videeps_pkg/include/videeps_pkg/videeps_pkg/srv
[3.724s] -- Installing: /home/videep/ROS2/projectStuff/ros_bot/install/videeps_pkg/include/videeps_pkg/videeps_pkg/srv/detail
[3.724s] -- Installing: /home/videep/ROS2/projectStuff/ros_bot/install/videeps_pkg/include/videeps_pkg/videeps_pkg/srv/detail/set_target_object__description.c
[3.724s] -- Installing: /home/videep/ROS2/projectStuff/ros_bot/install/videeps_pkg/include/videeps_pkg/videeps_pkg/srv/detail/set_target_object__functions.c
[3.724s] -- Installing: /home/videep/ROS2/projectStuff/ros_bot/install/videeps_pkg/include/videeps_pkg/videeps_pkg/srv/detail/set_target_object__type_support.c
[3.724s] -- Installing: /home/videep/ROS2/projectStuff/ros_bot/install/videeps_pkg/include/videeps_pkg/videeps_pkg/srv/detail/set_target_object__type_support.h
[3.725s] -- Installing: /home/videep/ROS2/projectStuff/ros_bot/install/videeps_pkg/include/videeps_pkg/videeps_pkg/srv/detail/set_target_object__struct.h
[3.725s] -- Installing: /home/videep/ROS2/projectStuff/ros_bot/install/videeps_pkg/include/videeps_pkg/videeps_pkg/srv/detail/set_target_object__functions.h
[3.725s] -- Installing: /home/videep/ROS2/projectStuff/ros_bot/install/videeps_pkg/include/videeps_pkg/videeps_pkg/srv/set_target_object.h
[3.725s] -- Installing: /home/videep/ROS2/projectStuff/ros_bot/install/videeps_pkg/include/videeps_pkg/videeps_pkg/msg
[3.725s] -- Installing: /home/videep/ROS2/projectStuff/ros_bot/install/videeps_pkg/include/videeps_pkg/videeps_pkg/msg/rosidl_generator_c__visibility_control.h
[3.725s] -- Installing: /home/videep/ROS2/projectStuff/ros_bot/install/videeps_pkg/share/videeps_pkg/environment/library_path.sh
[3.725s] -- Installing: /home/videep/ROS2/projectStuff/ros_bot/install/videeps_pkg/share/videeps_pkg/environment/library_path.dsv
[3.726s] -- Installing: /home/videep/ROS2/projectStuff/ros_bot/install/videeps_pkg/lib/libvideeps_pkg__rosidl_generator_c.so
[3.726s] -- Set non-toolchain portion of runtime path of "/home/videep/ROS2/projectStuff/ros_bot/install/videeps_pkg/lib/libvideeps_pkg__rosidl_generator_c.so" to ""
[3.726s] -- Up-to-date: /home/videep/ROS2/projectStuff/ros_bot/install/videeps_pkg/include/videeps_pkg/videeps_pkg
[3.726s] -- Up-to-date: /home/videep/ROS2/projectStuff/ros_bot/install/videeps_pkg/include/videeps_pkg/videeps_pkg/srv
[3.727s] -- Up-to-date: /home/videep/ROS2/projectStuff/ros_bot/install/videeps_pkg/include/videeps_pkg/videeps_pkg/srv/detail
[3.727s] -- Installing: /home/videep/ROS2/projectStuff/ros_bot/install/videeps_pkg/include/videeps_pkg/videeps_pkg/srv/detail/set_target_object__rosidl_typesupport_fastrtps_c.h
[3.727s] -- Up-to-date: /home/videep/ROS2/projectStuff/ros_bot/install/videeps_pkg/include/videeps_pkg/videeps_pkg/msg
[3.727s] -- Installing: /home/videep/ROS2/projectStuff/ros_bot/install/videeps_pkg/include/videeps_pkg/videeps_pkg/msg/rosidl_typesupport_fastrtps_c__visibility_control.h
[3.727s] -- Installing: /home/videep/ROS2/projectStuff/ros_bot/install/videeps_pkg/lib/libvideeps_pkg__rosidl_typesupport_fastrtps_c.so
[3.727s] -- Set non-toolchain portion of runtime path of "/home/videep/ROS2/projectStuff/ros_bot/install/videeps_pkg/lib/libvideeps_pkg__rosidl_typesupport_fastrtps_c.so" to ""
[3.728s] -- Up-to-date: /home/videep/ROS2/projectStuff/ros_bot/install/videeps_pkg/include/videeps_pkg/videeps_pkg
[3.728s] -- Up-to-date: /home/videep/ROS2/projectStuff/ros_bot/install/videeps_pkg/include/videeps_pkg/videeps_pkg/srv
[3.728s] -- Installing: /home/videep/ROS2/projectStuff/ros_bot/install/videeps_pkg/include/videeps_pkg/videeps_pkg/srv/set_target_object.hpp
[3.728s] -- Up-to-date: /home/videep/ROS2/projectStuff/ros_bot/install/videeps_pkg/include/videeps_pkg/videeps_pkg/srv/detail
[3.728s] -- Installing: /home/videep/ROS2/projectStuff/ros_bot/install/videeps_pkg/include/videeps_pkg/videeps_pkg/srv/detail/set_target_object__traits.hpp
[3.729s] -- Installing: /home/videep/ROS2/projectStuff/ros_bot/install/videeps_pkg/include/videeps_pkg/videeps_pkg/srv/detail/set_target_object__type_support.hpp
[3.729s] -- Installing: /home/videep/ROS2/projectStuff/ros_bot/install/videeps_pkg/include/videeps_pkg/videeps_pkg/srv/detail/set_target_object__struct.hpp
[3.729s] -- Installing: /home/videep/ROS2/projectStuff/ros_bot/install/videeps_pkg/include/videeps_pkg/videeps_pkg/srv/detail/set_target_object__builder.hpp
[3.729s] -- Up-to-date: /home/videep/ROS2/projectStuff/ros_bot/install/videeps_pkg/include/videeps_pkg/videeps_pkg/msg
[3.729s] -- Installing: /home/videep/ROS2/projectStuff/ros_bot/install/videeps_pkg/include/videeps_pkg/videeps_pkg/msg/rosidl_generator_cpp__visibility_control.hpp
[3.730s] -- Up-to-date: /home/videep/ROS2/projectStuff/ros_bot/install/videeps_pkg/include/videeps_pkg/videeps_pkg
[3.730s] -- Up-to-date: /home/videep/ROS2/projectStuff/ros_bot/install/videeps_pkg/include/videeps_pkg/videeps_pkg/srv
[3.730s] -- Up-to-date: /home/videep/ROS2/projectStuff/ros_bot/install/videeps_pkg/include/videeps_pkg/videeps_pkg/srv/detail
[3.730s] -- Installing: /home/videep/ROS2/projectStuff/ros_bot/install/videeps_pkg/include/videeps_pkg/videeps_pkg/srv/detail/dds_fastrtps
[3.730s] -- Installing: /home/videep/ROS2/projectStuff/ros_bot/install/videeps_pkg/include/videeps_pkg/videeps_pkg/srv/detail/set_target_object__rosidl_typesupport_fastrtps_cpp.hpp
[3.731s] -- Up-to-date: /home/videep/ROS2/projectStuff/ros_bot/install/videeps_pkg/include/videeps_pkg/videeps_pkg/msg
[3.731s] -- Installing: /home/videep/ROS2/projectStuff/ros_bot/install/videeps_pkg/include/videeps_pkg/videeps_pkg/msg/rosidl_typesupport_fastrtps_cpp__visibility_control.h
[3.731s] -- Installing: /home/videep/ROS2/projectStuff/ros_bot/install/videeps_pkg/lib/libvideeps_pkg__rosidl_typesupport_fastrtps_cpp.so
[3.731s] -- Set non-toolchain portion of runtime path of "/home/videep/ROS2/projectStuff/ros_bot/install/videeps_pkg/lib/libvideeps_pkg__rosidl_typesupport_fastrtps_cpp.so" to ""
[3.731s] -- Up-to-date: /home/videep/ROS2/projectStuff/ros_bot/install/videeps_pkg/include/videeps_pkg/videeps_pkg
[3.731s] -- Up-to-date: /home/videep/ROS2/projectStuff/ros_bot/install/videeps_pkg/include/videeps_pkg/videeps_pkg/srv
[3.731s] -- Up-to-date: /home/videep/ROS2/projectStuff/ros_bot/install/videeps_pkg/include/videeps_pkg/videeps_pkg/srv/detail
[3.731s] -- Installing: /home/videep/ROS2/projectStuff/ros_bot/install/videeps_pkg/include/videeps_pkg/videeps_pkg/srv/detail/set_target_object__type_support.c
[3.731s] -- Installing: /home/videep/ROS2/projectStuff/ros_bot/install/videeps_pkg/include/videeps_pkg/videeps_pkg/srv/detail/set_target_object__rosidl_typesupport_introspection_c.h
[3.731s] -- Up-to-date: /home/videep/ROS2/projectStuff/ros_bot/install/videeps_pkg/include/videeps_pkg/videeps_pkg/msg
[3.731s] -- Installing: /home/videep/ROS2/projectStuff/ros_bot/install/videeps_pkg/include/videeps_pkg/videeps_pkg/msg/rosidl_typesupport_introspection_c__visibility_control.h
[3.731s] -- Installing: /home/videep/ROS2/projectStuff/ros_bot/install/videeps_pkg/lib/libvideeps_pkg__rosidl_typesupport_introspection_c.so
[3.732s] -- Set non-toolchain portion of runtime path of "/home/videep/ROS2/projectStuff/ros_bot/install/videeps_pkg/lib/libvideeps_pkg__rosidl_typesupport_introspection_c.so" to ""
[3.732s] -- Installing: /home/videep/ROS2/projectStuff/ros_bot/install/videeps_pkg/lib/libvideeps_pkg__rosidl_typesupport_c.so
[3.732s] -- Set non-toolchain portion of runtime path of "/home/videep/ROS2/projectStuff/ros_bot/install/videeps_pkg/lib/libvideeps_pkg__rosidl_typesupport_c.so" to ""
[3.732s] -- Up-to-date: /home/videep/ROS2/projectStuff/ros_bot/install/videeps_pkg/include/videeps_pkg/videeps_pkg
[3.732s] -- Up-to-date: /home/videep/ROS2/projectStuff/ros_bot/install/videeps_pkg/include/videeps_pkg/videeps_pkg/srv
[3.732s] -- Up-to-date: /home/videep/ROS2/projectStuff/ros_bot/install/videeps_pkg/include/videeps_pkg/videeps_pkg/srv/detail
[3.732s] -- Installing: /home/videep/ROS2/projectStuff/ros_bot/install/videeps_pkg/include/videeps_pkg/videeps_pkg/srv/detail/set_target_object__rosidl_typesupport_introspection_cpp.hpp
[3.732s] -- Installing: /home/videep/ROS2/projectStuff/ros_bot/install/videeps_pkg/include/videeps_pkg/videeps_pkg/srv/detail/set_target_object__type_support.cpp
[3.732s] -- Installing: /home/videep/ROS2/projectStuff/ros_bot/install/videeps_pkg/lib/libvideeps_pkg__rosidl_typesupport_introspection_cpp.so
[3.733s] -- Set non-toolchain portion of runtime path of "/home/videep/ROS2/projectStuff/ros_bot/install/videeps_pkg/lib/libvideeps_pkg__rosidl_typesupport_introspection_cpp.so" to ""
[3.733s] -- Installing: /home/videep/ROS2/projectStuff/ros_bot/install/videeps_pkg/lib/libvideeps_pkg__rosidl_typesupport_cpp.so
[3.733s] -- Set non-toolchain portion of runtime path of "/home/videep/ROS2/projectStuff/ros_bot/install/videeps_pkg/lib/libvideeps_pkg__rosidl_typesupport_cpp.so" to ""
[3.733s] -- Installing: /home/videep/ROS2/projectStuff/ros_bot/install/videeps_pkg/share/videeps_pkg/environment/pythonpath.sh
[3.733s] -- Installing: /home/videep/ROS2/projectStuff/ros_bot/install/videeps_pkg/share/videeps_pkg/environment/pythonpath.dsv
[3.733s] -- Installing: /home/videep/ROS2/projectStuff/ros_bot/install/videeps_pkg/lib/python3.12/site-packages/videeps_pkg-0.0.0-py3.12.egg-info
[3.733s] -- Installing: /home/videep/ROS2/projectStuff/ros_bot/install/videeps_pkg/lib/python3.12/site-packages/videeps_pkg-0.0.0-py3.12.egg-info/dependency_links.txt
[3.734s] -- Installing: /home/videep/ROS2/projectStuff/ros_bot/install/videeps_pkg/lib/python3.12/site-packages/videeps_pkg-0.0.0-py3.12.egg-info/PKG-INFO
[3.734s] -- Installing: /home/videep/ROS2/projectStuff/ros_bot/install/videeps_pkg/lib/python3.12/site-packages/videeps_pkg-0.0.0-py3.12.egg-info/SOURCES.txt
[3.734s] -- Installing: /home/videep/ROS2/projectStuff/ros_bot/install/videeps_pkg/lib/python3.12/site-packages/videeps_pkg-0.0.0-py3.12.egg-info/top_level.txt
[3.734s] -- Installing: /home/videep/ROS2/projectStuff/ros_bot/install/videeps_pkg/lib/python3.12/site-packages/videeps_pkg
[3.734s] -- Installing: /home/videep/ROS2/projectStuff/ros_bot/install/videeps_pkg/lib/python3.12/site-packages/videeps_pkg/videeps_pkg_s__rosidl_typesupport_introspection_c.so
[3.734s] -- Installing: /home/videep/ROS2/projectStuff/ros_bot/install/videeps_pkg/lib/python3.12/site-packages/videeps_pkg/srv
[3.734s] -- Installing: /home/videep/ROS2/projectStuff/ros_bot/install/videeps_pkg/lib/python3.12/site-packages/videeps_pkg/srv/__init__.py
[3.734s] -- Installing: /home/videep/ROS2/projectStuff/ros_bot/install/videeps_pkg/lib/python3.12/site-packages/videeps_pkg/srv/_set_target_object.py
[3.734s] -- Installing: /home/videep/ROS2/projectStuff/ros_bot/install/videeps_pkg/lib/python3.12/site-packages/videeps_pkg/srv/_set_target_object_s.c
[3.734s] -- Installing: /home/videep/ROS2/projectStuff/ros_bot/install/videeps_pkg/lib/python3.12/site-packages/videeps_pkg/videeps_pkg_s__rosidl_typesupport_c.so
[3.735s] -- Installing: /home/videep/ROS2/projectStuff/ros_bot/install/videeps_pkg/lib/python3.12/site-packages/videeps_pkg/__init__.py
[3.735s] -- Installing: /home/videep/ROS2/projectStuff/ros_bot/install/videeps_pkg/lib/python3.12/site-packages/videeps_pkg/_videeps_pkg_s.ep.rosidl_typesupport_introspection_c.c
[3.735s] -- Installing: /home/videep/ROS2/projectStuff/ros_bot/install/videeps_pkg/lib/python3.12/site-packages/videeps_pkg/_videeps_pkg_s.ep.rosidl_typesupport_fastrtps_c.c
[3.735s] -- Installing: /home/videep/ROS2/projectStuff/ros_bot/install/videeps_pkg/lib/python3.12/site-packages/videeps_pkg/_videeps_pkg_s.ep.rosidl_typesupport_c.c
[3.735s] -- Installing: /home/videep/ROS2/projectStuff/ros_bot/install/videeps_pkg/lib/python3.12/site-packages/videeps_pkg/videeps_pkg_s__rosidl_typesupport_fastrtps_c.so
[3.788s] Listing '/home/videep/ROS2/projectStuff/ros_bot/install/videeps_pkg/lib/python3.12/site-packages/videeps_pkg'...
[3.788s] Compiling '/home/videep/ROS2/projectStuff/ros_bot/install/videeps_pkg/lib/python3.12/site-packages/videeps_pkg/__init__.py'...
[3.788s] Listing '/home/videep/ROS2/projectStuff/ros_bot/install/videeps_pkg/lib/python3.12/site-packages/videeps_pkg/srv'...
[3.788s] Compiling '/home/videep/ROS2/projectStuff/ros_bot/install/videeps_pkg/lib/python3.12/site-packages/videeps_pkg/srv/__init__.py'...
[3.788s] Compiling '/home/videep/ROS2/projectStuff/ros_bot/install/videeps_pkg/lib/python3.12/site-packages/videeps_pkg/srv/_set_target_object.py'...
[3.793s] -- Installing: /home/videep/ROS2/projectStuff/ros_bot/install/videeps_pkg/lib/python3.12/site-packages/videeps_pkg/videeps_pkg_s__rosidl_typesupport_fastrtps_c.so
[3.793s] -- Set non-toolchain portion of runtime path of "/home/videep/ROS2/projectStuff/ros_bot/install/videeps_pkg/lib/python3.12/site-packages/videeps_pkg/videeps_pkg_s__rosidl_typesupport_fastrtps_c.so" to ""
[3.793s] -- Installing: /home/videep/ROS2/projectStuff/ros_bot/install/videeps_pkg/lib/python3.12/site-packages/videeps_pkg/videeps_pkg_s__rosidl_typesupport_introspection_c.so
[3.794s] -- Set non-toolchain portion of runtime path of "/home/videep/ROS2/projectStuff/ros_bot/install/videeps_pkg/lib/python3.12/site-packages/videeps_pkg/videeps_pkg_s__rosidl_typesupport_introspection_c.so" to ""
[3.794s] -- Installing: /home/videep/ROS2/projectStuff/ros_bot/install/videeps_pkg/lib/python3.12/site-packages/videeps_pkg/videeps_pkg_s__rosidl_typesupport_c.so
[3.794s] -- Set non-toolchain portion of runtime path of "/home/videep/ROS2/projectStuff/ros_bot/install/videeps_pkg/lib/python3.12/site-packages/videeps_pkg/videeps_pkg_s__rosidl_typesupport_c.so" to ""
[3.794s] -- Installing: /home/videep/ROS2/projectStuff/ros_bot/install/videeps_pkg/lib/libvideeps_pkg__rosidl_generator_py.so
[3.794s] -- Set non-toolchain portion of runtime path of "/home/videep/ROS2/projectStuff/ros_bot/install/videeps_pkg/lib/libvideeps_pkg__rosidl_generator_py.so" to ""
[3.794s] -- Installing: /home/videep/ROS2/projectStuff/ros_bot/install/videeps_pkg/share/videeps_pkg/srv/SetTargetObject.idl
[3.794s] -- Installing: /home/videep/ROS2/projectStuff/ros_bot/install/videeps_pkg/share/videeps_pkg/srv/SetTargetObject.srv
[3.794s] -- Installing: /home/videep/ROS2/projectStuff/ros_bot/install/videeps_pkg/share/ament_index/resource_index/package_run_dependencies/videeps_pkg
[3.794s] -- Installing: /home/videep/ROS2/projectStuff/ros_bot/install/videeps_pkg/share/ament_index/resource_index/parent_prefix_path/videeps_pkg
[3.794s] -- Installing: /home/videep/ROS2/projectStuff/ros_bot/install/videeps_pkg/share/videeps_pkg/environment/ament_prefix_path.sh
[3.795s] -- Installing: /home/videep/ROS2/projectStuff/ros_bot/install/videeps_pkg/share/videeps_pkg/environment/ament_prefix_path.dsv
[3.795s] -- Installing: /home/videep/ROS2/projectStuff/ros_bot/install/videeps_pkg/share/videeps_pkg/environment/path.sh
[3.795s] -- Installing: /home/videep/ROS2/projectStuff/ros_bot/install/videeps_pkg/share/videeps_pkg/environment/path.dsv
[3.795s] -- Installing: /home/videep/ROS2/projectStuff/ros_bot/install/videeps_pkg/share/videeps_pkg/local_setup.bash
[3.795s] -- Installing: /home/videep/ROS2/projectStuff/ros_bot/install/videeps_pkg/share/videeps_pkg/local_setup.sh
[3.795s] -- Installing: /home/videep/ROS2/projectStuff/ros_bot/install/videeps_pkg/share/videeps_pkg/local_setup.zsh
[3.795s] -- Installing: /home/videep/ROS2/projectStuff/ros_bot/install/videeps_pkg/share/videeps_pkg/local_setup.dsv
[3.795s] -- Up-to-date: /home/videep/ROS2/projectStuff/ros_bot/install/videeps_pkg/share/videeps_pkg/package.dsv
[3.795s] -- Installing: /home/videep/ROS2/projectStuff/ros_bot/install/videeps_pkg/share/ament_index/resource_index/packages/videeps_pkg
[3.795s] -- Installing: /home/videep/ROS2/projectStuff/ros_bot/install/videeps_pkg/share/videeps_pkg/cmake/export_videeps_pkg__rosidl_generator_cExport.cmake
[3.795s] -- Installing: /home/videep/ROS2/projectStuff/ros_bot/install/videeps_pkg/share/videeps_pkg/cmake/export_videeps_pkg__rosidl_generator_cExport-noconfig.cmake
[3.795s] -- Installing: /home/videep/ROS2/projectStuff/ros_bot/install/videeps_pkg/share/videeps_pkg/cmake/export_videeps_pkg__rosidl_typesupport_fastrtps_cExport.cmake
[3.795s] -- Installing: /home/videep/ROS2/projectStuff/ros_bot/install/videeps_pkg/share/videeps_pkg/cmake/export_videeps_pkg__rosidl_typesupport_fastrtps_cExport-noconfig.cmake
[3.795s] -- Installing: /home/videep/ROS2/projectStuff/ros_bot/install/videeps_pkg/share/videeps_pkg/cmake/export_videeps_pkg__rosidl_generator_cppExport.cmake
[3.795s] -- Installing: /home/videep/ROS2/projectStuff/ros_bot/install/videeps_pkg/share/videeps_pkg/cmake/export_videeps_pkg__rosidl_typesupport_fastrtps_cppExport.cmake
[3.796s] -- Installing: /home/videep/ROS2/projectStuff/ros_bot/install/videeps_pkg/share/videeps_pkg/cmake/export_videeps_pkg__rosidl_typesupport_fastrtps_cppExport-noconfig.cmake
[3.796s] -- Installing: /home/videep/ROS2/projectStuff/ros_bot/install/videeps_pkg/share/videeps_pkg/cmake/videeps_pkg__rosidl_typesupport_introspection_cExport.cmake
[3.796s] -- Installing: /home/videep/ROS2/projectStuff/ros_bot/install/videeps_pkg/share/videeps_pkg/cmake/videeps_pkg__rosidl_typesupport_introspection_cExport-noconfig.cmake
[3.796s] -- Installing: /home/videep/ROS2/projectStuff/ros_bot/install/videeps_pkg/share/videeps_pkg/cmake/videeps_pkg__rosidl_typesupport_cExport.cmake
[3.796s] -- Installing: /home/videep/ROS2/projectStuff/ros_bot/install/videeps_pkg/share/videeps_pkg/cmake/videeps_pkg__rosidl_typesupport_cExport-noconfig.cmake
[3.796s] -- Installing: /home/videep/ROS2/projectStuff/ros_bot/install/videeps_pkg/share/videeps_pkg/cmake/videeps_pkg__rosidl_typesupport_introspection_cppExport.cmake
[3.796s] -- Installing: /home/videep/ROS2/projectStuff/ros_bot/install/videeps_pkg/share/videeps_pkg/cmake/videeps_pkg__rosidl_typesupport_introspection_cppExport-noconfig.cmake
[3.796s] -- Installing: /home/videep/ROS2/projectStuff/ros_bot/install/videeps_pkg/share/videeps_pkg/cmake/videeps_pkg__rosidl_typesupport_cppExport.cmake
[3.796s] -- Installing: /home/videep/ROS2/projectStuff/ros_bot/install/videeps_pkg/share/videeps_pkg/cmake/videeps_pkg__rosidl_typesupport_cppExport-noconfig.cmake
[3.796s] -- Installing: /home/videep/ROS2/projectStuff/ros_bot/install/videeps_pkg/share/videeps_pkg/cmake/export_videeps_pkg__rosidl_generator_pyExport.cmake
[3.796s] -- Installing: /home/videep/ROS2/projectStuff/ros_bot/install/videeps_pkg/share/videeps_pkg/cmake/export_videeps_pkg__rosidl_generator_pyExport-noconfig.cmake
[3.796s] -- Installing: /home/videep/ROS2/projectStuff/ros_bot/install/videeps_pkg/share/videeps_pkg/cmake/rosidl_cmake-extras.cmake
[3.797s] -- Installing: /home/videep/ROS2/projectStuff/ros_bot/install/videeps_pkg/share/videeps_pkg/cmake/ament_cmake_export_dependencies-extras.cmake
[3.797s] -- Installing: /home/videep/ROS2/projectStuff/ros_bot/install/videeps_pkg/share/videeps_pkg/cmake/ament_cmake_export_include_directories-extras.cmake
[3.797s] -- Installing: /home/videep/ROS2/projectStuff/ros_bot/install/videeps_pkg/share/videeps_pkg/cmake/ament_cmake_export_libraries-extras.cmake
[3.797s] -- Installing: /home/videep/ROS2/projectStuff/ros_bot/install/videeps_pkg/share/videeps_pkg/cmake/ament_cmake_export_targets-extras.cmake
[3.797s] -- Installing: /home/videep/ROS2/projectStuff/ros_bot/install/videeps_pkg/share/videeps_pkg/cmake/rosidl_cmake_export_typesupport_targets-extras.cmake
[3.797s] -- Installing: /home/videep/ROS2/projectStuff/ros_bot/install/videeps_pkg/share/videeps_pkg/cmake/rosidl_cmake_export_typesupport_libraries-extras.cmake
[3.797s] -- Installing: /home/videep/ROS2/projectStuff/ros_bot/install/videeps_pkg/share/videeps_pkg/cmake/videeps_pkgConfig.cmake
[3.797s] -- Installing: /home/videep/ROS2/projectStuff/ros_bot/install/videeps_pkg/share/videeps_pkg/cmake/videeps_pkgConfig-version.cmake
[3.797s] -- Installing: /home/videep/ROS2/projectStuff/ros_bot/install/videeps_pkg/share/videeps_pkg/package.xml
[3.800s] Invoked command in '/home/videep/ROS2/projectStuff/ros_bot/build/videeps_pkg' returned '0': CMAKE_PREFIX_PATH=${CMAKE_PREFIX_PATH}:/home/videep/ROS2/install/py_srvcli:/home/videep/ROS2/install/py_pubsub:/home/videep/ROS2/install/python_parameters:/home/videep/ROS2/install/my_package:/home/videep/ROS2/install/launch_testing_examples:/home/videep/ROS2/install/examples_rclpy_pointcloud_publisher:/home/videep/ROS2/install/examples_rclpy_minimal_subscriber:/home/videep/ROS2/install/examples_rclpy_minimal_service:/home/videep/ROS2/install/examples_rclpy_minimal_publisher:/home/videep/ROS2/install/examples_rclpy_minimal_client:/home/videep/ROS2/install/examples_rclpy_minimal_action_server:/home/videep/ROS2/install/examples_rclpy_minimal_action_client:/home/videep/ROS2/install/examples_rclpy_guard_conditions:/home/videep/ROS2/install/examples_rclpy_executors:/home/videep/ROS2/install/bme_ros2_tutorials_py:/opt/ros/jazzy DEBUGINFOD_URLS=https://debuginfod.ubuntu.com PS1=(videepsenv) \[\e]0;\u@\h: \w\a\]${debian_chroot:+($debian_chroot)}\[\033[01;32m\]\u@\h\[\033[00m\]:\[\033[01;34m\]\w\[\033[00m\]\$ VIRTUAL_ENV_PROMPT=(videepsenv) /usr/bin/cmake --install /home/videep/ROS2/projectStuff/ros_bot/build/videeps_pkg
