[0.027s] Invoking command in '/home/videep/ROS2/projectStuff/ros_bot/build/explore_lite': CMAKE_PREFIX_PATH=${CMAKE_PREFIX_PATH}:/home/videep/ROS2/install/py_srvcli:/home/videep/ROS2/install/py_pubsub:/home/videep/ROS2/install/python_parameters:/home/videep/ROS2/install/my_package:/home/videep/ROS2/install/launch_testing_examples:/home/videep/ROS2/install/examples_rclpy_pointcloud_publisher:/home/videep/ROS2/install/examples_rclpy_minimal_subscriber:/home/videep/ROS2/install/examples_rclpy_minimal_service:/home/videep/ROS2/install/examples_rclpy_minimal_publisher:/home/videep/ROS2/install/examples_rclpy_minimal_client:/home/videep/ROS2/install/examples_rclpy_minimal_action_server:/home/videep/ROS2/install/examples_rclpy_minimal_action_client:/home/videep/ROS2/install/examples_rclpy_guard_conditions:/home/videep/ROS2/install/examples_rclpy_executors:/home/videep/ROS2/install/bme_ros2_tutorials_py:/opt/ros/jazzy DEBUGINFOD_URLS=https://debuginfod.ubuntu.com PS1=\[\e]0;\u@\h: \w\a\]${debian_chroot:+($debian_chroot)}\[\033[01;32m\]\u@\h\[\033[00m\]:\[\033[01;34m\]\w\[\033[00m\]\$ /usr/bin/cmake /home/videep/ROS2/projectStuff/ros_bot/src/explore -DCMAKE_INSTALL_PREFIX=/home/videep/ROS2/projectStuff/ros_bot/install/explore_lite
[0.047s] -- BuilD for ROS2: jazzy
[0.047s] -- Found ament_cmake: 2.5.4 (/opt/ros/jazzy/share/ament_cmake/cmake)
[0.412s] -- Found rclcpp: 28.1.10 (/opt/ros/jazzy/share/rclcpp/cmake)
[0.462s] -- Found rosidl_generator_c: 4.6.5 (/opt/ros/jazzy/share/rosidl_generator_c/cmake)
[0.478s] -- Found rosidl_generator_cpp: 4.6.5 (/opt/ros/jazzy/share/rosidl_generator_cpp/cmake)
[0.498s] -- Using all available rosidl_typesupport_c: rosidl_typesupport_fastrtps_c;rosidl_typesupport_introspection_c
[0.521s] -- Using all available rosidl_typesupport_cpp: rosidl_typesupport_fastrtps_cpp;rosidl_typesupport_introspection_cpp
[0.620s] -- Found rmw_implementation_cmake: 7.3.2 (/opt/ros/jazzy/share/rmw_implementation_cmake/cmake)
[0.624s] -- Found rmw_fastrtps_cpp: 8.4.2 (/opt/ros/jazzy/share/rmw_fastrtps_cpp/cmake)
[0.734s] -- Using RMW implementation 'rmw_fastrtps_cpp' as default
[0.839s] -- Found std_msgs: 5.3.6 (/opt/ros/jazzy/share/std_msgs/cmake)
[0.860s] -- Found sensor_msgs: 5.3.6 (/opt/ros/jazzy/share/sensor_msgs/cmake)
[0.921s] -- Found tf2_ros: 0.36.12 (/opt/ros/jazzy/share/tf2_ros/cmake)
[1.115s] -- Found tf2_geometry_msgs: 0.36.12 (/opt/ros/jazzy/share/tf2_geometry_msgs/cmake)
[1.121s] -- Found eigen3_cmake_module: 0.3.0 (/opt/ros/jazzy/share/eigen3_cmake_module/cmake)
[1.123s] -- Ensuring Eigen3 include directory is part of orocos-kdl CMake target
[1.126s] -- Found nav2_msgs: 1.3.7 (/opt/ros/jazzy/share/nav2_msgs/cmake)
[1.311s] -- Found map_msgs: 2.4.1 (/opt/ros/jazzy/share/map_msgs/cmake)
[1.354s] -- Found visualization_msgs: 5.3.6 (/opt/ros/jazzy/share/visualization_msgs/cmake)
[1.393s] -- Found nav2_costmap_2d: 1.3.7 (/opt/ros/jazzy/share/nav2_costmap_2d/cmake)
[1.571s] -- Found ament_lint_auto: 0.17.2 (/opt/ros/jazzy/share/ament_lint_auto/cmake)
[1.603s] Traceback (most recent call last):
[1.603s]   File "/opt/ros/jazzy/share/ament_cmake_core/cmake/core/package_xml_2_cmake.py", line 22, in <module>
[1.603s]     from catkin_pkg.package import parse_package_string
[1.603s] ModuleNotFoundError: No module named 'catkin_pkg'
[1.608s] [31mCMake Error at /opt/ros/jazzy/share/ament_cmake_core/cmake/core/ament_package_xml.cmake:95 (message):
[1.608s]   execute_process(/home/videep/.venvs/videepsenv/bin/python3
[1.608s]   /opt/ros/jazzy/share/ament_cmake_core/cmake/core/package_xml_2_cmake.py
[1.608s]   /home/videep/ROS2/projectStuff/ros_bot/src/explore/package.xml
[1.608s]   /home/videep/ROS2/projectStuff/ros_bot/build/explore_lite/ament_cmake_core/package.cmake)
[1.608s]   returned error code 1
[1.608s] Call Stack (most recent call first):
[1.608s]   /opt/ros/jazzy/share/ament_cmake_core/cmake/core/ament_package_xml.cmake:49 (_ament_package_xml)
[1.608s]   /opt/ros/jazzy/share/ament_lint_auto/cmake/ament_lint_auto_find_test_dependencies.cmake:31 (ament_package_xml)
[1.608s]   CMakeLists.txt:108 (ament_lint_auto_find_test_dependencies)
[1.608s] 
[1.609s] [0m
[1.609s] -- Configuring incomplete, errors occurred!
