[0.122s] DEBUG:colcon:Command line arguments: ['/usr/bin/colcon', 'build']
[0.122s] DEBUG:colcon:Parsed command line arguments: Namespace(log_base=None, log_level=None, verb_name='build', build_base='build', install_base='install', merge_install=False, symlink_install=False, test_result_base=None, continue_on_error=False, executor='parallel', parallel_workers=32, event_handlers=None, ignore_user_meta=False, metas=['./colcon.meta'], base_paths=['.'], packages_ignore=None, packages_ignore_regex=None, paths=None, packages_up_to=None, packages_up_to_regex=None, packages_above=None, packages_above_and_dependencies=None, packages_above_depth=None, packages_select_by_dep=None, packages_skip_by_dep=None, packages_skip_up_to=None, packages_select_build_failed=False, packages_skip_build_finished=False, packages_select_test_failures=False, packages_skip_test_passed=False, packages_select=None, packages_skip=None, packages_select_regex=None, packages_skip_regex=None, packages_start=None, packages_end=None, allow_overriding=[], cmake_args=None, cmake_target=None, cmake_target_skip_unavailable=False, cmake_clean_cache=False, cmake_clean_first=False, cmake_force_configure=False, ament_cmake_args=None, catkin_cmake_args=None, catkin_skip_building_tests=False, mixin_files=None, mixin=None, verb_parser=<colcon_mixin.mixin.mixin_argument.MixinArgumentDecorator object at 0x71e15c0af290>, verb_extension=<colcon_core.verb.build.BuildVerb object at 0x71e15c1cb680>, main=<bound method BuildVerb.main of <colcon_core.verb.build.BuildVerb object at 0x71e15c1cb680>>, mixin_verb=('build',))
[0.161s] Level 1:colcon.colcon_core.package_discovery:discover_packages(colcon_meta) check parameters
[0.161s] Level 1:colcon.colcon_core.package_discovery:discover_packages(recursive) check parameters
[0.161s] Level 1:colcon.colcon_core.package_discovery:discover_packages(ignore) check parameters
[0.161s] Level 1:colcon.colcon_core.package_discovery:discover_packages(path) check parameters
[0.161s] Level 1:colcon.colcon_core.package_discovery:discover_packages(colcon_meta) discover
[0.161s] Level 1:colcon.colcon_core.package_discovery:discover_packages(recursive) discover
[0.161s] INFO:colcon.colcon_core.package_discovery:Crawling recursively for packages in '/home/videep/ROS2/projectStuff/ros_bot'
[0.161s] Level 1:colcon.colcon_core.package_identification:_identify(.) by extensions ['ignore', 'ignore_ament_install']
[0.161s] Level 1:colcon.colcon_core.package_identification:_identify(.) by extension 'ignore'
[0.161s] Level 1:colcon.colcon_core.package_identification:_identify(.) by extension 'ignore_ament_install'
[0.161s] Level 1:colcon.colcon_core.package_identification:_identify(.) by extensions ['colcon_pkg']
[0.161s] Level 1:colcon.colcon_core.package_identification:_identify(.) by extension 'colcon_pkg'
[0.161s] Level 1:colcon.colcon_core.package_identification:_identify(.) by extensions ['colcon_meta']
[0.161s] Level 1:colcon.colcon_core.package_identification:_identify(.) by extension 'colcon_meta'
[0.161s] Level 1:colcon.colcon_core.package_identification:_identify(.) by extensions ['ros']
[0.161s] Level 1:colcon.colcon_core.package_identification:_identify(.) by extension 'ros'
[0.188s] Level 1:colcon.colcon_core.package_identification:_identify(.) by extensions ['cmake', 'python']
[0.188s] Level 1:colcon.colcon_core.package_identification:_identify(.) by extension 'cmake'
[0.188s] Level 1:colcon.colcon_core.package_identification:_identify(.) by extension 'python'
[0.188s] Level 1:colcon.colcon_core.package_identification:_identify(.) by extensions ['python_setup_py']
[0.188s] Level 1:colcon.colcon_core.package_identification:_identify(.) by extension 'python_setup_py'
[0.188s] Level 1:colcon.colcon_core.package_identification:_identify(build) by extensions ['ignore', 'ignore_ament_install']
[0.188s] Level 1:colcon.colcon_core.package_identification:_identify(build) by extension 'ignore'
[0.188s] Level 1:colcon.colcon_core.package_identification:_identify(build) ignored
[0.189s] Level 1:colcon.colcon_core.package_identification:_identify(install) by extensions ['ignore', 'ignore_ament_install']
[0.189s] Level 1:colcon.colcon_core.package_identification:_identify(install) by extension 'ignore'
[0.189s] Level 1:colcon.colcon_core.package_identification:_identify(install) ignored
[0.189s] Level 1:colcon.colcon_core.package_identification:_identify(log) by extensions ['ignore', 'ignore_ament_install']
[0.189s] Level 1:colcon.colcon_core.package_identification:_identify(log) by extension 'ignore'
[0.189s] Level 1:colcon.colcon_core.package_identification:_identify(log) ignored
[0.189s] Level 1:colcon.colcon_core.package_identification:_identify(src) by extensions ['ignore', 'ignore_ament_install']
[0.189s] Level 1:colcon.colcon_core.package_identification:_identify(src) by extension 'ignore'
[0.189s] Level 1:colcon.colcon_core.package_identification:_identify(src) by extension 'ignore_ament_install'
[0.189s] Level 1:colcon.colcon_core.package_identification:_identify(src) by extensions ['colcon_pkg']
[0.189s] Level 1:colcon.colcon_core.package_identification:_identify(src) by extension 'colcon_pkg'
[0.189s] Level 1:colcon.colcon_core.package_identification:_identify(src) by extensions ['colcon_meta']
[0.189s] Level 1:colcon.colcon_core.package_identification:_identify(src) by extension 'colcon_meta'
[0.189s] Level 1:colcon.colcon_core.package_identification:_identify(src) by extensions ['ros']
[0.189s] Level 1:colcon.colcon_core.package_identification:_identify(src) by extension 'ros'
[0.189s] Level 1:colcon.colcon_core.package_identification:_identify(src) by extensions ['cmake', 'python']
[0.189s] Level 1:colcon.colcon_core.package_identification:_identify(src) by extension 'cmake'
[0.189s] Level 1:colcon.colcon_core.package_identification:_identify(src) by extension 'python'
[0.189s] Level 1:colcon.colcon_core.package_identification:_identify(src) by extensions ['python_setup_py']
[0.189s] Level 1:colcon.colcon_core.package_identification:_identify(src) by extension 'python_setup_py'
[0.189s] Level 1:colcon.colcon_core.package_identification:_identify(src/bme_gazebo_sensors_py) by extensions ['ignore', 'ignore_ament_install']
[0.190s] Level 1:colcon.colcon_core.package_identification:_identify(src/bme_gazebo_sensors_py) by extension 'ignore'
[0.190s] Level 1:colcon.colcon_core.package_identification:_identify(src/bme_gazebo_sensors_py) by extension 'ignore_ament_install'
[0.190s] Level 1:colcon.colcon_core.package_identification:_identify(src/bme_gazebo_sensors_py) by extensions ['colcon_pkg']
[0.190s] Level 1:colcon.colcon_core.package_identification:_identify(src/bme_gazebo_sensors_py) by extension 'colcon_pkg'
[0.190s] Level 1:colcon.colcon_core.package_identification:_identify(src/bme_gazebo_sensors_py) by extensions ['colcon_meta']
[0.190s] Level 1:colcon.colcon_core.package_identification:_identify(src/bme_gazebo_sensors_py) by extension 'colcon_meta'
[0.190s] Level 1:colcon.colcon_core.package_identification:_identify(src/bme_gazebo_sensors_py) by extensions ['ros']
[0.190s] Level 1:colcon.colcon_core.package_identification:_identify(src/bme_gazebo_sensors_py) by extension 'ros'
[0.192s] DEBUG:colcon.colcon_core.package_identification:Package 'src/bme_gazebo_sensors_py' with type 'ros.ament_python' and name 'bme_gazebo_sensors_py'
[0.192s] Level 1:colcon.colcon_core.package_identification:_identify(src/bme_ros2_navigation) by extensions ['ignore', 'ignore_ament_install']
[0.192s] Level 1:colcon.colcon_core.package_identification:_identify(src/bme_ros2_navigation) by extension 'ignore'
[0.192s] Level 1:colcon.colcon_core.package_identification:_identify(src/bme_ros2_navigation) by extension 'ignore_ament_install'
[0.192s] Level 1:colcon.colcon_core.package_identification:_identify(src/bme_ros2_navigation) by extensions ['colcon_pkg']
[0.192s] Level 1:colcon.colcon_core.package_identification:_identify(src/bme_ros2_navigation) by extension 'colcon_pkg'
[0.192s] Level 1:colcon.colcon_core.package_identification:_identify(src/bme_ros2_navigation) by extensions ['colcon_meta']
[0.192s] Level 1:colcon.colcon_core.package_identification:_identify(src/bme_ros2_navigation) by extension 'colcon_meta'
[0.192s] Level 1:colcon.colcon_core.package_identification:_identify(src/bme_ros2_navigation) by extensions ['ros']
[0.192s] Level 1:colcon.colcon_core.package_identification:_identify(src/bme_ros2_navigation) by extension 'ros'
[0.193s] DEBUG:colcon.colcon_core.package_identification:Package 'src/bme_ros2_navigation' with type 'ros.ament_cmake' and name 'bme_ros2_navigation'
[0.193s] Level 1:colcon.colcon_core.package_identification:_identify(src/explore) by extensions ['ignore', 'ignore_ament_install']
[0.193s] Level 1:colcon.colcon_core.package_identification:_identify(src/explore) by extension 'ignore'
[0.193s] Level 1:colcon.colcon_core.package_identification:_identify(src/explore) by extension 'ignore_ament_install'
[0.193s] Level 1:colcon.colcon_core.package_identification:_identify(src/explore) by extensions ['colcon_pkg']
[0.193s] Level 1:colcon.colcon_core.package_identification:_identify(src/explore) by extension 'colcon_pkg'
[0.193s] Level 1:colcon.colcon_core.package_identification:_identify(src/explore) by extensions ['colcon_meta']
[0.193s] Level 1:colcon.colcon_core.package_identification:_identify(src/explore) by extension 'colcon_meta'
[0.193s] Level 1:colcon.colcon_core.package_identification:_identify(src/explore) by extensions ['ros']
[0.193s] Level 1:colcon.colcon_core.package_identification:_identify(src/explore) by extension 'ros'
[0.194s] DEBUG:colcon.colcon_core.package_identification:Package 'src/explore' with type 'ros.ament_cmake' and name 'explore_lite'
[0.194s] Level 1:colcon.colcon_core.package_identification:_identify(src/object_finder) by extensions ['ignore', 'ignore_ament_install']
[0.194s] Level 1:colcon.colcon_core.package_identification:_identify(src/object_finder) by extension 'ignore'
[0.194s] Level 1:colcon.colcon_core.package_identification:_identify(src/object_finder) by extension 'ignore_ament_install'
[0.194s] Level 1:colcon.colcon_core.package_identification:_identify(src/object_finder) by extensions ['colcon_pkg']
[0.194s] Level 1:colcon.colcon_core.package_identification:_identify(src/object_finder) by extension 'colcon_pkg'
[0.195s] Level 1:colcon.colcon_core.package_identification:_identify(src/object_finder) by extensions ['colcon_meta']
[0.195s] Level 1:colcon.colcon_core.package_identification:_identify(src/object_finder) by extension 'colcon_meta'
[0.195s] Level 1:colcon.colcon_core.package_identification:_identify(src/object_finder) by extensions ['ros']
[0.195s] Level 1:colcon.colcon_core.package_identification:_identify(src/object_finder) by extension 'ros'
[0.195s] DEBUG:colcon.colcon_core.package_identification:Package 'src/object_finder' with type 'ros.ament_python' and name 'object_finder'
[0.195s] Level 1:colcon.colcon_core.package_identification:_identify(src/videeps_pkg) by extensions ['ignore', 'ignore_ament_install']
[0.195s] Level 1:colcon.colcon_core.package_identification:_identify(src/videeps_pkg) by extension 'ignore'
[0.195s] Level 1:colcon.colcon_core.package_identification:_identify(src/videeps_pkg) by extension 'ignore_ament_install'
[0.195s] Level 1:colcon.colcon_core.package_identification:_identify(src/videeps_pkg) by extensions ['colcon_pkg']
[0.195s] Level 1:colcon.colcon_core.package_identification:_identify(src/videeps_pkg) by extension 'colcon_pkg'
[0.195s] Level 1:colcon.colcon_core.package_identification:_identify(src/videeps_pkg) by extensions ['colcon_meta']
[0.195s] Level 1:colcon.colcon_core.package_identification:_identify(src/videeps_pkg) by extension 'colcon_meta'
[0.195s] Level 1:colcon.colcon_core.package_identification:_identify(src/videeps_pkg) by extensions ['ros']
[0.195s] Level 1:colcon.colcon_core.package_identification:_identify(src/videeps_pkg) by extension 'ros'
[0.196s] DEBUG:colcon.colcon_core.package_identification:Package 'src/videeps_pkg' with type 'ros.ament_cmake' and name 'videeps_pkg'
[0.196s] Level 1:colcon.colcon_core.package_discovery:discover_packages(recursive) using defaults
[0.196s] Level 1:colcon.colcon_core.package_discovery:discover_packages(ignore) discover
[0.196s] Level 1:colcon.colcon_core.package_discovery:discover_packages(ignore) using defaults
[0.196s] Level 1:colcon.colcon_core.package_discovery:discover_packages(path) discover
[0.196s] Level 1:colcon.colcon_core.package_discovery:discover_packages(path) using defaults
[0.215s] Level 1:colcon.colcon_core.package_discovery:discover_packages(prefix_path) check parameters
[0.215s] Level 1:colcon.colcon_core.package_discovery:discover_packages(prefix_path) discover
[0.219s] DEBUG:colcon.colcon_installed_package_information.package_discovery:Found 40 installed packages in /home/videep/ROS2/install
[0.221s] DEBUG:colcon.colcon_installed_package_information.package_discovery:Found 451 installed packages in /opt/ros/jazzy
[0.222s] Level 1:colcon.colcon_core.package_discovery:discover_packages(prefix_path) using defaults
[0.275s] Level 5:colcon.colcon_core.verb:set package 'bme_ros2_navigation' build argument 'cmake_args' from command line to 'None'
[0.276s] Level 5:colcon.colcon_core.verb:set package 'bme_ros2_navigation' build argument 'cmake_target' from command line to 'None'
[0.276s] Level 5:colcon.colcon_core.verb:set package 'bme_ros2_navigation' build argument 'cmake_target_skip_unavailable' from command line to 'False'
[0.276s] Level 5:colcon.colcon_core.verb:set package 'bme_ros2_navigation' build argument 'cmake_clean_cache' from command line to 'False'
[0.276s] Level 5:colcon.colcon_core.verb:set package 'bme_ros2_navigation' build argument 'cmake_clean_first' from command line to 'False'
[0.276s] Level 5:colcon.colcon_core.verb:set package 'bme_ros2_navigation' build argument 'cmake_force_configure' from command line to 'False'
[0.276s] Level 5:colcon.colcon_core.verb:set package 'bme_ros2_navigation' build argument 'ament_cmake_args' from command line to 'None'
[0.276s] Level 5:colcon.colcon_core.verb:set package 'bme_ros2_navigation' build argument 'catkin_cmake_args' from command line to 'None'
[0.276s] Level 5:colcon.colcon_core.verb:set package 'bme_ros2_navigation' build argument 'catkin_skip_building_tests' from command line to 'False'
[0.276s] DEBUG:colcon.colcon_core.verb:Building package 'bme_ros2_navigation' with the following arguments: {'ament_cmake_args': None, 'build_base': '/home/videep/ROS2/projectStuff/ros_bot/build/bme_ros2_navigation', 'catkin_cmake_args': None, 'catkin_skip_building_tests': False, 'cmake_args': None, 'cmake_clean_cache': False, 'cmake_clean_first': False, 'cmake_force_configure': False, 'cmake_target': None, 'cmake_target_skip_unavailable': False, 'install_base': '/home/videep/ROS2/projectStuff/ros_bot/install/bme_ros2_navigation', 'merge_install': False, 'path': '/home/videep/ROS2/projectStuff/ros_bot/src/bme_ros2_navigation', 'symlink_install': False, 'test_result_base': None}
[0.276s] Level 5:colcon.colcon_core.verb:set package 'explore_lite' build argument 'cmake_args' from command line to 'None'
[0.276s] Level 5:colcon.colcon_core.verb:set package 'explore_lite' build argument 'cmake_target' from command line to 'None'
[0.276s] Level 5:colcon.colcon_core.verb:set package 'explore_lite' build argument 'cmake_target_skip_unavailable' from command line to 'False'
[0.276s] Level 5:colcon.colcon_core.verb:set package 'explore_lite' build argument 'cmake_clean_cache' from command line to 'False'
[0.276s] Level 5:colcon.colcon_core.verb:set package 'explore_lite' build argument 'cmake_clean_first' from command line to 'False'
[0.276s] Level 5:colcon.colcon_core.verb:set package 'explore_lite' build argument 'cmake_force_configure' from command line to 'False'
[0.276s] Level 5:colcon.colcon_core.verb:set package 'explore_lite' build argument 'ament_cmake_args' from command line to 'None'
[0.276s] Level 5:colcon.colcon_core.verb:set package 'explore_lite' build argument 'catkin_cmake_args' from command line to 'None'
[0.276s] Level 5:colcon.colcon_core.verb:set package 'explore_lite' build argument 'catkin_skip_building_tests' from command line to 'False'
[0.276s] DEBUG:colcon.colcon_core.verb:Building package 'explore_lite' with the following arguments: {'ament_cmake_args': None, 'build_base': '/home/videep/ROS2/projectStuff/ros_bot/build/explore_lite', 'catkin_cmake_args': None, 'catkin_skip_building_tests': False, 'cmake_args': None, 'cmake_clean_cache': False, 'cmake_clean_first': False, 'cmake_force_configure': False, 'cmake_target': None, 'cmake_target_skip_unavailable': False, 'install_base': '/home/videep/ROS2/projectStuff/ros_bot/install/explore_lite', 'merge_install': False, 'path': '/home/videep/ROS2/projectStuff/ros_bot/src/explore', 'symlink_install': False, 'test_result_base': None}
[0.276s] Level 5:colcon.colcon_core.verb:set package 'object_finder' build argument 'cmake_args' from command line to 'None'
[0.276s] Level 5:colcon.colcon_core.verb:set package 'object_finder' build argument 'cmake_target' from command line to 'None'
[0.276s] Level 5:colcon.colcon_core.verb:set package 'object_finder' build argument 'cmake_target_skip_unavailable' from command line to 'False'
[0.276s] Level 5:colcon.colcon_core.verb:set package 'object_finder' build argument 'cmake_clean_cache' from command line to 'False'
[0.276s] Level 5:colcon.colcon_core.verb:set package 'object_finder' build argument 'cmake_clean_first' from command line to 'False'
[0.276s] Level 5:colcon.colcon_core.verb:set package 'object_finder' build argument 'cmake_force_configure' from command line to 'False'
[0.276s] Level 5:colcon.colcon_core.verb:set package 'object_finder' build argument 'ament_cmake_args' from command line to 'None'
[0.276s] Level 5:colcon.colcon_core.verb:set package 'object_finder' build argument 'catkin_cmake_args' from command line to 'None'
[0.276s] Level 5:colcon.colcon_core.verb:set package 'object_finder' build argument 'catkin_skip_building_tests' from command line to 'False'
[0.276s] DEBUG:colcon.colcon_core.verb:Building package 'object_finder' with the following arguments: {'ament_cmake_args': None, 'build_base': '/home/videep/ROS2/projectStuff/ros_bot/build/object_finder', 'catkin_cmake_args': None, 'catkin_skip_building_tests': False, 'cmake_args': None, 'cmake_clean_cache': False, 'cmake_clean_first': False, 'cmake_force_configure': False, 'cmake_target': None, 'cmake_target_skip_unavailable': False, 'install_base': '/home/videep/ROS2/projectStuff/ros_bot/install/object_finder', 'merge_install': False, 'path': '/home/videep/ROS2/projectStuff/ros_bot/src/object_finder', 'symlink_install': False, 'test_result_base': None}
[0.277s] Level 5:colcon.colcon_core.verb:set package 'videeps_pkg' build argument 'cmake_args' from command line to 'None'
[0.277s] Level 5:colcon.colcon_core.verb:set package 'videeps_pkg' build argument 'cmake_target' from command line to 'None'
[0.277s] Level 5:colcon.colcon_core.verb:set package 'videeps_pkg' build argument 'cmake_target_skip_unavailable' from command line to 'False'
[0.277s] Level 5:colcon.colcon_core.verb:set package 'videeps_pkg' build argument 'cmake_clean_cache' from command line to 'False'
[0.277s] Level 5:colcon.colcon_core.verb:set package 'videeps_pkg' build argument 'cmake_clean_first' from command line to 'False'
[0.277s] Level 5:colcon.colcon_core.verb:set package 'videeps_pkg' build argument 'cmake_force_configure' from command line to 'False'
[0.277s] Level 5:colcon.colcon_core.verb:set package 'videeps_pkg' build argument 'ament_cmake_args' from command line to 'None'
[0.277s] Level 5:colcon.colcon_core.verb:set package 'videeps_pkg' build argument 'catkin_cmake_args' from command line to 'None'
[0.277s] Level 5:colcon.colcon_core.verb:set package 'videeps_pkg' build argument 'catkin_skip_building_tests' from command line to 'False'
[0.277s] DEBUG:colcon.colcon_core.verb:Building package 'videeps_pkg' with the following arguments: {'ament_cmake_args': None, 'build_base': '/home/videep/ROS2/projectStuff/ros_bot/build/videeps_pkg', 'catkin_cmake_args': None, 'catkin_skip_building_tests': False, 'cmake_args': None, 'cmake_clean_cache': False, 'cmake_clean_first': False, 'cmake_force_configure': False, 'cmake_target': None, 'cmake_target_skip_unavailable': False, 'install_base': '/home/videep/ROS2/projectStuff/ros_bot/install/videeps_pkg', 'merge_install': False, 'path': '/home/videep/ROS2/projectStuff/ros_bot/src/videeps_pkg', 'symlink_install': False, 'test_result_base': None}
[0.277s] Level 5:colcon.colcon_core.verb:set package 'bme_gazebo_sensors_py' build argument 'cmake_args' from command line to 'None'
[0.277s] Level 5:colcon.colcon_core.verb:set package 'bme_gazebo_sensors_py' build argument 'cmake_target' from command line to 'None'
[0.277s] Level 5:colcon.colcon_core.verb:set package 'bme_gazebo_sensors_py' build argument 'cmake_target_skip_unavailable' from command line to 'False'
[0.277s] Level 5:colcon.colcon_core.verb:set package 'bme_gazebo_sensors_py' build argument 'cmake_clean_cache' from command line to 'False'
[0.277s] Level 5:colcon.colcon_core.verb:set package 'bme_gazebo_sensors_py' build argument 'cmake_clean_first' from command line to 'False'
[0.277s] Level 5:colcon.colcon_core.verb:set package 'bme_gazebo_sensors_py' build argument 'cmake_force_configure' from command line to 'False'
[0.277s] Level 5:colcon.colcon_core.verb:set package 'bme_gazebo_sensors_py' build argument 'ament_cmake_args' from command line to 'None'
[0.277s] Level 5:colcon.colcon_core.verb:set package 'bme_gazebo_sensors_py' build argument 'catkin_cmake_args' from command line to 'None'
[0.277s] Level 5:colcon.colcon_core.verb:set package 'bme_gazebo_sensors_py' build argument 'catkin_skip_building_tests' from command line to 'False'
[0.277s] DEBUG:colcon.colcon_core.verb:Building package 'bme_gazebo_sensors_py' with the following arguments: {'ament_cmake_args': None, 'build_base': '/home/videep/ROS2/projectStuff/ros_bot/build/bme_gazebo_sensors_py', 'catkin_cmake_args': None, 'catkin_skip_building_tests': False, 'cmake_args': None, 'cmake_clean_cache': False, 'cmake_clean_first': False, 'cmake_force_configure': False, 'cmake_target': None, 'cmake_target_skip_unavailable': False, 'install_base': '/home/videep/ROS2/projectStuff/ros_bot/install/bme_gazebo_sensors_py', 'merge_install': False, 'path': '/home/videep/ROS2/projectStuff/ros_bot/src/bme_gazebo_sensors_py', 'symlink_install': False, 'test_result_base': None}
[0.277s] INFO:colcon.colcon_core.executor:Executing jobs using 'parallel' executor
[0.278s] DEBUG:colcon.colcon_parallel_executor.executor.parallel:run_until_complete
[0.278s] INFO:colcon.colcon_ros.task.ament_cmake.build:Building ROS package in '/home/videep/ROS2/projectStuff/ros_bot/src/videeps_pkg' with build type 'ament_cmake'
[0.278s] INFO:colcon.colcon_cmake.task.cmake.build:Building CMake package in '/home/videep/ROS2/projectStuff/ros_bot/src/videeps_pkg'
[0.281s] INFO:colcon.colcon_core.plugin_system:Skipping extension 'colcon_core.shell.bat': Not used on non-Windows systems
[0.281s] INFO:colcon.colcon_core.shell:Skip shell extension 'powershell' for command environment: Not usable outside of PowerShell
[0.281s] DEBUG:colcon.colcon_core.shell:Skip shell extension 'dsv' for command environment
[0.286s] INFO:colcon.colcon_ros.task.ament_cmake.build:Building ROS package in '/home/videep/ROS2/projectStuff/ros_bot/src/bme_ros2_navigation' with build type 'ament_cmake'
[0.286s] INFO:colcon.colcon_cmake.task.cmake.build:Building CMake package in '/home/videep/ROS2/projectStuff/ros_bot/src/bme_ros2_navigation'
[0.286s] INFO:colcon.colcon_core.shell:Skip shell extension 'powershell' for command environment: Not usable outside of PowerShell
[0.286s] DEBUG:colcon.colcon_core.shell:Skip shell extension 'dsv' for command environment
[0.292s] INFO:colcon.colcon_ros.task.ament_cmake.build:Building ROS package in '/home/videep/ROS2/projectStuff/ros_bot/src/explore' with build type 'ament_cmake'
[0.292s] INFO:colcon.colcon_cmake.task.cmake.build:Building CMake package in '/home/videep/ROS2/projectStuff/ros_bot/src/explore'
[0.292s] INFO:colcon.colcon_core.shell:Skip shell extension 'powershell' for command environment: Not usable outside of PowerShell
[0.292s] DEBUG:colcon.colcon_core.shell:Skip shell extension 'dsv' for command environment
[0.298s] INFO:colcon.colcon_ros.task.ament_python.build:Building ROS package in '/home/videep/ROS2/projectStuff/ros_bot/src/object_finder' with build type 'ament_python'
[0.298s] Level 1:colcon.colcon_core.shell:create_environment_hook('object_finder', 'ament_prefix_path')
[0.298s] INFO:colcon.colcon_core.shell:Creating environment hook '/home/videep/ROS2/projectStuff/ros_bot/install/object_finder/share/object_finder/hook/ament_prefix_path.ps1'
[0.299s] INFO:colcon.colcon_core.shell:Creating environment descriptor '/home/videep/ROS2/projectStuff/ros_bot/install/object_finder/share/object_finder/hook/ament_prefix_path.dsv'
[0.299s] INFO:colcon.colcon_core.shell:Creating environment hook '/home/videep/ROS2/projectStuff/ros_bot/install/object_finder/share/object_finder/hook/ament_prefix_path.sh'
[0.300s] INFO:colcon.colcon_core.shell:Skip shell extension 'powershell' for command environment: Not usable outside of PowerShell
[0.300s] DEBUG:colcon.colcon_core.shell:Skip shell extension 'dsv' for command environment
[0.311s] DEBUG:colcon.colcon_core.event_handler.log_command:Invoking command in '/home/videep/ROS2/projectStuff/ros_bot/build/videeps_pkg': CMAKE_PREFIX_PATH=${CMAKE_PREFIX_PATH}:/home/videep/ROS2/install/py_srvcli:/home/videep/ROS2/install/py_pubsub:/home/videep/ROS2/install/python_parameters:/home/videep/ROS2/install/my_package:/home/videep/ROS2/install/launch_testing_examples:/home/videep/ROS2/install/examples_rclpy_pointcloud_publisher:/home/videep/ROS2/install/examples_rclpy_minimal_subscriber:/home/videep/ROS2/install/examples_rclpy_minimal_service:/home/videep/ROS2/install/examples_rclpy_minimal_publisher:/home/videep/ROS2/install/examples_rclpy_minimal_client:/home/videep/ROS2/install/examples_rclpy_minimal_action_server:/home/videep/ROS2/install/examples_rclpy_minimal_action_client:/home/videep/ROS2/install/examples_rclpy_guard_conditions:/home/videep/ROS2/install/examples_rclpy_executors:/home/videep/ROS2/install/bme_ros2_tutorials_py:/opt/ros/jazzy DEBUGINFOD_URLS=https://debuginfod.ubuntu.com PS1=(videepsenv) \[\e]0;\u@\h: \w\a\]${debian_chroot:+($debian_chroot)}\[\033[01;32m\]\u@\h\[\033[00m\]:\[\033[01;34m\]\w\[\033[00m\]\$ VIRTUAL_ENV_PROMPT=(videepsenv) /usr/bin/cmake /home/videep/ROS2/projectStuff/ros_bot/src/videeps_pkg -DCMAKE_INSTALL_PREFIX=/home/videep/ROS2/projectStuff/ros_bot/install/videeps_pkg
[0.314s] DEBUG:colcon.colcon_core.event_handler.log_command:Invoking command in '/home/videep/ROS2/projectStuff/ros_bot/build/bme_ros2_navigation': CMAKE_PREFIX_PATH=${CMAKE_PREFIX_PATH}:/home/videep/ROS2/install/py_srvcli:/home/videep/ROS2/install/py_pubsub:/home/videep/ROS2/install/python_parameters:/home/videep/ROS2/install/my_package:/home/videep/ROS2/install/launch_testing_examples:/home/videep/ROS2/install/examples_rclpy_pointcloud_publisher:/home/videep/ROS2/install/examples_rclpy_minimal_subscriber:/home/videep/ROS2/install/examples_rclpy_minimal_service:/home/videep/ROS2/install/examples_rclpy_minimal_publisher:/home/videep/ROS2/install/examples_rclpy_minimal_client:/home/videep/ROS2/install/examples_rclpy_minimal_action_server:/home/videep/ROS2/install/examples_rclpy_minimal_action_client:/home/videep/ROS2/install/examples_rclpy_guard_conditions:/home/videep/ROS2/install/examples_rclpy_executors:/home/videep/ROS2/install/bme_ros2_tutorials_py:/opt/ros/jazzy DEBUGINFOD_URLS=https://debuginfod.ubuntu.com PS1=(videepsenv) \[\e]0;\u@\h: \w\a\]${debian_chroot:+($debian_chroot)}\[\033[01;32m\]\u@\h\[\033[00m\]:\[\033[01;34m\]\w\[\033[00m\]\$ VIRTUAL_ENV_PROMPT=(videepsenv) /usr/bin/cmake --build /home/videep/ROS2/projectStuff/ros_bot/build/bme_ros2_navigation -- -j32 -l32
[0.318s] DEBUG:colcon.colcon_core.event_handler.log_command:Invoking command in '/home/videep/ROS2/projectStuff/ros_bot/build/explore_lite': CMAKE_PREFIX_PATH=${CMAKE_PREFIX_PATH}:/home/videep/ROS2/install/py_srvcli:/home/videep/ROS2/install/py_pubsub:/home/videep/ROS2/install/python_parameters:/home/videep/ROS2/install/my_package:/home/videep/ROS2/install/launch_testing_examples:/home/videep/ROS2/install/examples_rclpy_pointcloud_publisher:/home/videep/ROS2/install/examples_rclpy_minimal_subscriber:/home/videep/ROS2/install/examples_rclpy_minimal_service:/home/videep/ROS2/install/examples_rclpy_minimal_publisher:/home/videep/ROS2/install/examples_rclpy_minimal_client:/home/videep/ROS2/install/examples_rclpy_minimal_action_server:/home/videep/ROS2/install/examples_rclpy_minimal_action_client:/home/videep/ROS2/install/examples_rclpy_guard_conditions:/home/videep/ROS2/install/examples_rclpy_executors:/home/videep/ROS2/install/bme_ros2_tutorials_py:/opt/ros/jazzy DEBUGINFOD_URLS=https://debuginfod.ubuntu.com PS1=(videepsenv) \[\e]0;\u@\h: \w\a\]${debian_chroot:+($debian_chroot)}\[\033[01;32m\]\u@\h\[\033[00m\]:\[\033[01;34m\]\w\[\033[00m\]\$ VIRTUAL_ENV_PROMPT=(videepsenv) /usr/bin/cmake --build /home/videep/ROS2/projectStuff/ros_bot/build/explore_lite -- -j32 -l32
[0.702s] INFO:colcon.colcon_core.task.python.build:Building Python package in '/home/videep/ROS2/projectStuff/ros_bot/src/object_finder'
[0.703s] INFO:colcon.colcon_core.shell:Skip shell extension 'powershell' for command environment: Not usable outside of PowerShell
[0.703s] DEBUG:colcon.colcon_core.shell:Skip shell extension 'dsv' for command environment
[0.713s] DEBUG:colcon.colcon_core.event_handler.log_command:Invoked command in '/home/videep/ROS2/projectStuff/ros_bot/build/bme_ros2_navigation' returned '0': CMAKE_PREFIX_PATH=${CMAKE_PREFIX_PATH}:/home/videep/ROS2/install/py_srvcli:/home/videep/ROS2/install/py_pubsub:/home/videep/ROS2/install/python_parameters:/home/videep/ROS2/install/my_package:/home/videep/ROS2/install/launch_testing_examples:/home/videep/ROS2/install/examples_rclpy_pointcloud_publisher:/home/videep/ROS2/install/examples_rclpy_minimal_subscriber:/home/videep/ROS2/install/examples_rclpy_minimal_service:/home/videep/ROS2/install/examples_rclpy_minimal_publisher:/home/videep/ROS2/install/examples_rclpy_minimal_client:/home/videep/ROS2/install/examples_rclpy_minimal_action_server:/home/videep/ROS2/install/examples_rclpy_minimal_action_client:/home/videep/ROS2/install/examples_rclpy_guard_conditions:/home/videep/ROS2/install/examples_rclpy_executors:/home/videep/ROS2/install/bme_ros2_tutorials_py:/opt/ros/jazzy DEBUGINFOD_URLS=https://debuginfod.ubuntu.com PS1=(videepsenv) \[\e]0;\u@\h: \w\a\]${debian_chroot:+($debian_chroot)}\[\033[01;32m\]\u@\h\[\033[00m\]:\[\033[01;34m\]\w\[\033[00m\]\$ VIRTUAL_ENV_PROMPT=(videepsenv) /usr/bin/cmake --build /home/videep/ROS2/projectStuff/ros_bot/build/bme_ros2_navigation -- -j32 -l32
[0.731s] DEBUG:colcon.colcon_core.event_handler.log_command:Invoking command in '/home/videep/ROS2/projectStuff/ros_bot/build/bme_ros2_navigation': CMAKE_PREFIX_PATH=${CMAKE_PREFIX_PATH}:/home/videep/ROS2/install/py_srvcli:/home/videep/ROS2/install/py_pubsub:/home/videep/ROS2/install/python_parameters:/home/videep/ROS2/install/my_package:/home/videep/ROS2/install/launch_testing_examples:/home/videep/ROS2/install/examples_rclpy_pointcloud_publisher:/home/videep/ROS2/install/examples_rclpy_minimal_subscriber:/home/videep/ROS2/install/examples_rclpy_minimal_service:/home/videep/ROS2/install/examples_rclpy_minimal_publisher:/home/videep/ROS2/install/examples_rclpy_minimal_client:/home/videep/ROS2/install/examples_rclpy_minimal_action_server:/home/videep/ROS2/install/examples_rclpy_minimal_action_client:/home/videep/ROS2/install/examples_rclpy_guard_conditions:/home/videep/ROS2/install/examples_rclpy_executors:/home/videep/ROS2/install/bme_ros2_tutorials_py:/opt/ros/jazzy DEBUGINFOD_URLS=https://debuginfod.ubuntu.com PS1=(videepsenv) \[\e]0;\u@\h: \w\a\]${debian_chroot:+($debian_chroot)}\[\033[01;32m\]\u@\h\[\033[00m\]:\[\033[01;34m\]\w\[\033[00m\]\$ VIRTUAL_ENV_PROMPT=(videepsenv) /usr/bin/cmake --install /home/videep/ROS2/projectStuff/ros_bot/build/bme_ros2_navigation
[0.755s] Level 1:colcon.colcon_core.environment:create_environment_scripts_only(bme_ros2_navigation)
[0.760s] DEBUG:colcon.colcon_core.event_handler.log_command:Invoked command in '/home/videep/ROS2/projectStuff/ros_bot/build/bme_ros2_navigation' returned '0': CMAKE_PREFIX_PATH=${CMAKE_PREFIX_PATH}:/home/videep/ROS2/install/py_srvcli:/home/videep/ROS2/install/py_pubsub:/home/videep/ROS2/install/python_parameters:/home/videep/ROS2/install/my_package:/home/videep/ROS2/install/launch_testing_examples:/home/videep/ROS2/install/examples_rclpy_pointcloud_publisher:/home/videep/ROS2/install/examples_rclpy_minimal_subscriber:/home/videep/ROS2/install/examples_rclpy_minimal_service:/home/videep/ROS2/install/examples_rclpy_minimal_publisher:/home/videep/ROS2/install/examples_rclpy_minimal_client:/home/videep/ROS2/install/examples_rclpy_minimal_action_server:/home/videep/ROS2/install/examples_rclpy_minimal_action_client:/home/videep/ROS2/install/examples_rclpy_guard_conditions:/home/videep/ROS2/install/examples_rclpy_executors:/home/videep/ROS2/install/bme_ros2_tutorials_py:/opt/ros/jazzy DEBUGINFOD_URLS=https://debuginfod.ubuntu.com PS1=(videepsenv) \[\e]0;\u@\h: \w\a\]${debian_chroot:+($debian_chroot)}\[\033[01;32m\]\u@\h\[\033[00m\]:\[\033[01;34m\]\w\[\033[00m\]\$ VIRTUAL_ENV_PROMPT=(videepsenv) /usr/bin/cmake --install /home/videep/ROS2/projectStuff/ros_bot/build/bme_ros2_navigation
[0.765s] Level 1:colcon.colcon_core.environment:checking '/home/videep/ROS2/projectStuff/ros_bot/install/bme_ros2_navigation' for CMake module files
[0.766s] Level 1:colcon.colcon_core.environment:checking '/home/videep/ROS2/projectStuff/ros_bot/install/bme_ros2_navigation' for CMake config files
[0.766s] Level 1:colcon.colcon_core.shell:create_environment_hook('bme_ros2_navigation', 'cmake_prefix_path')
[0.767s] INFO:colcon.colcon_core.shell:Creating environment hook '/home/videep/ROS2/projectStuff/ros_bot/install/bme_ros2_navigation/share/bme_ros2_navigation/hook/cmake_prefix_path.ps1'
[0.768s] INFO:colcon.colcon_core.shell:Creating environment descriptor '/home/videep/ROS2/projectStuff/ros_bot/install/bme_ros2_navigation/share/bme_ros2_navigation/hook/cmake_prefix_path.dsv'
[0.768s] INFO:colcon.colcon_core.shell:Creating environment hook '/home/videep/ROS2/projectStuff/ros_bot/install/bme_ros2_navigation/share/bme_ros2_navigation/hook/cmake_prefix_path.sh'
[0.770s] Level 1:colcon.colcon_core.environment:checking '/home/videep/ROS2/projectStuff/ros_bot/install/bme_ros2_navigation/bin'
[0.770s] Level 1:colcon.colcon_core.environment:checking '/home/videep/ROS2/projectStuff/ros_bot/install/bme_ros2_navigation/lib/pkgconfig/bme_ros2_navigation.pc'
[0.770s] Level 1:colcon.colcon_core.environment:checking '/home/videep/ROS2/projectStuff/ros_bot/install/bme_ros2_navigation/lib/python3.12/site-packages'
[0.771s] Level 1:colcon.colcon_core.environment:checking '/home/videep/ROS2/projectStuff/ros_bot/install/bme_ros2_navigation/bin'
[0.771s] INFO:colcon.colcon_core.shell:Creating package script '/home/videep/ROS2/projectStuff/ros_bot/install/bme_ros2_navigation/share/bme_ros2_navigation/package.ps1'
[0.772s] INFO:colcon.colcon_core.shell:Creating package descriptor '/home/videep/ROS2/projectStuff/ros_bot/install/bme_ros2_navigation/share/bme_ros2_navigation/package.dsv'
[0.773s] INFO:colcon.colcon_core.shell:Creating package script '/home/videep/ROS2/projectStuff/ros_bot/install/bme_ros2_navigation/share/bme_ros2_navigation/package.sh'
[0.775s] INFO:colcon.colcon_core.shell:Creating package script '/home/videep/ROS2/projectStuff/ros_bot/install/bme_ros2_navigation/share/bme_ros2_navigation/package.bash'
[0.776s] INFO:colcon.colcon_core.shell:Creating package script '/home/videep/ROS2/projectStuff/ros_bot/install/bme_ros2_navigation/share/bme_ros2_navigation/package.zsh'
[0.777s] Level 1:colcon.colcon_core.environment:create_file_with_runtime_dependencies(/home/videep/ROS2/projectStuff/ros_bot/install/bme_ros2_navigation/share/colcon-core/packages/bme_ros2_navigation)
[0.778s] Level 1:colcon.colcon_core.environment:create_environment_scripts_only(bme_ros2_navigation)
[0.779s] Level 1:colcon.colcon_core.environment:checking '/home/videep/ROS2/projectStuff/ros_bot/install/bme_ros2_navigation' for CMake module files
[0.780s] Level 1:colcon.colcon_core.environment:checking '/home/videep/ROS2/projectStuff/ros_bot/install/bme_ros2_navigation' for CMake config files
[0.780s] Level 1:colcon.colcon_core.shell:create_environment_hook('bme_ros2_navigation', 'cmake_prefix_path')
[0.781s] INFO:colcon.colcon_core.shell:Creating environment hook '/home/videep/ROS2/projectStuff/ros_bot/install/bme_ros2_navigation/share/bme_ros2_navigation/hook/cmake_prefix_path.ps1'
[0.781s] INFO:colcon.colcon_core.shell:Creating environment descriptor '/home/videep/ROS2/projectStuff/ros_bot/install/bme_ros2_navigation/share/bme_ros2_navigation/hook/cmake_prefix_path.dsv'
[0.782s] INFO:colcon.colcon_core.shell:Creating environment hook '/home/videep/ROS2/projectStuff/ros_bot/install/bme_ros2_navigation/share/bme_ros2_navigation/hook/cmake_prefix_path.sh'
[0.783s] Level 1:colcon.colcon_core.environment:checking '/home/videep/ROS2/projectStuff/ros_bot/install/bme_ros2_navigation/bin'
[0.783s] Level 1:colcon.colcon_core.environment:checking '/home/videep/ROS2/projectStuff/ros_bot/install/bme_ros2_navigation/lib/pkgconfig/bme_ros2_navigation.pc'
[0.784s] Level 1:colcon.colcon_core.environment:checking '/home/videep/ROS2/projectStuff/ros_bot/install/bme_ros2_navigation/lib/python3.12/site-packages'
[0.784s] Level 1:colcon.colcon_core.environment:checking '/home/videep/ROS2/projectStuff/ros_bot/install/bme_ros2_navigation/bin'
[0.785s] INFO:colcon.colcon_core.shell:Creating package script '/home/videep/ROS2/projectStuff/ros_bot/install/bme_ros2_navigation/share/bme_ros2_navigation/package.ps1'
[0.786s] INFO:colcon.colcon_core.shell:Creating package descriptor '/home/videep/ROS2/projectStuff/ros_bot/install/bme_ros2_navigation/share/bme_ros2_navigation/package.dsv'
[0.787s] INFO:colcon.colcon_core.shell:Creating package script '/home/videep/ROS2/projectStuff/ros_bot/install/bme_ros2_navigation/share/bme_ros2_navigation/package.sh'
[0.788s] INFO:colcon.colcon_core.shell:Creating package script '/home/videep/ROS2/projectStuff/ros_bot/install/bme_ros2_navigation/share/bme_ros2_navigation/package.bash'
[0.789s] INFO:colcon.colcon_core.shell:Creating package script '/home/videep/ROS2/projectStuff/ros_bot/install/bme_ros2_navigation/share/bme_ros2_navigation/package.zsh'
[0.789s] Level 1:colcon.colcon_core.environment:create_file_with_runtime_dependencies(/home/videep/ROS2/projectStuff/ros_bot/install/bme_ros2_navigation/share/colcon-core/packages/bme_ros2_navigation)
[1.738s] DEBUG:colcon.colcon_core.event_handler.log_command:Invoking command in '/home/videep/ROS2/projectStuff/ros_bot/src/object_finder': DEBUGINFOD_URLS=https://debuginfod.ubuntu.com PS1=(videepsenv) \[\e]0;\u@\h: \w\a\]${debian_chroot:+($debian_chroot)}\[\033[01;32m\]\u@\h\[\033[00m\]:\[\033[01;34m\]\w\[\033[00m\]\$ PYTHONPATH=/home/videep/ROS2/projectStuff/ros_bot/build/object_finder/prefix_override:/usr/lib/python3/dist-packages/colcon_core/task/python/colcon_distutils_commands:/home/videep/ROS2/projectStuff/ros_bot/install/object_finder/lib/python3.12/site-packages:${PYTHONPATH} VIRTUAL_ENV_PROMPT=(videepsenv) /usr/bin/python3 -W ignore:setup.py install is deprecated -W ignore:easy_install command is deprecated setup.py egg_info --egg-base ../../build/object_finder build --build-base /home/videep/ROS2/projectStuff/ros_bot/build/object_finder/build install --record /home/videep/ROS2/projectStuff/ros_bot/build/object_finder/install.log --single-version-externally-managed install_data
[2.647s] Level 1:colcon.colcon_core.environment:checking '/home/videep/ROS2/projectStuff/ros_bot/install/object_finder' for CMake module files
[2.647s] DEBUG:colcon.colcon_core.event_handler.log_command:Invoked command in '/home/videep/ROS2/projectStuff/ros_bot/src/object_finder' returned '0': DEBUGINFOD_URLS=https://debuginfod.ubuntu.com PS1=(videepsenv) \[\e]0;\u@\h: \w\a\]${debian_chroot:+($debian_chroot)}\[\033[01;32m\]\u@\h\[\033[00m\]:\[\033[01;34m\]\w\[\033[00m\]\$ PYTHONPATH=/home/videep/ROS2/projectStuff/ros_bot/build/object_finder/prefix_override:/usr/lib/python3/dist-packages/colcon_core/task/python/colcon_distutils_commands:/home/videep/ROS2/projectStuff/ros_bot/install/object_finder/lib/python3.12/site-packages:${PYTHONPATH} VIRTUAL_ENV_PROMPT=(videepsenv) /usr/bin/python3 -W ignore:setup.py install is deprecated -W ignore:easy_install command is deprecated setup.py egg_info --egg-base ../../build/object_finder build --build-base /home/videep/ROS2/projectStuff/ros_bot/build/object_finder/build install --record /home/videep/ROS2/projectStuff/ros_bot/build/object_finder/install.log --single-version-externally-managed install_data
[2.648s] Level 1:colcon.colcon_core.environment:checking '/home/videep/ROS2/projectStuff/ros_bot/install/object_finder' for CMake config files
[2.649s] Level 1:colcon.colcon_core.environment:checking '/home/videep/ROS2/projectStuff/ros_bot/install/object_finder/lib'
[2.649s] Level 1:colcon.colcon_core.environment:checking '/home/videep/ROS2/projectStuff/ros_bot/install/object_finder/bin'
[2.649s] Level 1:colcon.colcon_core.environment:checking '/home/videep/ROS2/projectStuff/ros_bot/install/object_finder/lib/pkgconfig/object_finder.pc'
[2.650s] Level 1:colcon.colcon_core.environment:checking '/home/videep/ROS2/projectStuff/ros_bot/install/object_finder/lib/python3.12/site-packages'
[2.650s] Level 1:colcon.colcon_core.shell:create_environment_hook('object_finder', 'pythonpath')
[2.650s] INFO:colcon.colcon_core.shell:Creating environment hook '/home/videep/ROS2/projectStuff/ros_bot/install/object_finder/share/object_finder/hook/pythonpath.ps1'
[2.651s] INFO:colcon.colcon_core.shell:Creating environment descriptor '/home/videep/ROS2/projectStuff/ros_bot/install/object_finder/share/object_finder/hook/pythonpath.dsv'
[2.651s] INFO:colcon.colcon_core.shell:Creating environment hook '/home/videep/ROS2/projectStuff/ros_bot/install/object_finder/share/object_finder/hook/pythonpath.sh'
[2.652s] Level 1:colcon.colcon_core.environment:checking '/home/videep/ROS2/projectStuff/ros_bot/install/object_finder/bin'
[2.652s] Level 1:colcon.colcon_core.environment:create_environment_scripts_only(object_finder)
[2.653s] INFO:colcon.colcon_core.shell:Creating package script '/home/videep/ROS2/projectStuff/ros_bot/install/object_finder/share/object_finder/package.ps1'
[2.653s] INFO:colcon.colcon_core.shell:Creating package descriptor '/home/videep/ROS2/projectStuff/ros_bot/install/object_finder/share/object_finder/package.dsv'
[2.654s] INFO:colcon.colcon_core.shell:Creating package script '/home/videep/ROS2/projectStuff/ros_bot/install/object_finder/share/object_finder/package.sh'
[2.654s] INFO:colcon.colcon_core.shell:Creating package script '/home/videep/ROS2/projectStuff/ros_bot/install/object_finder/share/object_finder/package.bash'
[2.655s] INFO:colcon.colcon_core.shell:Creating package script '/home/videep/ROS2/projectStuff/ros_bot/install/object_finder/share/object_finder/package.zsh'
[2.655s] Level 1:colcon.colcon_core.environment:create_file_with_runtime_dependencies(/home/videep/ROS2/projectStuff/ros_bot/install/object_finder/share/colcon-core/packages/object_finder)
[4.980s] DEBUG:colcon.colcon_core.event_handler.log_command:Invoked command in '/home/videep/ROS2/projectStuff/ros_bot/build/videeps_pkg' returned '0': CMAKE_PREFIX_PATH=${CMAKE_PREFIX_PATH}:/home/videep/ROS2/install/py_srvcli:/home/videep/ROS2/install/py_pubsub:/home/videep/ROS2/install/python_parameters:/home/videep/ROS2/install/my_package:/home/videep/ROS2/install/launch_testing_examples:/home/videep/ROS2/install/examples_rclpy_pointcloud_publisher:/home/videep/ROS2/install/examples_rclpy_minimal_subscriber:/home/videep/ROS2/install/examples_rclpy_minimal_service:/home/videep/ROS2/install/examples_rclpy_minimal_publisher:/home/videep/ROS2/install/examples_rclpy_minimal_client:/home/videep/ROS2/install/examples_rclpy_minimal_action_server:/home/videep/ROS2/install/examples_rclpy_minimal_action_client:/home/videep/ROS2/install/examples_rclpy_guard_conditions:/home/videep/ROS2/install/examples_rclpy_executors:/home/videep/ROS2/install/bme_ros2_tutorials_py:/opt/ros/jazzy DEBUGINFOD_URLS=https://debuginfod.ubuntu.com PS1=(videepsenv) \[\e]0;\u@\h: \w\a\]${debian_chroot:+($debian_chroot)}\[\033[01;32m\]\u@\h\[\033[00m\]:\[\033[01;34m\]\w\[\033[00m\]\$ VIRTUAL_ENV_PROMPT=(videepsenv) /usr/bin/cmake /home/videep/ROS2/projectStuff/ros_bot/src/videeps_pkg -DCMAKE_INSTALL_PREFIX=/home/videep/ROS2/projectStuff/ros_bot/install/videeps_pkg
[4.982s] DEBUG:colcon.colcon_core.event_handler.log_command:Invoking command in '/home/videep/ROS2/projectStuff/ros_bot/build/videeps_pkg': CMAKE_PREFIX_PATH=${CMAKE_PREFIX_PATH}:/home/videep/ROS2/install/py_srvcli:/home/videep/ROS2/install/py_pubsub:/home/videep/ROS2/install/python_parameters:/home/videep/ROS2/install/my_package:/home/videep/ROS2/install/launch_testing_examples:/home/videep/ROS2/install/examples_rclpy_pointcloud_publisher:/home/videep/ROS2/install/examples_rclpy_minimal_subscriber:/home/videep/ROS2/install/examples_rclpy_minimal_service:/home/videep/ROS2/install/examples_rclpy_minimal_publisher:/home/videep/ROS2/install/examples_rclpy_minimal_client:/home/videep/ROS2/install/examples_rclpy_minimal_action_server:/home/videep/ROS2/install/examples_rclpy_minimal_action_client:/home/videep/ROS2/install/examples_rclpy_guard_conditions:/home/videep/ROS2/install/examples_rclpy_executors:/home/videep/ROS2/install/bme_ros2_tutorials_py:/opt/ros/jazzy DEBUGINFOD_URLS=https://debuginfod.ubuntu.com PS1=(videepsenv) \[\e]0;\u@\h: \w\a\]${debian_chroot:+($debian_chroot)}\[\033[01;32m\]\u@\h\[\033[00m\]:\[\033[01;34m\]\w\[\033[00m\]\$ VIRTUAL_ENV_PROMPT=(videepsenv) /usr/bin/cmake --build /home/videep/ROS2/projectStuff/ros_bot/build/videeps_pkg -- -j32 -l32
[5.656s] DEBUG:colcon.colcon_core.event_handler.log_command:Invoked command in '/home/videep/ROS2/projectStuff/ros_bot/build/videeps_pkg' returned '2': CMAKE_PREFIX_PATH=${CMAKE_PREFIX_PATH}:/home/videep/ROS2/install/py_srvcli:/home/videep/ROS2/install/py_pubsub:/home/videep/ROS2/install/python_parameters:/home/videep/ROS2/install/my_package:/home/videep/ROS2/install/launch_testing_examples:/home/videep/ROS2/install/examples_rclpy_pointcloud_publisher:/home/videep/ROS2/install/examples_rclpy_minimal_subscriber:/home/videep/ROS2/install/examples_rclpy_minimal_service:/home/videep/ROS2/install/examples_rclpy_minimal_publisher:/home/videep/ROS2/install/examples_rclpy_minimal_client:/home/videep/ROS2/install/examples_rclpy_minimal_action_server:/home/videep/ROS2/install/examples_rclpy_minimal_action_client:/home/videep/ROS2/install/examples_rclpy_guard_conditions:/home/videep/ROS2/install/examples_rclpy_executors:/home/videep/ROS2/install/bme_ros2_tutorials_py:/opt/ros/jazzy DEBUGINFOD_URLS=https://debuginfod.ubuntu.com PS1=(videepsenv) \[\e]0;\u@\h: \w\a\]${debian_chroot:+($debian_chroot)}\[\033[01;32m\]\u@\h\[\033[00m\]:\[\033[01;34m\]\w\[\033[00m\]\$ VIRTUAL_ENV_PROMPT=(videepsenv) /usr/bin/cmake --build /home/videep/ROS2/projectStuff/ros_bot/build/videeps_pkg -- -j32 -l32
[5.657s] Level 1:colcon.colcon_core.environment:create_environment_scripts_only(videeps_pkg)
[5.657s] Level 1:colcon.colcon_core.environment:checking '/home/videep/ROS2/projectStuff/ros_bot/install/videeps_pkg' for CMake module files
[5.658s] Level 1:colcon.colcon_core.environment:checking '/home/videep/ROS2/projectStuff/ros_bot/install/videeps_pkg' for CMake config files
[5.658s] Level 1:colcon.colcon_core.environment:checking '/home/videep/ROS2/projectStuff/ros_bot/install/videeps_pkg/bin'
[5.658s] Level 1:colcon.colcon_core.environment:checking '/home/videep/ROS2/projectStuff/ros_bot/install/videeps_pkg/lib/pkgconfig/videeps_pkg.pc'
[5.659s] Level 1:colcon.colcon_core.environment:checking '/home/videep/ROS2/projectStuff/ros_bot/install/videeps_pkg/lib/python3.12/site-packages'
[5.659s] Level 1:colcon.colcon_core.environment:checking '/home/videep/ROS2/projectStuff/ros_bot/install/videeps_pkg/bin'
[5.659s] INFO:colcon.colcon_core.shell:Creating package script '/home/videep/ROS2/projectStuff/ros_bot/install/videeps_pkg/share/videeps_pkg/package.ps1'
[5.660s] INFO:colcon.colcon_core.shell:Creating package descriptor '/home/videep/ROS2/projectStuff/ros_bot/install/videeps_pkg/share/videeps_pkg/package.dsv'
[5.661s] INFO:colcon.colcon_core.shell:Creating package script '/home/videep/ROS2/projectStuff/ros_bot/install/videeps_pkg/share/videeps_pkg/package.sh'
[5.661s] INFO:colcon.colcon_core.shell:Creating package script '/home/videep/ROS2/projectStuff/ros_bot/install/videeps_pkg/share/videeps_pkg/package.bash'
[5.662s] INFO:colcon.colcon_core.shell:Creating package script '/home/videep/ROS2/projectStuff/ros_bot/install/videeps_pkg/share/videeps_pkg/package.zsh'
[5.662s] Level 1:colcon.colcon_core.environment:create_file_with_runtime_dependencies(/home/videep/ROS2/projectStuff/ros_bot/install/videeps_pkg/share/colcon-core/packages/videeps_pkg)
[18.333s] DEBUG:colcon.colcon_parallel_executor.executor.parallel:closing loop
[18.333s] DEBUG:colcon.colcon_parallel_executor.executor.parallel:loop closed
[18.333s] DEBUG:colcon.colcon_parallel_executor.executor.parallel:run_until_complete finished with '2'
[18.334s] DEBUG:colcon.colcon_core.event_reactor:joining thread
[18.345s] INFO:colcon.colcon_core.plugin_system:Skipping extension 'colcon_notification.desktop_notification.terminal_notifier': Not used on non-Darwin systems
[18.345s] INFO:colcon.colcon_core.plugin_system:Skipping extension 'colcon_notification.desktop_notification.win32': Not used on non-Windows systems
[18.345s] INFO:colcon.colcon_notification.desktop_notification:Sending desktop notification using 'notify2'
[18.370s] DEBUG:colcon.colcon_core.event_reactor:joined thread
[18.371s] INFO:colcon.colcon_core.shell:Creating prefix script '/home/videep/ROS2/projectStuff/ros_bot/install/local_setup.ps1'
[18.372s] INFO:colcon.colcon_core.shell:Creating prefix util module '/home/videep/ROS2/projectStuff/ros_bot/install/_local_setup_util_ps1.py'
[18.373s] INFO:colcon.colcon_core.shell:Creating prefix chain script '/home/videep/ROS2/projectStuff/ros_bot/install/setup.ps1'
[18.376s] INFO:colcon.colcon_core.shell:Creating prefix script '/home/videep/ROS2/projectStuff/ros_bot/install/local_setup.sh'
[18.376s] INFO:colcon.colcon_core.shell:Creating prefix util module '/home/videep/ROS2/projectStuff/ros_bot/install/_local_setup_util_sh.py'
[18.377s] INFO:colcon.colcon_core.shell:Creating prefix chain script '/home/videep/ROS2/projectStuff/ros_bot/install/setup.sh'
[18.379s] INFO:colcon.colcon_core.shell:Creating prefix script '/home/videep/ROS2/projectStuff/ros_bot/install/local_setup.bash'
[18.380s] INFO:colcon.colcon_core.shell:Creating prefix chain script '/home/videep/ROS2/projectStuff/ros_bot/install/setup.bash'
[18.382s] INFO:colcon.colcon_core.shell:Creating prefix script '/home/videep/ROS2/projectStuff/ros_bot/install/local_setup.zsh'
[18.382s] INFO:colcon.colcon_core.shell:Creating prefix chain script '/home/videep/ROS2/projectStuff/ros_bot/install/setup.zsh'
