[0.023s] Invoking command in '/home/videep/ROS2/projectStuff/ros_bot/build/explore_lite': CMAKE_PREFIX_PATH=${CMAKE_PREFIX_PATH}:/home/videep/ROS2/install/py_srvcli:/home/videep/ROS2/install/py_pubsub:/home/videep/ROS2/install/python_parameters:/home/videep/ROS2/install/my_package:/home/videep/ROS2/install/launch_testing_examples:/home/videep/ROS2/install/examples_rclpy_pointcloud_publisher:/home/videep/ROS2/install/examples_rclpy_minimal_subscriber:/home/videep/ROS2/install/examples_rclpy_minimal_service:/home/videep/ROS2/install/examples_rclpy_minimal_publisher:/home/videep/ROS2/install/examples_rclpy_minimal_client:/home/videep/ROS2/install/examples_rclpy_minimal_action_server:/home/videep/ROS2/install/examples_rclpy_minimal_action_client:/home/videep/ROS2/install/examples_rclpy_guard_conditions:/home/videep/ROS2/install/examples_rclpy_executors:/home/videep/ROS2/install/bme_ros2_tutorials_py:/opt/ros/jazzy DEBUGINFOD_URLS=https://debuginfod.ubuntu.com PS1=(videepsenv) \[\e]0;\u@\h: \w\a\]${debian_chroot:+($debian_chroot)}\[\033[01;32m\]\u@\h\[\033[00m\]:\[\033[01;34m\]\w\[\033[00m\]\$ VIRTUAL_ENV_PROMPT=(videepsenv) /usr/bin/cmake --build /home/videep/ROS2/projectStuff/ros_bot/build/explore_lite -- -j32 -l32
[0.139s] [ 20%] Built target gtest
[0.140s] [ 40%] Built target gtest_main
[0.177s] [ 80%] Built target explore
[0.194s] [100%] Built target test_explore
[0.423s] Invoked command in '/home/videep/ROS2/projectStuff/ros_bot/build/explore_lite' returned '0': CMAKE_PREFIX_PATH=${CMAKE_PREFIX_PATH}:/home/videep/ROS2/install/py_srvcli:/home/videep/ROS2/install/py_pubsub:/home/videep/ROS2/install/python_parameters:/home/videep/ROS2/install/my_package:/home/videep/ROS2/install/launch_testing_examples:/home/videep/ROS2/install/examples_rclpy_pointcloud_publisher:/home/videep/ROS2/install/examples_rclpy_minimal_subscriber:/home/videep/ROS2/install/examples_rclpy_minimal_service:/home/videep/ROS2/install/examples_rclpy_minimal_publisher:/home/videep/ROS2/install/examples_rclpy_minimal_client:/home/videep/ROS2/install/examples_rclpy_minimal_action_server:/home/videep/ROS2/install/examples_rclpy_minimal_action_client:/home/videep/ROS2/install/examples_rclpy_guard_conditions:/home/videep/ROS2/install/examples_rclpy_executors:/home/videep/ROS2/install/bme_ros2_tutorials_py:/opt/ros/jazzy DEBUGINFOD_URLS=https://debuginfod.ubuntu.com PS1=(videepsenv) \[\e]0;\u@\h: \w\a\]${debian_chroot:+($debian_chroot)}\[\033[01;32m\]\u@\h\[\033[00m\]:\[\033[01;34m\]\w\[\033[00m\]\$ VIRTUAL_ENV_PROMPT=(videepsenv) /usr/bin/cmake --build /home/videep/ROS2/projectStuff/ros_bot/build/explore_lite -- -j32 -l32
[0.442s] Invoking command in '/home/videep/ROS2/projectStuff/ros_bot/build/explore_lite': CMAKE_PREFIX_PATH=${CMAKE_PREFIX_PATH}:/home/videep/ROS2/install/py_srvcli:/home/videep/ROS2/install/py_pubsub:/home/videep/ROS2/install/python_parameters:/home/videep/ROS2/install/my_package:/home/videep/ROS2/install/launch_testing_examples:/home/videep/ROS2/install/examples_rclpy_pointcloud_publisher:/home/videep/ROS2/install/examples_rclpy_minimal_subscriber:/home/videep/ROS2/install/examples_rclpy_minimal_service:/home/videep/ROS2/install/examples_rclpy_minimal_publisher:/home/videep/ROS2/install/examples_rclpy_minimal_client:/home/videep/ROS2/install/examples_rclpy_minimal_action_server:/home/videep/ROS2/install/examples_rclpy_minimal_action_client:/home/videep/ROS2/install/examples_rclpy_guard_conditions:/home/videep/ROS2/install/examples_rclpy_executors:/home/videep/ROS2/install/bme_ros2_tutorials_py:/opt/ros/jazzy DEBUGINFOD_URLS=https://debuginfod.ubuntu.com PS1=(videepsenv) \[\e]0;\u@\h: \w\a\]${debian_chroot:+($debian_chroot)}\[\033[01;32m\]\u@\h\[\033[00m\]:\[\033[01;34m\]\w\[\033[00m\]\$ VIRTUAL_ENV_PROMPT=(videepsenv) /usr/bin/cmake --install /home/videep/ROS2/projectStuff/ros_bot/build/explore_lite
[0.459s] -- Install configuration: ""
[0.459s] -- Installing: /home/videep/ROS2/projectStuff/ros_bot/install/explore_lite/include/explore/
[0.459s] -- Installing: /home/videep/ROS2/projectStuff/ros_bot/install/explore_lite/include/explore//explore.h
[0.460s] -- Installing: /home/videep/ROS2/projectStuff/ros_bot/install/explore_lite/include/explore//frontier_search.h
[0.460s] -- Installing: /home/videep/ROS2/projectStuff/ros_bot/install/explore_lite/include/explore//costmap_client.h
[0.460s] -- Installing: /home/videep/ROS2/projectStuff/ros_bot/install/explore_lite/include/explore//costmap_tools.h
[0.461s] -- Installing: /home/videep/ROS2/projectStuff/ros_bot/install/explore_lite/share/explore_lite/config
[0.462s] -- Installing: /home/videep/ROS2/projectStuff/ros_bot/install/explore_lite/share/explore_lite/config/params.yaml
[0.465s] -- Installing: /home/videep/ROS2/projectStuff/ros_bot/install/explore_lite/share/explore_lite/config/params_costmap.yaml
[0.465s] -- Installing: /home/videep/ROS2/projectStuff/ros_bot/install/explore_lite/share/explore_lite/launch
[0.465s] -- Installing: /home/videep/ROS2/projectStuff/ros_bot/install/explore_lite/share/explore_lite/launch/explore.launch.py
[0.465s] -- Installing: /home/videep/ROS2/projectStuff/ros_bot/install/explore_lite/lib/explore_lite/explore
[0.481s] -- Set non-toolchain portion of runtime path of "/home/videep/ROS2/projectStuff/ros_bot/install/explore_lite/lib/explore_lite/explore" to ""
[0.481s] -- Installing: /home/videep/ROS2/projectStuff/ros_bot/install/explore_lite/share/ament_index/resource_index/package_run_dependencies/explore_lite
[0.482s] -- Installing: /home/videep/ROS2/projectStuff/ros_bot/install/explore_lite/share/ament_index/resource_index/parent_prefix_path/explore_lite
[0.482s] -- Installing: /home/videep/ROS2/projectStuff/ros_bot/install/explore_lite/share/explore_lite/environment/ament_prefix_path.sh
[0.483s] -- Installing: /home/videep/ROS2/projectStuff/ros_bot/install/explore_lite/share/explore_lite/environment/ament_prefix_path.dsv
[0.483s] -- Installing: /home/videep/ROS2/projectStuff/ros_bot/install/explore_lite/share/explore_lite/environment/path.sh
[0.483s] -- Installing: /home/videep/ROS2/projectStuff/ros_bot/install/explore_lite/share/explore_lite/environment/path.dsv
[0.483s] -- Installing: /home/videep/ROS2/projectStuff/ros_bot/install/explore_lite/share/explore_lite/local_setup.bash
[0.483s] -- Installing: /home/videep/ROS2/projectStuff/ros_bot/install/explore_lite/share/explore_lite/local_setup.sh
[0.483s] -- Installing: /home/videep/ROS2/projectStuff/ros_bot/install/explore_lite/share/explore_lite/local_setup.zsh
[0.483s] -- Installing: /home/videep/ROS2/projectStuff/ros_bot/install/explore_lite/share/explore_lite/local_setup.dsv
[0.484s] -- Installing: /home/videep/ROS2/projectStuff/ros_bot/install/explore_lite/share/explore_lite/package.dsv
[0.484s] -- Installing: /home/videep/ROS2/projectStuff/ros_bot/install/explore_lite/share/ament_index/resource_index/packages/explore_lite
[0.484s] -- Installing: /home/videep/ROS2/projectStuff/ros_bot/install/explore_lite/share/explore_lite/cmake/ament_cmake_export_include_directories-extras.cmake
[0.484s] -- Installing: /home/videep/ROS2/projectStuff/ros_bot/install/explore_lite/share/explore_lite/cmake/explore_liteConfig.cmake
[0.484s] -- Installing: /home/videep/ROS2/projectStuff/ros_bot/install/explore_lite/share/explore_lite/cmake/explore_liteConfig-version.cmake
[0.484s] -- Installing: /home/videep/ROS2/projectStuff/ros_bot/install/explore_lite/share/explore_lite/package.xml
[0.492s] Invoked command in '/home/videep/ROS2/projectStuff/ros_bot/build/explore_lite' returned '0': CMAKE_PREFIX_PATH=${CMAKE_PREFIX_PATH}:/home/videep/ROS2/install/py_srvcli:/home/videep/ROS2/install/py_pubsub:/home/videep/ROS2/install/python_parameters:/home/videep/ROS2/install/my_package:/home/videep/ROS2/install/launch_testing_examples:/home/videep/ROS2/install/examples_rclpy_pointcloud_publisher:/home/videep/ROS2/install/examples_rclpy_minimal_subscriber:/home/videep/ROS2/install/examples_rclpy_minimal_service:/home/videep/ROS2/install/examples_rclpy_minimal_publisher:/home/videep/ROS2/install/examples_rclpy_minimal_client:/home/videep/ROS2/install/examples_rclpy_minimal_action_server:/home/videep/ROS2/install/examples_rclpy_minimal_action_client:/home/videep/ROS2/install/examples_rclpy_guard_conditions:/home/videep/ROS2/install/examples_rclpy_executors:/home/videep/ROS2/install/bme_ros2_tutorials_py:/opt/ros/jazzy DEBUGINFOD_URLS=https://debuginfod.ubuntu.com PS1=(videepsenv) \[\e]0;\u@\h: \w\a\]${debian_chroot:+($debian_chroot)}\[\033[01;32m\]\u@\h\[\033[00m\]:\[\033[01;34m\]\w\[\033[00m\]\$ VIRTUAL_ENV_PROMPT=(videepsenv) /usr/bin/cmake --install /home/videep/ROS2/projectStuff/ros_bot/build/explore_lite
