[0.953s] Invoking command in '/home/videep/ROS2/projectStuff/ros_bot/src/bme_gazebo_sensors_py': AMENT_PREFIX_PATH=/home/videep/ROS2/projectStuff/ros_bot/install/videeps_pkg:${AMENT_PREFIX_PATH} CMAKE_PREFIX_PATH=/home/videep/ROS2/projectStuff/ros_bot/install/videeps_pkg:${CMAKE_PREFIX_PATH} DEBUGINFOD_URLS=https://debuginfod.ubuntu.com LD_LIBRARY_PATH=/home/videep/ROS2/projectStuff/ros_bot/install/videeps_pkg/lib:${LD_LIBRARY_PATH} PS1=(videepsenv) \[\e]0;\u@\h: \w\a\]${debian_chroot:+($debian_chroot)}\[\033[01;32m\]\u@\h\[\033[00m\]:\[\033[01;34m\]\w\[\033[00m\]\$ PYTHONPATH=/home/videep/ROS2/projectStuff/ros_bot/build/bme_gazebo_sensors_py/prefix_override:/usr/lib/python3/dist-packages/colcon_core/task/python/colcon_distutils_commands:/home/videep/ROS2/projectStuff/ros_bot/install/bme_gazebo_sensors_py/lib/python3.12/site-packages:/home/videep/ROS2/projectStuff/ros_bot/install/videeps_pkg/lib/python3.12/site-packages:${PYTHONPATH} VIRTUAL_ENV_PROMPT=(videepsenv) /usr/bin/python3 -W ignore:setup.py install is deprecated -W ignore:easy_install command is deprecated setup.py egg_info --egg-base ../../build/bme_gazebo_sensors_py build --build-base /home/videep/ROS2/projectStuff/ros_bot/build/bme_gazebo_sensors_py/build install --record /home/videep/ROS2/projectStuff/ros_bot/build/bme_gazebo_sensors_py/install.log --single-version-externally-managed install_data
[1.230s] running egg_info
[1.230s] creating ../../build/bme_gazebo_sensors_py/bme_gazebo_sensors_py.egg-info
[1.249s] writing ../../build/bme_gazebo_sensors_py/bme_gazebo_sensors_py.egg-info/PKG-INFO
[1.249s] writing dependency_links to ../../build/bme_gazebo_sensors_py/bme_gazebo_sensors_py.egg-info/dependency_links.txt
[1.249s] writing entry points to ../../build/bme_gazebo_sensors_py/bme_gazebo_sensors_py.egg-info/entry_points.txt
[1.249s] writing requirements to ../../build/bme_gazebo_sensors_py/bme_gazebo_sensors_py.egg-info/requires.txt
[1.249s] writing top-level names to ../../build/bme_gazebo_sensors_py/bme_gazebo_sensors_py.egg-info/top_level.txt
[1.249s] writing manifest file '../../build/bme_gazebo_sensors_py/bme_gazebo_sensors_py.egg-info/SOURCES.txt'
[1.288s] reading manifest file '../../build/bme_gazebo_sensors_py/bme_gazebo_sensors_py.egg-info/SOURCES.txt'
[1.289s] writing manifest file '../../build/bme_gazebo_sensors_py/bme_gazebo_sensors_py.egg-info/SOURCES.txt'
[1.289s] running build
[1.289s] running build_py
[1.289s] creating /home/videep/ROS2/projectStuff/ros_bot/build/bme_gazebo_sensors_py/build
[1.289s] creating /home/videep/ROS2/projectStuff/ros_bot/build/bme_gazebo_sensors_py/build/lib
[1.289s] creating /home/videep/ROS2/projectStuff/ros_bot/build/bme_gazebo_sensors_py/build/lib/bme_gazebo_sensors_py
[1.289s] copying bme_gazebo_sensors_py/gps_waypoint_follower.py -> /home/videep/ROS2/projectStuff/ros_bot/build/bme_gazebo_sensors_py/build/lib/bme_gazebo_sensors_py
[1.289s] copying bme_gazebo_sensors_py/image_republisher.py -> /home/videep/ROS2/projectStuff/ros_bot/build/bme_gazebo_sensors_py/build/lib/bme_gazebo_sensors_py
[1.289s] copying bme_gazebo_sensors_py/chase_the_ball.py -> /home/videep/ROS2/projectStuff/ros_bot/build/bme_gazebo_sensors_py/build/lib/bme_gazebo_sensors_py
[1.289s] copying bme_gazebo_sensors_py/__init__.py -> /home/videep/ROS2/projectStuff/ros_bot/build/bme_gazebo_sensors_py/build/lib/bme_gazebo_sensors_py
[1.289s] copying bme_gazebo_sensors_py/haversine_test.py -> /home/videep/ROS2/projectStuff/ros_bot/build/bme_gazebo_sensors_py/build/lib/bme_gazebo_sensors_py
[1.289s] copying bme_gazebo_sensors_py/set_target_client.py -> /home/videep/ROS2/projectStuff/ros_bot/build/bme_gazebo_sensors_py/build/lib/bme_gazebo_sensors_py
[1.289s] copying bme_gazebo_sensors_py/object_detection.py -> /home/videep/ROS2/projectStuff/ros_bot/build/bme_gazebo_sensors_py/build/lib/bme_gazebo_sensors_py
[1.290s] running install
[1.296s] running install_lib
[1.318s] creating /home/videep/ROS2/projectStuff/ros_bot/install/bme_gazebo_sensors_py/lib/python3.12/site-packages/bme_gazebo_sensors_py
[1.318s] copying /home/videep/ROS2/projectStuff/ros_bot/build/bme_gazebo_sensors_py/build/lib/bme_gazebo_sensors_py/gps_waypoint_follower.py -> /home/videep/ROS2/projectStuff/ros_bot/install/bme_gazebo_sensors_py/lib/python3.12/site-packages/bme_gazebo_sensors_py
[1.318s] copying /home/videep/ROS2/projectStuff/ros_bot/build/bme_gazebo_sensors_py/build/lib/bme_gazebo_sensors_py/image_republisher.py -> /home/videep/ROS2/projectStuff/ros_bot/install/bme_gazebo_sensors_py/lib/python3.12/site-packages/bme_gazebo_sensors_py
[1.318s] copying /home/videep/ROS2/projectStuff/ros_bot/build/bme_gazebo_sensors_py/build/lib/bme_gazebo_sensors_py/chase_the_ball.py -> /home/videep/ROS2/projectStuff/ros_bot/install/bme_gazebo_sensors_py/lib/python3.12/site-packages/bme_gazebo_sensors_py
[1.319s] copying /home/videep/ROS2/projectStuff/ros_bot/build/bme_gazebo_sensors_py/build/lib/bme_gazebo_sensors_py/__init__.py -> /home/videep/ROS2/projectStuff/ros_bot/install/bme_gazebo_sensors_py/lib/python3.12/site-packages/bme_gazebo_sensors_py
[1.319s] copying /home/videep/ROS2/projectStuff/ros_bot/build/bme_gazebo_sensors_py/build/lib/bme_gazebo_sensors_py/haversine_test.py -> /home/videep/ROS2/projectStuff/ros_bot/install/bme_gazebo_sensors_py/lib/python3.12/site-packages/bme_gazebo_sensors_py
[1.319s] copying /home/videep/ROS2/projectStuff/ros_bot/build/bme_gazebo_sensors_py/build/lib/bme_gazebo_sensors_py/set_target_client.py -> /home/videep/ROS2/projectStuff/ros_bot/install/bme_gazebo_sensors_py/lib/python3.12/site-packages/bme_gazebo_sensors_py
[1.319s] copying /home/videep/ROS2/projectStuff/ros_bot/build/bme_gazebo_sensors_py/build/lib/bme_gazebo_sensors_py/object_detection.py -> /home/videep/ROS2/projectStuff/ros_bot/install/bme_gazebo_sensors_py/lib/python3.12/site-packages/bme_gazebo_sensors_py
[1.319s] byte-compiling /home/videep/ROS2/projectStuff/ros_bot/install/bme_gazebo_sensors_py/lib/python3.12/site-packages/bme_gazebo_sensors_py/gps_waypoint_follower.py to gps_waypoint_follower.cpython-312.pyc
[1.321s] byte-compiling /home/videep/ROS2/projectStuff/ros_bot/install/bme_gazebo_sensors_py/lib/python3.12/site-packages/bme_gazebo_sensors_py/image_republisher.py to image_republisher.cpython-312.pyc
[1.321s] byte-compiling /home/videep/ROS2/projectStuff/ros_bot/install/bme_gazebo_sensors_py/lib/python3.12/site-packages/bme_gazebo_sensors_py/chase_the_ball.py to chase_the_ball.cpython-312.pyc
[1.323s] byte-compiling /home/videep/ROS2/projectStuff/ros_bot/install/bme_gazebo_sensors_py/lib/python3.12/site-packages/bme_gazebo_sensors_py/__init__.py to __init__.cpython-312.pyc
[1.323s] byte-compiling /home/videep/ROS2/projectStuff/ros_bot/install/bme_gazebo_sensors_py/lib/python3.12/site-packages/bme_gazebo_sensors_py/haversine_test.py to haversine_test.cpython-312.pyc
[1.324s] byte-compiling /home/videep/ROS2/projectStuff/ros_bot/install/bme_gazebo_sensors_py/lib/python3.12/site-packages/bme_gazebo_sensors_py/set_target_client.py to set_target_client.cpython-312.pyc
[1.324s] byte-compiling /home/videep/ROS2/projectStuff/ros_bot/install/bme_gazebo_sensors_py/lib/python3.12/site-packages/bme_gazebo_sensors_py/object_detection.py to object_detection.cpython-312.pyc
[1.328s] running install_data
[1.328s] creating /home/videep/ROS2/projectStuff/ros_bot/install/bme_gazebo_sensors_py/share/ament_index
[1.328s] creating /home/videep/ROS2/projectStuff/ros_bot/install/bme_gazebo_sensors_py/share/ament_index/resource_index
[1.328s] creating /home/videep/ROS2/projectStuff/ros_bot/install/bme_gazebo_sensors_py/share/ament_index/resource_index/packages
[1.328s] copying resource/bme_gazebo_sensors_py -> /home/videep/ROS2/projectStuff/ros_bot/install/bme_gazebo_sensors_py/share/ament_index/resource_index/packages
[1.328s] copying package.xml -> /home/videep/ROS2/projectStuff/ros_bot/install/bme_gazebo_sensors_py/share/bme_gazebo_sensors_py
[1.328s] running install_egg_info
[1.349s] Copying ../../build/bme_gazebo_sensors_py/bme_gazebo_sensors_py.egg-info to /home/videep/ROS2/projectStuff/ros_bot/install/bme_gazebo_sensors_py/lib/python3.12/site-packages/bme_gazebo_sensors_py-1.0.0-py3.12.egg-info
[1.350s] running install_scripts
[1.482s] Installing chase_the_ball script to /home/videep/ROS2/projectStuff/ros_bot/install/bme_gazebo_sensors_py/lib/bme_gazebo_sensors_py
[1.482s] Installing gps_waypoint_follower script to /home/videep/ROS2/projectStuff/ros_bot/install/bme_gazebo_sensors_py/lib/bme_gazebo_sensors_py
[1.482s] Installing image_republisher script to /home/videep/ROS2/projectStuff/ros_bot/install/bme_gazebo_sensors_py/lib/bme_gazebo_sensors_py
[1.482s] Installing object_detect script to /home/videep/ROS2/projectStuff/ros_bot/install/bme_gazebo_sensors_py/lib/bme_gazebo_sensors_py
[1.482s] Installing set_target_client script to /home/videep/ROS2/projectStuff/ros_bot/install/bme_gazebo_sensors_py/lib/bme_gazebo_sensors_py
[1.482s] writing list of installed files to '/home/videep/ROS2/projectStuff/ros_bot/build/bme_gazebo_sensors_py/install.log'
[1.507s] Invoked command in '/home/videep/ROS2/projectStuff/ros_bot/src/bme_gazebo_sensors_py' returned '0': AMENT_PREFIX_PATH=/home/videep/ROS2/projectStuff/ros_bot/install/videeps_pkg:${AMENT_PREFIX_PATH} CMAKE_PREFIX_PATH=/home/videep/ROS2/projectStuff/ros_bot/install/videeps_pkg:${CMAKE_PREFIX_PATH} DEBUGINFOD_URLS=https://debuginfod.ubuntu.com LD_LIBRARY_PATH=/home/videep/ROS2/projectStuff/ros_bot/install/videeps_pkg/lib:${LD_LIBRARY_PATH} PS1=(videepsenv) \[\e]0;\u@\h: \w\a\]${debian_chroot:+($debian_chroot)}\[\033[01;32m\]\u@\h\[\033[00m\]:\[\033[01;34m\]\w\[\033[00m\]\$ PYTHONPATH=/home/videep/ROS2/projectStuff/ros_bot/build/bme_gazebo_sensors_py/prefix_override:/usr/lib/python3/dist-packages/colcon_core/task/python/colcon_distutils_commands:/home/videep/ROS2/projectStuff/ros_bot/install/bme_gazebo_sensors_py/lib/python3.12/site-packages:/home/videep/ROS2/projectStuff/ros_bot/install/videeps_pkg/lib/python3.12/site-packages:${PYTHONPATH} VIRTUAL_ENV_PROMPT=(videepsenv) /usr/bin/python3 -W ignore:setup.py install is deprecated -W ignore:easy_install command is deprecated setup.py egg_info --egg-base ../../build/bme_gazebo_sensors_py build --build-base /home/videep/ROS2/projectStuff/ros_bot/build/bme_gazebo_sensors_py/build install --record /home/videep/ROS2/projectStuff/ros_bot/build/bme_gazebo_sensors_py/install.log --single-version-externally-managed install_data
